[2019-11-10 16:17:29] local.ERROR: Symfony\Component\Debug\Exception\FatalThrowableError: Call to undefined method MongoDB\Driver\Server::executeReadCommand() in /home/abdoulaye/Bureau/Lumen/blog/vendor/mongodb/mongodb/src/Operation/ListCollections.php:136
Stack trace:
#0 /home/abdoulaye/Bureau/Lumen/blog/vendor/mongodb/mongodb/src/Operation/ListCollections.php(93): MongoDB\Operation\ListCollections->executeCommand(Object(MongoDB\Driver\Server))
#1 /home/abdoulaye/Bureau/Lumen/blog/vendor/mongodb/mongodb/src/Database.php(425): MongoDB\Operation\ListCollections->execute(Object(MongoDB\Driver\Server))
#2 /home/abdoulaye/Bureau/Lumen/blog/vendor/jenssegers/mongodb/src/Jenssegers/Mongodb/Schema/Builder.php(43): MongoDB\Database->listCollections()
#3 /home/abdoulaye/Bureau/Lumen/blog/vendor/jenssegers/mongodb/src/Jenssegers/Mongodb/Schema/Builder.php(57): Jenssegers\Mongodb\Schema\Builder->hasCollection('migrations')
#4 /home/abdoulaye/Bureau/Lumen/blog/vendor/illuminate/database/Migrations/DatabaseMigrationRepository.php(169): Jenssegers\Mongodb\Schema\Builder->hasTable('migrations')
#5 /home/abdoulaye/Bureau/Lumen/blog/vendor/illuminate/database/Migrations/Migrator.php(585): Illuminate\Database\Migrations\DatabaseMigrationRepository->repositoryExists()
#6 /home/abdoulaye/Bureau/Lumen/blog/vendor/illuminate/database/Console/Migrations/MigrateCommand.php(91): Illuminate\Database\Migrations\Migrator->repositoryExists()
#7 /home/abdoulaye/Bureau/Lumen/blog/vendor/illuminate/database/Console/Migrations/MigrateCommand.php(63): Illuminate\Database\Console\Migrations\MigrateCommand->prepareDatabase()
#8 [internal function]: Illuminate\Database\Console\Migrations\MigrateCommand->handle()
#9 /home/abdoulaye/Bureau/Lumen/blog/vendor/illuminate/container/BoundMethod.php(32): call_user_func_array(Array, Array)
#10 /home/abdoulaye/Bureau/Lumen/blog/vendor/illuminate/support/helpers.php(520): Illuminate\Container\BoundMethod::Illuminate\Container\{closure}()
#11 /home/abdoulaye/Bureau/Lumen/blog/vendor/illuminate/container/BoundMethod.php(90): value(Object(Closure))
#12 /home/abdoulaye/Bureau/Lumen/blog/vendor/illuminate/container/BoundMethod.php(34): Illuminate\Container\BoundMethod::callBoundMethod(Object(Laravel\Lumen\Application), Array, Object(Closure))
#13 /home/abdoulaye/Bureau/Lumen/blog/vendor/illuminate/container/Container.php(591): Illuminate\Container\BoundMethod::call(Object(Laravel\Lumen\Application), Array, Array, NULL)
#14 /home/abdoulaye/Bureau/Lumen/blog/vendor/illuminate/console/Command.php(202): Illuminate\Container\Container->call(Array)
#15 /home/abdoulaye/Bureau/Lumen/blog/vendor/symfony/console/Command/Command.php(255): Illuminate\Console\Command->execute(Object(Symfony\Component\Console\Input\ArgvInput), Object(Illuminate\Console\OutputStyle))
#16 /home/abdoulaye/Bureau/Lumen/blog/vendor/illuminate/console/Command.php(189): Symfony\Component\Console\Command\Command->run(Object(Symfony\Component\Console\Input\ArgvInput), Object(Illuminate\Console\OutputStyle))
#17 /home/abdoulaye/Bureau/Lumen/blog/vendor/symfony/console/Application.php(934): Illuminate\Console\Command->run(Object(Symfony\Component\Console\Input\ArgvInput), Object(Symfony\Component\Console\Output\ConsoleOutput))
#18 /home/abdoulaye/Bureau/Lumen/blog/vendor/symfony/console/Application.php(273): Symfony\Component\Console\Application->doRunCommand(Object(Illuminate\Database\Console\Migrations\MigrateCommand), Object(Symfony\Component\Console\Input\ArgvInput), Object(Symfony\Component\Console\Output\ConsoleOutput))
#19 /home/abdoulaye/Bureau/Lumen/blog/vendor/symfony/console/Application.php(149): Symfony\Component\Console\Application->doRun(Object(Symfony\Component\Console\Input\ArgvInput), Object(Symfony\Component\Console\Output\ConsoleOutput))
#20 /home/abdoulaye/Bureau/Lumen/blog/vendor/illuminate/console/Application.php(90): Symfony\Component\Console\Application->run(Object(Symfony\Component\Console\Input\ArgvInput), Object(Symfony\Component\Console\Output\ConsoleOutput))
#21 /home/abdoulaye/Bureau/Lumen/blog/vendor/laravel/lumen-framework/src/Console/Kernel.php(115): Illuminate\Console\Application->run(Object(Symfony\Component\Console\Input\ArgvInput), Object(Symfony\Component\Console\Output\ConsoleOutput))
#22 /home/abdoulaye/Bureau/Lumen/blog/artisan(35): Laravel\Lumen\Console\Kernel->handle(Object(Symfony\Component\Console\Input\ArgvInput), Object(Symfony\Component\Console\Output\ConsoleOutput))
#23 {main} {"exception":"[object] (Symfony\\Component\\Debug\\Exception\\FatalThrowableError(code: 0): Call to undefined method MongoDB\\Driver\\Server::executeReadCommand() at /home/abdoulaye/Bureau/Lumen/blog/vendor/mongodb/mongodb/src/Operation/ListCollections.php:136)
[stacktrace]
#0 /home/abdoulaye/Bureau/Lumen/blog/vendor/mongodb/mongodb/src/Operation/ListCollections.php(93): MongoDB\\Operation\\ListCollections->executeCommand(Object(MongoDB\\Driver\\Server))
#1 /home/abdoulaye/Bureau/Lumen/blog/vendor/mongodb/mongodb/src/Database.php(425): MongoDB\\Operation\\ListCollections->execute(Object(MongoDB\\Driver\\Server))
#2 /home/abdoulaye/Bureau/Lumen/blog/vendor/jenssegers/mongodb/src/Jenssegers/Mongodb/Schema/Builder.php(43): MongoDB\\Database->listCollections()
#3 /home/abdoulaye/Bureau/Lumen/blog/vendor/jenssegers/mongodb/src/Jenssegers/Mongodb/Schema/Builder.php(57): Jenssegers\\Mongodb\\Schema\\Builder->hasCollection('migrations')
#4 /home/abdoulaye/Bureau/Lumen/blog/vendor/illuminate/database/Migrations/DatabaseMigrationRepository.php(169): Jenssegers\\Mongodb\\Schema\\Builder->hasTable('migrations')
#5 /home/abdoulaye/Bureau/Lumen/blog/vendor/illuminate/database/Migrations/Migrator.php(585): Illuminate\\Database\\Migrations\\DatabaseMigrationRepository->repositoryExists()
#6 /home/abdoulaye/Bureau/Lumen/blog/vendor/illuminate/database/Console/Migrations/MigrateCommand.php(91): Illuminate\\Database\\Migrations\\Migrator->repositoryExists()
#7 /home/abdoulaye/Bureau/Lumen/blog/vendor/illuminate/database/Console/Migrations/MigrateCommand.php(63): Illuminate\\Database\\Console\\Migrations\\MigrateCommand->prepareDatabase()
#8 [internal function]: Illuminate\\Database\\Console\\Migrations\\MigrateCommand->handle()
#9 /home/abdoulaye/Bureau/Lumen/blog/vendor/illuminate/container/BoundMethod.php(32): call_user_func_array(Array, Array)
#10 /home/abdoulaye/Bureau/Lumen/blog/vendor/illuminate/support/helpers.php(520): Illuminate\\Container\\BoundMethod::Illuminate\\Container\\{closure}()
#11 /home/abdoulaye/Bureau/Lumen/blog/vendor/illuminate/container/BoundMethod.php(90): value(Object(Closure))
#12 /home/abdoulaye/Bureau/Lumen/blog/vendor/illuminate/container/BoundMethod.php(34): Illuminate\\Container\\BoundMethod::callBoundMethod(Object(Laravel\\Lumen\\Application), Array, Object(Closure))
#13 /home/abdoulaye/Bureau/Lumen/blog/vendor/illuminate/container/Container.php(591): Illuminate\\Container\\BoundMethod::call(Object(Laravel\\Lumen\\Application), Array, Array, NULL)
#14 /home/abdoulaye/Bureau/Lumen/blog/vendor/illuminate/console/Command.php(202): Illuminate\\Container\\Container->call(Array)
#15 /home/abdoulaye/Bureau/Lumen/blog/vendor/symfony/console/Command/Command.php(255): Illuminate\\Console\\Command->execute(Object(Symfony\\Component\\Console\\Input\\ArgvInput), Object(Illuminate\\Console\\OutputStyle))
#16 /home/abdoulaye/Bureau/Lumen/blog/vendor/illuminate/console/Command.php(189): Symfony\\Component\\Console\\Command\\Command->run(Object(Symfony\\Component\\Console\\Input\\ArgvInput), Object(Illuminate\\Console\\OutputStyle))
#17 /home/abdoulaye/Bureau/Lumen/blog/vendor/symfony/console/Application.php(934): Illuminate\\Console\\Command->run(Object(Symfony\\Component\\Console\\Input\\ArgvInput), Object(Symfony\\Component\\Console\\Output\\ConsoleOutput))
#18 /home/abdoulaye/Bureau/Lumen/blog/vendor/symfony/console/Application.php(273): Symfony\\Component\\Console\\Application->doRunCommand(Object(Illuminate\\Database\\Console\\Migrations\\MigrateCommand), Object(Symfony\\Component\\Console\\Input\\ArgvInput), Object(Symfony\\Component\\Console\\Output\\ConsoleOutput))
#19 /home/abdoulaye/Bureau/Lumen/blog/vendor/symfony/console/Application.php(149): Symfony\\Component\\Console\\Application->doRun(Object(Symfony\\Component\\Console\\Input\\ArgvInput), Object(Symfony\\Component\\Console\\Output\\ConsoleOutput))
#20 /home/abdoulaye/Bureau/Lumen/blog/vendor/illuminate/console/Application.php(90): Symfony\\Component\\Console\\Application->run(Object(Symfony\\Component\\Console\\Input\\ArgvInput), Object(Symfony\\Component\\Console\\Output\\ConsoleOutput))
#21 /home/abdoulaye/Bureau/Lumen/blog/vendor/laravel/lumen-framework/src/Console/Kernel.php(115): Illuminate\\Console\\Application->run(Object(Symfony\\Component\\Console\\Input\\ArgvInput), Object(Symfony\\Component\\Console\\Output\\ConsoleOutput))
#22 /home/abdoulaye/Bureau/Lumen/blog/artisan(35): Laravel\\Lumen\\Console\\Kernel->handle(Object(Symfony\\Component\\Console\\Input\\ArgvInput), Object(Symfony\\Component\\Console\\Output\\ConsoleOutput))
#23 {main}
"} 
