[2019-11-13 07:24:21] local.ERROR: Symfony\Component\Debug\Exception\FatalThrowableError: Call to a member function prepare() on null in /home/abdoulaye/Bureau/Lumen/blog/vendor/illuminate/database/Connection.php:327
Stack trace:
#0 /home/abdoulaye/Bureau/Lumen/blog/vendor/illuminate/database/Connection.php(658): Illuminate\Database\Connection->Illuminate\Database\{closure}('select * from "...', Array)
#1 /home/abdoulaye/Bureau/Lumen/blog/vendor/illuminate/database/Connection.php(625): Illuminate\Database\Connection->runQueryCallback('select * from "...', Array, Object(Closure))
#2 /home/abdoulaye/Bureau/Lumen/blog/vendor/illuminate/database/Connection.php(334): Illuminate\Database\Connection->run('select * from "...', Array, Object(Closure))
#3 /home/abdoulaye/Bureau/Lumen/blog/vendor/illuminate/database/Query/Builder.php(2130): Illuminate\Database\Connection->select('select * from "...', Array, true)
#4 /home/abdoulaye/Bureau/Lumen/blog/vendor/illuminate/database/Query/Builder.php(2118): Illuminate\Database\Query\Builder->runSelect()
#5 /home/abdoulaye/Bureau/Lumen/blog/vendor/illuminate/database/Query/Builder.php(2584): Illuminate\Database\Query\Builder->Illuminate\Database\Query\{closure}()
#6 /home/abdoulaye/Bureau/Lumen/blog/vendor/illuminate/database/Query/Builder.php(2119): Illuminate\Database\Query\Builder->onceWithColumns(Array, Object(Closure))
#7 /home/abdoulaye/Bureau/Lumen/blog/vendor/illuminate/database/Eloquent/Builder.php(521): Illuminate\Database\Query\Builder->get(Array)
#8 /home/abdoulaye/Bureau/Lumen/blog/vendor/illuminate/database/Eloquent/Builder.php(505): Illuminate\Database\Eloquent\Builder->getModels(Array)
#9 /home/abdoulaye/Bureau/Lumen/blog/vendor/illuminate/database/Concerns/BuildsQueries.php(143): Illuminate\Database\Eloquent\Builder->get(Array)
#10 /home/abdoulaye/Bureau/Lumen/blog/vendor/illuminate/auth/EloquentUserProvider.php(131): Illuminate\Database\Eloquent\Builder->first()
#11 /home/abdoulaye/Bureau/Lumen/blog/vendor/tymon/jwt-auth/src/JWTGuard.php(124): Illuminate\Auth\EloquentUserProvider->retrieveByCredentials(Array)
#12 /home/abdoulaye/Bureau/Lumen/blog/vendor/illuminate/auth/AuthManager.php(307): Tymon\JWTAuth\JWTGuard->attempt(Array)
#13 /home/abdoulaye/Bureau/Lumen/blog/vendor/illuminate/support/Facades/Facade.php(239): Illuminate\Auth\AuthManager->__call('attempt', Array)
#14 /home/abdoulaye/Bureau/Lumen/blog/app/Http/Controllers/AuthController.php(72): Illuminate\Support\Facades\Facade::__callStatic('attempt', Array)
#15 [internal function]: App\Http\Controllers\AuthController->login(Object(Laravel\Lumen\Http\Request))
#16 /home/abdoulaye/Bureau/Lumen/blog/vendor/illuminate/container/BoundMethod.php(32): call_user_func_array(Array, Array)
#17 /home/abdoulaye/Bureau/Lumen/blog/vendor/illuminate/support/helpers.php(520): Illuminate\Container\BoundMethod::Illuminate\Container\{closure}()
#18 /home/abdoulaye/Bureau/Lumen/blog/vendor/illuminate/container/BoundMethod.php(90): value(Object(Closure))
#19 /home/abdoulaye/Bureau/Lumen/blog/vendor/illuminate/container/BoundMethod.php(34): Illuminate\Container\BoundMethod::callBoundMethod(Object(Laravel\Lumen\Application), Array, Object(Closure))
#20 /home/abdoulaye/Bureau/Lumen/blog/vendor/illuminate/container/Container.php(591): Illuminate\Container\BoundMethod::call(Object(Laravel\Lumen\Application), Array, Array, NULL)
#21 /home/abdoulaye/Bureau/Lumen/blog/vendor/laravel/lumen-framework/src/Concerns/RoutesRequests.php(376): Illuminate\Container\Container->call(Array, Array)
#22 /home/abdoulaye/Bureau/Lumen/blog/vendor/laravel/lumen-framework/src/Concerns/RoutesRequests.php(342): Laravel\Lumen\Application->callControllerCallable(Array, Array)
#23 /home/abdoulaye/Bureau/Lumen/blog/vendor/laravel/lumen-framework/src/Concerns/RoutesRequests.php(316): Laravel\Lumen\Application->callLumenController(Object(App\Http\Controllers\AuthController), 'login', Array)
#24 /home/abdoulaye/Bureau/Lumen/blog/vendor/laravel/lumen-framework/src/Concerns/RoutesRequests.php(278): Laravel\Lumen\Application->callControllerAction(Array)
#25 /home/abdoulaye/Bureau/Lumen/blog/vendor/laravel/lumen-framework/src/Concerns/RoutesRequests.php(263): Laravel\Lumen\Application->callActionOnArrayBasedRoute(Array)
#26 /home/abdoulaye/Bureau/Lumen/blog/vendor/laravel/lumen-framework/src/Concerns/RoutesRequests.php(165): Laravel\Lumen\Application->handleFoundRoute(Array)
#27 /home/abdoulaye/Bureau/Lumen/blog/vendor/laravel/lumen-framework/src/Concerns/RoutesRequests.php(416): Laravel\Lumen\Application->Laravel\Lumen\Concerns\{closure}(Object(Laravel\Lumen\Http\Request))
#28 /home/abdoulaye/Bureau/Lumen/blog/vendor/laravel/lumen-framework/src/Concerns/RoutesRequests.php(171): Laravel\Lumen\Application->sendThroughPipeline(Array, Object(Closure))
#29 /home/abdoulaye/Bureau/Lumen/blog/vendor/laravel/lumen-framework/src/Concerns/RoutesRequests.php(108): Laravel\Lumen\Application->dispatch(NULL)
#30 /home/abdoulaye/Bureau/Lumen/blog/public/index.php(28): Laravel\Lumen\Application->run()
#31 {main} {"exception":"[object] (Symfony\\Component\\Debug\\Exception\\FatalThrowableError(code: 0): Call to a member function prepare() on null at /home/abdoulaye/Bureau/Lumen/blog/vendor/illuminate/database/Connection.php:327)
[stacktrace]
#0 /home/abdoulaye/Bureau/Lumen/blog/vendor/illuminate/database/Connection.php(658): Illuminate\\Database\\Connection->Illuminate\\Database\\{closure}('select * from \"...', Array)
#1 /home/abdoulaye/Bureau/Lumen/blog/vendor/illuminate/database/Connection.php(625): Illuminate\\Database\\Connection->runQueryCallback('select * from \"...', Array, Object(Closure))
#2 /home/abdoulaye/Bureau/Lumen/blog/vendor/illuminate/database/Connection.php(334): Illuminate\\Database\\Connection->run('select * from \"...', Array, Object(Closure))
#3 /home/abdoulaye/Bureau/Lumen/blog/vendor/illuminate/database/Query/Builder.php(2130): Illuminate\\Database\\Connection->select('select * from \"...', Array, true)
#4 /home/abdoulaye/Bureau/Lumen/blog/vendor/illuminate/database/Query/Builder.php(2118): Illuminate\\Database\\Query\\Builder->runSelect()
#5 /home/abdoulaye/Bureau/Lumen/blog/vendor/illuminate/database/Query/Builder.php(2584): Illuminate\\Database\\Query\\Builder->Illuminate\\Database\\Query\\{closure}()
#6 /home/abdoulaye/Bureau/Lumen/blog/vendor/illuminate/database/Query/Builder.php(2119): Illuminate\\Database\\Query\\Builder->onceWithColumns(Array, Object(Closure))
#7 /home/abdoulaye/Bureau/Lumen/blog/vendor/illuminate/database/Eloquent/Builder.php(521): Illuminate\\Database\\Query\\Builder->get(Array)
#8 /home/abdoulaye/Bureau/Lumen/blog/vendor/illuminate/database/Eloquent/Builder.php(505): Illuminate\\Database\\Eloquent\\Builder->getModels(Array)
#9 /home/abdoulaye/Bureau/Lumen/blog/vendor/illuminate/database/Concerns/BuildsQueries.php(143): Illuminate\\Database\\Eloquent\\Builder->get(Array)
#10 /home/abdoulaye/Bureau/Lumen/blog/vendor/illuminate/auth/EloquentUserProvider.php(131): Illuminate\\Database\\Eloquent\\Builder->first()
#11 /home/abdoulaye/Bureau/Lumen/blog/vendor/tymon/jwt-auth/src/JWTGuard.php(124): Illuminate\\Auth\\EloquentUserProvider->retrieveByCredentials(Array)
#12 /home/abdoulaye/Bureau/Lumen/blog/vendor/illuminate/auth/AuthManager.php(307): Tymon\\JWTAuth\\JWTGuard->attempt(Array)
#13 /home/abdoulaye/Bureau/Lumen/blog/vendor/illuminate/support/Facades/Facade.php(239): Illuminate\\Auth\\AuthManager->__call('attempt', Array)
#14 /home/abdoulaye/Bureau/Lumen/blog/app/Http/Controllers/AuthController.php(72): Illuminate\\Support\\Facades\\Facade::__callStatic('attempt', Array)
#15 [internal function]: App\\Http\\Controllers\\AuthController->login(Object(Laravel\\Lumen\\Http\\Request))
#16 /home/abdoulaye/Bureau/Lumen/blog/vendor/illuminate/container/BoundMethod.php(32): call_user_func_array(Array, Array)
#17 /home/abdoulaye/Bureau/Lumen/blog/vendor/illuminate/support/helpers.php(520): Illuminate\\Container\\BoundMethod::Illuminate\\Container\\{closure}()
#18 /home/abdoulaye/Bureau/Lumen/blog/vendor/illuminate/container/BoundMethod.php(90): value(Object(Closure))
#19 /home/abdoulaye/Bureau/Lumen/blog/vendor/illuminate/container/BoundMethod.php(34): Illuminate\\Container\\BoundMethod::callBoundMethod(Object(Laravel\\Lumen\\Application), Array, Object(Closure))
#20 /home/abdoulaye/Bureau/Lumen/blog/vendor/illuminate/container/Container.php(591): Illuminate\\Container\\BoundMethod::call(Object(Laravel\\Lumen\\Application), Array, Array, NULL)
#21 /home/abdoulaye/Bureau/Lumen/blog/vendor/laravel/lumen-framework/src/Concerns/RoutesRequests.php(376): Illuminate\\Container\\Container->call(Array, Array)
#22 /home/abdoulaye/Bureau/Lumen/blog/vendor/laravel/lumen-framework/src/Concerns/RoutesRequests.php(342): Laravel\\Lumen\\Application->callControllerCallable(Array, Array)
#23 /home/abdoulaye/Bureau/Lumen/blog/vendor/laravel/lumen-framework/src/Concerns/RoutesRequests.php(316): Laravel\\Lumen\\Application->callLumenController(Object(App\\Http\\Controllers\\AuthController), 'login', Array)
#24 /home/abdoulaye/Bureau/Lumen/blog/vendor/laravel/lumen-framework/src/Concerns/RoutesRequests.php(278): Laravel\\Lumen\\Application->callControllerAction(Array)
#25 /home/abdoulaye/Bureau/Lumen/blog/vendor/laravel/lumen-framework/src/Concerns/RoutesRequests.php(263): Laravel\\Lumen\\Application->callActionOnArrayBasedRoute(Array)
#26 /home/abdoulaye/Bureau/Lumen/blog/vendor/laravel/lumen-framework/src/Concerns/RoutesRequests.php(165): Laravel\\Lumen\\Application->handleFoundRoute(Array)
#27 /home/abdoulaye/Bureau/Lumen/blog/vendor/laravel/lumen-framework/src/Concerns/RoutesRequests.php(416): Laravel\\Lumen\\Application->Laravel\\Lumen\\Concerns\\{closure}(Object(Laravel\\Lumen\\Http\\Request))
#28 /home/abdoulaye/Bureau/Lumen/blog/vendor/laravel/lumen-framework/src/Concerns/RoutesRequests.php(171): Laravel\\Lumen\\Application->sendThroughPipeline(Array, Object(Closure))
#29 /home/abdoulaye/Bureau/Lumen/blog/vendor/laravel/lumen-framework/src/Concerns/RoutesRequests.php(108): Laravel\\Lumen\\Application->dispatch(NULL)
#30 /home/abdoulaye/Bureau/Lumen/blog/public/index.php(28): Laravel\\Lumen\\Application->run()
#31 {main}
"} 
[2019-11-13 07:25:15] local.ERROR: Symfony\Component\Debug\Exception\FatalThrowableError: Call to a member function prepare() on null in /home/abdoulaye/Bureau/Lumen/blog/vendor/illuminate/database/Connection.php:327
Stack trace:
#0 /home/abdoulaye/Bureau/Lumen/blog/vendor/illuminate/database/Connection.php(658): Illuminate\Database\Connection->Illuminate\Database\{closure}('select * from "...', Array)
#1 /home/abdoulaye/Bureau/Lumen/blog/vendor/illuminate/database/Connection.php(625): Illuminate\Database\Connection->runQueryCallback('select * from "...', Array, Object(Closure))
#2 /home/abdoulaye/Bureau/Lumen/blog/vendor/illuminate/database/Connection.php(334): Illuminate\Database\Connection->run('select * from "...', Array, Object(Closure))
#3 /home/abdoulaye/Bureau/Lumen/blog/vendor/illuminate/database/Query/Builder.php(2130): Illuminate\Database\Connection->select('select * from "...', Array, true)
#4 /home/abdoulaye/Bureau/Lumen/blog/vendor/illuminate/database/Query/Builder.php(2118): Illuminate\Database\Query\Builder->runSelect()
#5 /home/abdoulaye/Bureau/Lumen/blog/vendor/illuminate/database/Query/Builder.php(2584): Illuminate\Database\Query\Builder->Illuminate\Database\Query\{closure}()
#6 /home/abdoulaye/Bureau/Lumen/blog/vendor/illuminate/database/Query/Builder.php(2119): Illuminate\Database\Query\Builder->onceWithColumns(Array, Object(Closure))
#7 /home/abdoulaye/Bureau/Lumen/blog/vendor/illuminate/database/Eloquent/Builder.php(521): Illuminate\Database\Query\Builder->get(Array)
#8 /home/abdoulaye/Bureau/Lumen/blog/vendor/illuminate/database/Eloquent/Builder.php(505): Illuminate\Database\Eloquent\Builder->getModels(Array)
#9 /home/abdoulaye/Bureau/Lumen/blog/vendor/illuminate/database/Concerns/BuildsQueries.php(143): Illuminate\Database\Eloquent\Builder->get(Array)
#10 /home/abdoulaye/Bureau/Lumen/blog/vendor/illuminate/auth/EloquentUserProvider.php(131): Illuminate\Database\Eloquent\Builder->first()
#11 /home/abdoulaye/Bureau/Lumen/blog/vendor/tymon/jwt-auth/src/JWTGuard.php(124): Illuminate\Auth\EloquentUserProvider->retrieveByCredentials(Array)
#12 /home/abdoulaye/Bureau/Lumen/blog/vendor/illuminate/auth/AuthManager.php(307): Tymon\JWTAuth\JWTGuard->attempt(Array)
#13 /home/abdoulaye/Bureau/Lumen/blog/vendor/illuminate/support/Facades/Facade.php(239): Illuminate\Auth\AuthManager->__call('attempt', Array)
#14 /home/abdoulaye/Bureau/Lumen/blog/app/Http/Controllers/AuthController.php(72): Illuminate\Support\Facades\Facade::__callStatic('attempt', Array)
#15 [internal function]: App\Http\Controllers\AuthController->login(Object(Laravel\Lumen\Http\Request))
#16 /home/abdoulaye/Bureau/Lumen/blog/vendor/illuminate/container/BoundMethod.php(32): call_user_func_array(Array, Array)
#17 /home/abdoulaye/Bureau/Lumen/blog/vendor/illuminate/support/helpers.php(520): Illuminate\Container\BoundMethod::Illuminate\Container\{closure}()
#18 /home/abdoulaye/Bureau/Lumen/blog/vendor/illuminate/container/BoundMethod.php(90): value(Object(Closure))
#19 /home/abdoulaye/Bureau/Lumen/blog/vendor/illuminate/container/BoundMethod.php(34): Illuminate\Container\BoundMethod::callBoundMethod(Object(Laravel\Lumen\Application), Array, Object(Closure))
#20 /home/abdoulaye/Bureau/Lumen/blog/vendor/illuminate/container/Container.php(591): Illuminate\Container\BoundMethod::call(Object(Laravel\Lumen\Application), Array, Array, NULL)
#21 /home/abdoulaye/Bureau/Lumen/blog/vendor/laravel/lumen-framework/src/Concerns/RoutesRequests.php(376): Illuminate\Container\Container->call(Array, Array)
#22 /home/abdoulaye/Bureau/Lumen/blog/vendor/laravel/lumen-framework/src/Concerns/RoutesRequests.php(342): Laravel\Lumen\Application->callControllerCallable(Array, Array)
#23 /home/abdoulaye/Bureau/Lumen/blog/vendor/laravel/lumen-framework/src/Concerns/RoutesRequests.php(316): Laravel\Lumen\Application->callLumenController(Object(App\Http\Controllers\AuthController), 'login', Array)
#24 /home/abdoulaye/Bureau/Lumen/blog/vendor/laravel/lumen-framework/src/Concerns/RoutesRequests.php(278): Laravel\Lumen\Application->callControllerAction(Array)
#25 /home/abdoulaye/Bureau/Lumen/blog/vendor/laravel/lumen-framework/src/Concerns/RoutesRequests.php(263): Laravel\Lumen\Application->callActionOnArrayBasedRoute(Array)
#26 /home/abdoulaye/Bureau/Lumen/blog/vendor/laravel/lumen-framework/src/Concerns/RoutesRequests.php(165): Laravel\Lumen\Application->handleFoundRoute(Array)
#27 /home/abdoulaye/Bureau/Lumen/blog/vendor/laravel/lumen-framework/src/Concerns/RoutesRequests.php(416): Laravel\Lumen\Application->Laravel\Lumen\Concerns\{closure}(Object(Laravel\Lumen\Http\Request))
#28 /home/abdoulaye/Bureau/Lumen/blog/vendor/laravel/lumen-framework/src/Concerns/RoutesRequests.php(171): Laravel\Lumen\Application->sendThroughPipeline(Array, Object(Closure))
#29 /home/abdoulaye/Bureau/Lumen/blog/vendor/laravel/lumen-framework/src/Concerns/RoutesRequests.php(108): Laravel\Lumen\Application->dispatch(NULL)
#30 /home/abdoulaye/Bureau/Lumen/blog/public/index.php(28): Laravel\Lumen\Application->run()
#31 {main} {"exception":"[object] (Symfony\\Component\\Debug\\Exception\\FatalThrowableError(code: 0): Call to a member function prepare() on null at /home/abdoulaye/Bureau/Lumen/blog/vendor/illuminate/database/Connection.php:327)
[stacktrace]
#0 /home/abdoulaye/Bureau/Lumen/blog/vendor/illuminate/database/Connection.php(658): Illuminate\\Database\\Connection->Illuminate\\Database\\{closure}('select * from \"...', Array)
#1 /home/abdoulaye/Bureau/Lumen/blog/vendor/illuminate/database/Connection.php(625): Illuminate\\Database\\Connection->runQueryCallback('select * from \"...', Array, Object(Closure))
#2 /home/abdoulaye/Bureau/Lumen/blog/vendor/illuminate/database/Connection.php(334): Illuminate\\Database\\Connection->run('select * from \"...', Array, Object(Closure))
#3 /home/abdoulaye/Bureau/Lumen/blog/vendor/illuminate/database/Query/Builder.php(2130): Illuminate\\Database\\Connection->select('select * from \"...', Array, true)
#4 /home/abdoulaye/Bureau/Lumen/blog/vendor/illuminate/database/Query/Builder.php(2118): Illuminate\\Database\\Query\\Builder->runSelect()
#5 /home/abdoulaye/Bureau/Lumen/blog/vendor/illuminate/database/Query/Builder.php(2584): Illuminate\\Database\\Query\\Builder->Illuminate\\Database\\Query\\{closure}()
#6 /home/abdoulaye/Bureau/Lumen/blog/vendor/illuminate/database/Query/Builder.php(2119): Illuminate\\Database\\Query\\Builder->onceWithColumns(Array, Object(Closure))
#7 /home/abdoulaye/Bureau/Lumen/blog/vendor/illuminate/database/Eloquent/Builder.php(521): Illuminate\\Database\\Query\\Builder->get(Array)
#8 /home/abdoulaye/Bureau/Lumen/blog/vendor/illuminate/database/Eloquent/Builder.php(505): Illuminate\\Database\\Eloquent\\Builder->getModels(Array)
#9 /home/abdoulaye/Bureau/Lumen/blog/vendor/illuminate/database/Concerns/BuildsQueries.php(143): Illuminate\\Database\\Eloquent\\Builder->get(Array)
#10 /home/abdoulaye/Bureau/Lumen/blog/vendor/illuminate/auth/EloquentUserProvider.php(131): Illuminate\\Database\\Eloquent\\Builder->first()
#11 /home/abdoulaye/Bureau/Lumen/blog/vendor/tymon/jwt-auth/src/JWTGuard.php(124): Illuminate\\Auth\\EloquentUserProvider->retrieveByCredentials(Array)
#12 /home/abdoulaye/Bureau/Lumen/blog/vendor/illuminate/auth/AuthManager.php(307): Tymon\\JWTAuth\\JWTGuard->attempt(Array)
#13 /home/abdoulaye/Bureau/Lumen/blog/vendor/illuminate/support/Facades/Facade.php(239): Illuminate\\Auth\\AuthManager->__call('attempt', Array)
#14 /home/abdoulaye/Bureau/Lumen/blog/app/Http/Controllers/AuthController.php(72): Illuminate\\Support\\Facades\\Facade::__callStatic('attempt', Array)
#15 [internal function]: App\\Http\\Controllers\\AuthController->login(Object(Laravel\\Lumen\\Http\\Request))
#16 /home/abdoulaye/Bureau/Lumen/blog/vendor/illuminate/container/BoundMethod.php(32): call_user_func_array(Array, Array)
#17 /home/abdoulaye/Bureau/Lumen/blog/vendor/illuminate/support/helpers.php(520): Illuminate\\Container\\BoundMethod::Illuminate\\Container\\{closure}()
#18 /home/abdoulaye/Bureau/Lumen/blog/vendor/illuminate/container/BoundMethod.php(90): value(Object(Closure))
#19 /home/abdoulaye/Bureau/Lumen/blog/vendor/illuminate/container/BoundMethod.php(34): Illuminate\\Container\\BoundMethod::callBoundMethod(Object(Laravel\\Lumen\\Application), Array, Object(Closure))
#20 /home/abdoulaye/Bureau/Lumen/blog/vendor/illuminate/container/Container.php(591): Illuminate\\Container\\BoundMethod::call(Object(Laravel\\Lumen\\Application), Array, Array, NULL)
#21 /home/abdoulaye/Bureau/Lumen/blog/vendor/laravel/lumen-framework/src/Concerns/RoutesRequests.php(376): Illuminate\\Container\\Container->call(Array, Array)
#22 /home/abdoulaye/Bureau/Lumen/blog/vendor/laravel/lumen-framework/src/Concerns/RoutesRequests.php(342): Laravel\\Lumen\\Application->callControllerCallable(Array, Array)
#23 /home/abdoulaye/Bureau/Lumen/blog/vendor/laravel/lumen-framework/src/Concerns/RoutesRequests.php(316): Laravel\\Lumen\\Application->callLumenController(Object(App\\Http\\Controllers\\AuthController), 'login', Array)
#24 /home/abdoulaye/Bureau/Lumen/blog/vendor/laravel/lumen-framework/src/Concerns/RoutesRequests.php(278): Laravel\\Lumen\\Application->callControllerAction(Array)
#25 /home/abdoulaye/Bureau/Lumen/blog/vendor/laravel/lumen-framework/src/Concerns/RoutesRequests.php(263): Laravel\\Lumen\\Application->callActionOnArrayBasedRoute(Array)
#26 /home/abdoulaye/Bureau/Lumen/blog/vendor/laravel/lumen-framework/src/Concerns/RoutesRequests.php(165): Laravel\\Lumen\\Application->handleFoundRoute(Array)
#27 /home/abdoulaye/Bureau/Lumen/blog/vendor/laravel/lumen-framework/src/Concerns/RoutesRequests.php(416): Laravel\\Lumen\\Application->Laravel\\Lumen\\Concerns\\{closure}(Object(Laravel\\Lumen\\Http\\Request))
#28 /home/abdoulaye/Bureau/Lumen/blog/vendor/laravel/lumen-framework/src/Concerns/RoutesRequests.php(171): Laravel\\Lumen\\Application->sendThroughPipeline(Array, Object(Closure))
#29 /home/abdoulaye/Bureau/Lumen/blog/vendor/laravel/lumen-framework/src/Concerns/RoutesRequests.php(108): Laravel\\Lumen\\Application->dispatch(NULL)
#30 /home/abdoulaye/Bureau/Lumen/blog/public/index.php(28): Laravel\\Lumen\\Application->run()
#31 {main}
"} 
[2019-11-13 19:15:52] local.ERROR: Symfony\Component\Debug\Exception\FatalThrowableError: Call to a member function prepare() on null in /home/abdoulaye/Bureau/Lumen/blog/vendor/illuminate/database/Connection.php:327
Stack trace:
#0 /home/abdoulaye/Bureau/Lumen/blog/vendor/illuminate/database/Connection.php(658): Illuminate\Database\Connection->Illuminate\Database\{closure}('select * from "...', Array)
#1 /home/abdoulaye/Bureau/Lumen/blog/vendor/illuminate/database/Connection.php(625): Illuminate\Database\Connection->runQueryCallback('select * from "...', Array, Object(Closure))
#2 /home/abdoulaye/Bureau/Lumen/blog/vendor/illuminate/database/Connection.php(334): Illuminate\Database\Connection->run('select * from "...', Array, Object(Closure))
#3 /home/abdoulaye/Bureau/Lumen/blog/vendor/illuminate/database/Query/Builder.php(2130): Illuminate\Database\Connection->select('select * from "...', Array, true)
#4 /home/abdoulaye/Bureau/Lumen/blog/vendor/illuminate/database/Query/Builder.php(2118): Illuminate\Database\Query\Builder->runSelect()
#5 /home/abdoulaye/Bureau/Lumen/blog/vendor/illuminate/database/Query/Builder.php(2584): Illuminate\Database\Query\Builder->Illuminate\Database\Query\{closure}()
#6 /home/abdoulaye/Bureau/Lumen/blog/vendor/illuminate/database/Query/Builder.php(2119): Illuminate\Database\Query\Builder->onceWithColumns(Array, Object(Closure))
#7 /home/abdoulaye/Bureau/Lumen/blog/vendor/illuminate/database/Eloquent/Builder.php(521): Illuminate\Database\Query\Builder->get(Array)
#8 /home/abdoulaye/Bureau/Lumen/blog/vendor/illuminate/database/Eloquent/Builder.php(505): Illuminate\Database\Eloquent\Builder->getModels(Array)
#9 /home/abdoulaye/Bureau/Lumen/blog/vendor/illuminate/database/Concerns/BuildsQueries.php(143): Illuminate\Database\Eloquent\Builder->get(Array)
#10 /home/abdoulaye/Bureau/Lumen/blog/vendor/illuminate/auth/EloquentUserProvider.php(131): Illuminate\Database\Eloquent\Builder->first()
#11 /home/abdoulaye/Bureau/Lumen/blog/vendor/tymon/jwt-auth/src/JWTGuard.php(124): Illuminate\Auth\EloquentUserProvider->retrieveByCredentials(Array)
#12 /home/abdoulaye/Bureau/Lumen/blog/vendor/illuminate/auth/AuthManager.php(307): Tymon\JWTAuth\JWTGuard->attempt(Array)
#13 /home/abdoulaye/Bureau/Lumen/blog/vendor/illuminate/support/Facades/Facade.php(239): Illuminate\Auth\AuthManager->__call('attempt', Array)
#14 /home/abdoulaye/Bureau/Lumen/blog/app/Http/Controllers/AuthController.php(72): Illuminate\Support\Facades\Facade::__callStatic('attempt', Array)
#15 [internal function]: App\Http\Controllers\AuthController->login(Object(Laravel\Lumen\Http\Request))
#16 /home/abdoulaye/Bureau/Lumen/blog/vendor/illuminate/container/BoundMethod.php(32): call_user_func_array(Array, Array)
#17 /home/abdoulaye/Bureau/Lumen/blog/vendor/illuminate/support/helpers.php(520): Illuminate\Container\BoundMethod::Illuminate\Container\{closure}()
#18 /home/abdoulaye/Bureau/Lumen/blog/vendor/illuminate/container/BoundMethod.php(90): value(Object(Closure))
#19 /home/abdoulaye/Bureau/Lumen/blog/vendor/illuminate/container/BoundMethod.php(34): Illuminate\Container\BoundMethod::callBoundMethod(Object(Laravel\Lumen\Application), Array, Object(Closure))
#20 /home/abdoulaye/Bureau/Lumen/blog/vendor/illuminate/container/Container.php(591): Illuminate\Container\BoundMethod::call(Object(Laravel\Lumen\Application), Array, Array, NULL)
#21 /home/abdoulaye/Bureau/Lumen/blog/vendor/laravel/lumen-framework/src/Concerns/RoutesRequests.php(376): Illuminate\Container\Container->call(Array, Array)
#22 /home/abdoulaye/Bureau/Lumen/blog/vendor/laravel/lumen-framework/src/Concerns/RoutesRequests.php(342): Laravel\Lumen\Application->callControllerCallable(Array, Array)
#23 /home/abdoulaye/Bureau/Lumen/blog/vendor/laravel/lumen-framework/src/Concerns/RoutesRequests.php(316): Laravel\Lumen\Application->callLumenController(Object(App\Http\Controllers\AuthController), 'login', Array)
#24 /home/abdoulaye/Bureau/Lumen/blog/vendor/laravel/lumen-framework/src/Concerns/RoutesRequests.php(278): Laravel\Lumen\Application->callControllerAction(Array)
#25 /home/abdoulaye/Bureau/Lumen/blog/vendor/laravel/lumen-framework/src/Concerns/RoutesRequests.php(263): Laravel\Lumen\Application->callActionOnArrayBasedRoute(Array)
#26 /home/abdoulaye/Bureau/Lumen/blog/vendor/laravel/lumen-framework/src/Concerns/RoutesRequests.php(165): Laravel\Lumen\Application->handleFoundRoute(Array)
#27 /home/abdoulaye/Bureau/Lumen/blog/vendor/laravel/lumen-framework/src/Concerns/RoutesRequests.php(416): Laravel\Lumen\Application->Laravel\Lumen\Concerns\{closure}(Object(Laravel\Lumen\Http\Request))
#28 /home/abdoulaye/Bureau/Lumen/blog/vendor/laravel/lumen-framework/src/Concerns/RoutesRequests.php(171): Laravel\Lumen\Application->sendThroughPipeline(Array, Object(Closure))
#29 /home/abdoulaye/Bureau/Lumen/blog/vendor/laravel/lumen-framework/src/Concerns/RoutesRequests.php(108): Laravel\Lumen\Application->dispatch(NULL)
#30 /home/abdoulaye/Bureau/Lumen/blog/public/index.php(28): Laravel\Lumen\Application->run()
#31 {main} {"exception":"[object] (Symfony\\Component\\Debug\\Exception\\FatalThrowableError(code: 0): Call to a member function prepare() on null at /home/abdoulaye/Bureau/Lumen/blog/vendor/illuminate/database/Connection.php:327)
[stacktrace]
#0 /home/abdoulaye/Bureau/Lumen/blog/vendor/illuminate/database/Connection.php(658): Illuminate\\Database\\Connection->Illuminate\\Database\\{closure}('select * from \"...', Array)
#1 /home/abdoulaye/Bureau/Lumen/blog/vendor/illuminate/database/Connection.php(625): Illuminate\\Database\\Connection->runQueryCallback('select * from \"...', Array, Object(Closure))
#2 /home/abdoulaye/Bureau/Lumen/blog/vendor/illuminate/database/Connection.php(334): Illuminate\\Database\\Connection->run('select * from \"...', Array, Object(Closure))
#3 /home/abdoulaye/Bureau/Lumen/blog/vendor/illuminate/database/Query/Builder.php(2130): Illuminate\\Database\\Connection->select('select * from \"...', Array, true)
#4 /home/abdoulaye/Bureau/Lumen/blog/vendor/illuminate/database/Query/Builder.php(2118): Illuminate\\Database\\Query\\Builder->runSelect()
#5 /home/abdoulaye/Bureau/Lumen/blog/vendor/illuminate/database/Query/Builder.php(2584): Illuminate\\Database\\Query\\Builder->Illuminate\\Database\\Query\\{closure}()
#6 /home/abdoulaye/Bureau/Lumen/blog/vendor/illuminate/database/Query/Builder.php(2119): Illuminate\\Database\\Query\\Builder->onceWithColumns(Array, Object(Closure))
#7 /home/abdoulaye/Bureau/Lumen/blog/vendor/illuminate/database/Eloquent/Builder.php(521): Illuminate\\Database\\Query\\Builder->get(Array)
#8 /home/abdoulaye/Bureau/Lumen/blog/vendor/illuminate/database/Eloquent/Builder.php(505): Illuminate\\Database\\Eloquent\\Builder->getModels(Array)
#9 /home/abdoulaye/Bureau/Lumen/blog/vendor/illuminate/database/Concerns/BuildsQueries.php(143): Illuminate\\Database\\Eloquent\\Builder->get(Array)
#10 /home/abdoulaye/Bureau/Lumen/blog/vendor/illuminate/auth/EloquentUserProvider.php(131): Illuminate\\Database\\Eloquent\\Builder->first()
#11 /home/abdoulaye/Bureau/Lumen/blog/vendor/tymon/jwt-auth/src/JWTGuard.php(124): Illuminate\\Auth\\EloquentUserProvider->retrieveByCredentials(Array)
#12 /home/abdoulaye/Bureau/Lumen/blog/vendor/illuminate/auth/AuthManager.php(307): Tymon\\JWTAuth\\JWTGuard->attempt(Array)
#13 /home/abdoulaye/Bureau/Lumen/blog/vendor/illuminate/support/Facades/Facade.php(239): Illuminate\\Auth\\AuthManager->__call('attempt', Array)
#14 /home/abdoulaye/Bureau/Lumen/blog/app/Http/Controllers/AuthController.php(72): Illuminate\\Support\\Facades\\Facade::__callStatic('attempt', Array)
#15 [internal function]: App\\Http\\Controllers\\AuthController->login(Object(Laravel\\Lumen\\Http\\Request))
#16 /home/abdoulaye/Bureau/Lumen/blog/vendor/illuminate/container/BoundMethod.php(32): call_user_func_array(Array, Array)
#17 /home/abdoulaye/Bureau/Lumen/blog/vendor/illuminate/support/helpers.php(520): Illuminate\\Container\\BoundMethod::Illuminate\\Container\\{closure}()
#18 /home/abdoulaye/Bureau/Lumen/blog/vendor/illuminate/container/BoundMethod.php(90): value(Object(Closure))
#19 /home/abdoulaye/Bureau/Lumen/blog/vendor/illuminate/container/BoundMethod.php(34): Illuminate\\Container\\BoundMethod::callBoundMethod(Object(Laravel\\Lumen\\Application), Array, Object(Closure))
#20 /home/abdoulaye/Bureau/Lumen/blog/vendor/illuminate/container/Container.php(591): Illuminate\\Container\\BoundMethod::call(Object(Laravel\\Lumen\\Application), Array, Array, NULL)
#21 /home/abdoulaye/Bureau/Lumen/blog/vendor/laravel/lumen-framework/src/Concerns/RoutesRequests.php(376): Illuminate\\Container\\Container->call(Array, Array)
#22 /home/abdoulaye/Bureau/Lumen/blog/vendor/laravel/lumen-framework/src/Concerns/RoutesRequests.php(342): Laravel\\Lumen\\Application->callControllerCallable(Array, Array)
#23 /home/abdoulaye/Bureau/Lumen/blog/vendor/laravel/lumen-framework/src/Concerns/RoutesRequests.php(316): Laravel\\Lumen\\Application->callLumenController(Object(App\\Http\\Controllers\\AuthController), 'login', Array)
#24 /home/abdoulaye/Bureau/Lumen/blog/vendor/laravel/lumen-framework/src/Concerns/RoutesRequests.php(278): Laravel\\Lumen\\Application->callControllerAction(Array)
#25 /home/abdoulaye/Bureau/Lumen/blog/vendor/laravel/lumen-framework/src/Concerns/RoutesRequests.php(263): Laravel\\Lumen\\Application->callActionOnArrayBasedRoute(Array)
#26 /home/abdoulaye/Bureau/Lumen/blog/vendor/laravel/lumen-framework/src/Concerns/RoutesRequests.php(165): Laravel\\Lumen\\Application->handleFoundRoute(Array)
#27 /home/abdoulaye/Bureau/Lumen/blog/vendor/laravel/lumen-framework/src/Concerns/RoutesRequests.php(416): Laravel\\Lumen\\Application->Laravel\\Lumen\\Concerns\\{closure}(Object(Laravel\\Lumen\\Http\\Request))
#28 /home/abdoulaye/Bureau/Lumen/blog/vendor/laravel/lumen-framework/src/Concerns/RoutesRequests.php(171): Laravel\\Lumen\\Application->sendThroughPipeline(Array, Object(Closure))
#29 /home/abdoulaye/Bureau/Lumen/blog/vendor/laravel/lumen-framework/src/Concerns/RoutesRequests.php(108): Laravel\\Lumen\\Application->dispatch(NULL)
#30 /home/abdoulaye/Bureau/Lumen/blog/public/index.php(28): Laravel\\Lumen\\Application->run()
#31 {main}
"} 
[2019-11-13 19:16:14] local.ERROR: Symfony\Component\Debug\Exception\FatalThrowableError: Call to a member function prepare() on null in /home/abdoulaye/Bureau/Lumen/blog/vendor/illuminate/database/Connection.php:327
Stack trace:
#0 /home/abdoulaye/Bureau/Lumen/blog/vendor/illuminate/database/Connection.php(658): Illuminate\Database\Connection->Illuminate\Database\{closure}('select * from "...', Array)
#1 /home/abdoulaye/Bureau/Lumen/blog/vendor/illuminate/database/Connection.php(625): Illuminate\Database\Connection->runQueryCallback('select * from "...', Array, Object(Closure))
#2 /home/abdoulaye/Bureau/Lumen/blog/vendor/illuminate/database/Connection.php(334): Illuminate\Database\Connection->run('select * from "...', Array, Object(Closure))
#3 /home/abdoulaye/Bureau/Lumen/blog/vendor/illuminate/database/Query/Builder.php(2130): Illuminate\Database\Connection->select('select * from "...', Array, true)
#4 /home/abdoulaye/Bureau/Lumen/blog/vendor/illuminate/database/Query/Builder.php(2118): Illuminate\Database\Query\Builder->runSelect()
#5 /home/abdoulaye/Bureau/Lumen/blog/vendor/illuminate/database/Query/Builder.php(2584): Illuminate\Database\Query\Builder->Illuminate\Database\Query\{closure}()
#6 /home/abdoulaye/Bureau/Lumen/blog/vendor/illuminate/database/Query/Builder.php(2119): Illuminate\Database\Query\Builder->onceWithColumns(Array, Object(Closure))
#7 /home/abdoulaye/Bureau/Lumen/blog/vendor/illuminate/database/Eloquent/Builder.php(521): Illuminate\Database\Query\Builder->get(Array)
#8 /home/abdoulaye/Bureau/Lumen/blog/vendor/illuminate/database/Eloquent/Builder.php(505): Illuminate\Database\Eloquent\Builder->getModels(Array)
#9 /home/abdoulaye/Bureau/Lumen/blog/vendor/illuminate/database/Concerns/BuildsQueries.php(143): Illuminate\Database\Eloquent\Builder->get(Array)
#10 /home/abdoulaye/Bureau/Lumen/blog/vendor/illuminate/auth/EloquentUserProvider.php(131): Illuminate\Database\Eloquent\Builder->first()
#11 /home/abdoulaye/Bureau/Lumen/blog/vendor/tymon/jwt-auth/src/JWTGuard.php(124): Illuminate\Auth\EloquentUserProvider->retrieveByCredentials(Array)
#12 /home/abdoulaye/Bureau/Lumen/blog/vendor/illuminate/auth/AuthManager.php(307): Tymon\JWTAuth\JWTGuard->attempt(Array)
#13 /home/abdoulaye/Bureau/Lumen/blog/vendor/illuminate/support/Facades/Facade.php(239): Illuminate\Auth\AuthManager->__call('attempt', Array)
#14 /home/abdoulaye/Bureau/Lumen/blog/app/Http/Controllers/AuthController.php(72): Illuminate\Support\Facades\Facade::__callStatic('attempt', Array)
#15 [internal function]: App\Http\Controllers\AuthController->login(Object(Laravel\Lumen\Http\Request))
#16 /home/abdoulaye/Bureau/Lumen/blog/vendor/illuminate/container/BoundMethod.php(32): call_user_func_array(Array, Array)
#17 /home/abdoulaye/Bureau/Lumen/blog/vendor/illuminate/support/helpers.php(520): Illuminate\Container\BoundMethod::Illuminate\Container\{closure}()
#18 /home/abdoulaye/Bureau/Lumen/blog/vendor/illuminate/container/BoundMethod.php(90): value(Object(Closure))
#19 /home/abdoulaye/Bureau/Lumen/blog/vendor/illuminate/container/BoundMethod.php(34): Illuminate\Container\BoundMethod::callBoundMethod(Object(Laravel\Lumen\Application), Array, Object(Closure))
#20 /home/abdoulaye/Bureau/Lumen/blog/vendor/illuminate/container/Container.php(591): Illuminate\Container\BoundMethod::call(Object(Laravel\Lumen\Application), Array, Array, NULL)
#21 /home/abdoulaye/Bureau/Lumen/blog/vendor/laravel/lumen-framework/src/Concerns/RoutesRequests.php(376): Illuminate\Container\Container->call(Array, Array)
#22 /home/abdoulaye/Bureau/Lumen/blog/vendor/laravel/lumen-framework/src/Concerns/RoutesRequests.php(342): Laravel\Lumen\Application->callControllerCallable(Array, Array)
#23 /home/abdoulaye/Bureau/Lumen/blog/vendor/laravel/lumen-framework/src/Concerns/RoutesRequests.php(316): Laravel\Lumen\Application->callLumenController(Object(App\Http\Controllers\AuthController), 'login', Array)
#24 /home/abdoulaye/Bureau/Lumen/blog/vendor/laravel/lumen-framework/src/Concerns/RoutesRequests.php(278): Laravel\Lumen\Application->callControllerAction(Array)
#25 /home/abdoulaye/Bureau/Lumen/blog/vendor/laravel/lumen-framework/src/Concerns/RoutesRequests.php(263): Laravel\Lumen\Application->callActionOnArrayBasedRoute(Array)
#26 /home/abdoulaye/Bureau/Lumen/blog/vendor/laravel/lumen-framework/src/Concerns/RoutesRequests.php(165): Laravel\Lumen\Application->handleFoundRoute(Array)
#27 /home/abdoulaye/Bureau/Lumen/blog/vendor/laravel/lumen-framework/src/Concerns/RoutesRequests.php(416): Laravel\Lumen\Application->Laravel\Lumen\Concerns\{closure}(Object(Laravel\Lumen\Http\Request))
#28 /home/abdoulaye/Bureau/Lumen/blog/vendor/laravel/lumen-framework/src/Concerns/RoutesRequests.php(171): Laravel\Lumen\Application->sendThroughPipeline(Array, Object(Closure))
#29 /home/abdoulaye/Bureau/Lumen/blog/vendor/laravel/lumen-framework/src/Concerns/RoutesRequests.php(108): Laravel\Lumen\Application->dispatch(NULL)
#30 /home/abdoulaye/Bureau/Lumen/blog/public/index.php(28): Laravel\Lumen\Application->run()
#31 {main} {"exception":"[object] (Symfony\\Component\\Debug\\Exception\\FatalThrowableError(code: 0): Call to a member function prepare() on null at /home/abdoulaye/Bureau/Lumen/blog/vendor/illuminate/database/Connection.php:327)
[stacktrace]
#0 /home/abdoulaye/Bureau/Lumen/blog/vendor/illuminate/database/Connection.php(658): Illuminate\\Database\\Connection->Illuminate\\Database\\{closure}('select * from \"...', Array)
#1 /home/abdoulaye/Bureau/Lumen/blog/vendor/illuminate/database/Connection.php(625): Illuminate\\Database\\Connection->runQueryCallback('select * from \"...', Array, Object(Closure))
#2 /home/abdoulaye/Bureau/Lumen/blog/vendor/illuminate/database/Connection.php(334): Illuminate\\Database\\Connection->run('select * from \"...', Array, Object(Closure))
#3 /home/abdoulaye/Bureau/Lumen/blog/vendor/illuminate/database/Query/Builder.php(2130): Illuminate\\Database\\Connection->select('select * from \"...', Array, true)
#4 /home/abdoulaye/Bureau/Lumen/blog/vendor/illuminate/database/Query/Builder.php(2118): Illuminate\\Database\\Query\\Builder->runSelect()
#5 /home/abdoulaye/Bureau/Lumen/blog/vendor/illuminate/database/Query/Builder.php(2584): Illuminate\\Database\\Query\\Builder->Illuminate\\Database\\Query\\{closure}()
#6 /home/abdoulaye/Bureau/Lumen/blog/vendor/illuminate/database/Query/Builder.php(2119): Illuminate\\Database\\Query\\Builder->onceWithColumns(Array, Object(Closure))
#7 /home/abdoulaye/Bureau/Lumen/blog/vendor/illuminate/database/Eloquent/Builder.php(521): Illuminate\\Database\\Query\\Builder->get(Array)
#8 /home/abdoulaye/Bureau/Lumen/blog/vendor/illuminate/database/Eloquent/Builder.php(505): Illuminate\\Database\\Eloquent\\Builder->getModels(Array)
#9 /home/abdoulaye/Bureau/Lumen/blog/vendor/illuminate/database/Concerns/BuildsQueries.php(143): Illuminate\\Database\\Eloquent\\Builder->get(Array)
#10 /home/abdoulaye/Bureau/Lumen/blog/vendor/illuminate/auth/EloquentUserProvider.php(131): Illuminate\\Database\\Eloquent\\Builder->first()
#11 /home/abdoulaye/Bureau/Lumen/blog/vendor/tymon/jwt-auth/src/JWTGuard.php(124): Illuminate\\Auth\\EloquentUserProvider->retrieveByCredentials(Array)
#12 /home/abdoulaye/Bureau/Lumen/blog/vendor/illuminate/auth/AuthManager.php(307): Tymon\\JWTAuth\\JWTGuard->attempt(Array)
#13 /home/abdoulaye/Bureau/Lumen/blog/vendor/illuminate/support/Facades/Facade.php(239): Illuminate\\Auth\\AuthManager->__call('attempt', Array)
#14 /home/abdoulaye/Bureau/Lumen/blog/app/Http/Controllers/AuthController.php(72): Illuminate\\Support\\Facades\\Facade::__callStatic('attempt', Array)
#15 [internal function]: App\\Http\\Controllers\\AuthController->login(Object(Laravel\\Lumen\\Http\\Request))
#16 /home/abdoulaye/Bureau/Lumen/blog/vendor/illuminate/container/BoundMethod.php(32): call_user_func_array(Array, Array)
#17 /home/abdoulaye/Bureau/Lumen/blog/vendor/illuminate/support/helpers.php(520): Illuminate\\Container\\BoundMethod::Illuminate\\Container\\{closure}()
#18 /home/abdoulaye/Bureau/Lumen/blog/vendor/illuminate/container/BoundMethod.php(90): value(Object(Closure))
#19 /home/abdoulaye/Bureau/Lumen/blog/vendor/illuminate/container/BoundMethod.php(34): Illuminate\\Container\\BoundMethod::callBoundMethod(Object(Laravel\\Lumen\\Application), Array, Object(Closure))
#20 /home/abdoulaye/Bureau/Lumen/blog/vendor/illuminate/container/Container.php(591): Illuminate\\Container\\BoundMethod::call(Object(Laravel\\Lumen\\Application), Array, Array, NULL)
#21 /home/abdoulaye/Bureau/Lumen/blog/vendor/laravel/lumen-framework/src/Concerns/RoutesRequests.php(376): Illuminate\\Container\\Container->call(Array, Array)
#22 /home/abdoulaye/Bureau/Lumen/blog/vendor/laravel/lumen-framework/src/Concerns/RoutesRequests.php(342): Laravel\\Lumen\\Application->callControllerCallable(Array, Array)
#23 /home/abdoulaye/Bureau/Lumen/blog/vendor/laravel/lumen-framework/src/Concerns/RoutesRequests.php(316): Laravel\\Lumen\\Application->callLumenController(Object(App\\Http\\Controllers\\AuthController), 'login', Array)
#24 /home/abdoulaye/Bureau/Lumen/blog/vendor/laravel/lumen-framework/src/Concerns/RoutesRequests.php(278): Laravel\\Lumen\\Application->callControllerAction(Array)
#25 /home/abdoulaye/Bureau/Lumen/blog/vendor/laravel/lumen-framework/src/Concerns/RoutesRequests.php(263): Laravel\\Lumen\\Application->callActionOnArrayBasedRoute(Array)
#26 /home/abdoulaye/Bureau/Lumen/blog/vendor/laravel/lumen-framework/src/Concerns/RoutesRequests.php(165): Laravel\\Lumen\\Application->handleFoundRoute(Array)
#27 /home/abdoulaye/Bureau/Lumen/blog/vendor/laravel/lumen-framework/src/Concerns/RoutesRequests.php(416): Laravel\\Lumen\\Application->Laravel\\Lumen\\Concerns\\{closure}(Object(Laravel\\Lumen\\Http\\Request))
#28 /home/abdoulaye/Bureau/Lumen/blog/vendor/laravel/lumen-framework/src/Concerns/RoutesRequests.php(171): Laravel\\Lumen\\Application->sendThroughPipeline(Array, Object(Closure))
#29 /home/abdoulaye/Bureau/Lumen/blog/vendor/laravel/lumen-framework/src/Concerns/RoutesRequests.php(108): Laravel\\Lumen\\Application->dispatch(NULL)
#30 /home/abdoulaye/Bureau/Lumen/blog/public/index.php(28): Laravel\\Lumen\\Application->run()
#31 {main}
"} 
[2019-11-13 19:18:12] local.ERROR: Symfony\Component\Debug\Exception\FatalThrowableError: Call to a member function prepare() on null in /home/abdoulaye/Bureau/Lumen/blog/vendor/illuminate/database/Connection.php:327
Stack trace:
#0 /home/abdoulaye/Bureau/Lumen/blog/vendor/illuminate/database/Connection.php(658): Illuminate\Database\Connection->Illuminate\Database\{closure}('select * from "...', Array)
#1 /home/abdoulaye/Bureau/Lumen/blog/vendor/illuminate/database/Connection.php(625): Illuminate\Database\Connection->runQueryCallback('select * from "...', Array, Object(Closure))
#2 /home/abdoulaye/Bureau/Lumen/blog/vendor/illuminate/database/Connection.php(334): Illuminate\Database\Connection->run('select * from "...', Array, Object(Closure))
#3 /home/abdoulaye/Bureau/Lumen/blog/vendor/illuminate/database/Query/Builder.php(2130): Illuminate\Database\Connection->select('select * from "...', Array, true)
#4 /home/abdoulaye/Bureau/Lumen/blog/vendor/illuminate/database/Query/Builder.php(2118): Illuminate\Database\Query\Builder->runSelect()
#5 /home/abdoulaye/Bureau/Lumen/blog/vendor/illuminate/database/Query/Builder.php(2584): Illuminate\Database\Query\Builder->Illuminate\Database\Query\{closure}()
#6 /home/abdoulaye/Bureau/Lumen/blog/vendor/illuminate/database/Query/Builder.php(2119): Illuminate\Database\Query\Builder->onceWithColumns(Array, Object(Closure))
#7 /home/abdoulaye/Bureau/Lumen/blog/vendor/illuminate/database/Eloquent/Builder.php(521): Illuminate\Database\Query\Builder->get(Array)
#8 /home/abdoulaye/Bureau/Lumen/blog/vendor/illuminate/database/Eloquent/Builder.php(505): Illuminate\Database\Eloquent\Builder->getModels(Array)
#9 /home/abdoulaye/Bureau/Lumen/blog/vendor/illuminate/database/Concerns/BuildsQueries.php(143): Illuminate\Database\Eloquent\Builder->get(Array)
#10 /home/abdoulaye/Bureau/Lumen/blog/vendor/illuminate/auth/EloquentUserProvider.php(131): Illuminate\Database\Eloquent\Builder->first()
#11 /home/abdoulaye/Bureau/Lumen/blog/vendor/tymon/jwt-auth/src/JWTGuard.php(124): Illuminate\Auth\EloquentUserProvider->retrieveByCredentials(Array)
#12 /home/abdoulaye/Bureau/Lumen/blog/vendor/illuminate/auth/AuthManager.php(307): Tymon\JWTAuth\JWTGuard->attempt(Array)
#13 /home/abdoulaye/Bureau/Lumen/blog/vendor/illuminate/support/Facades/Facade.php(239): Illuminate\Auth\AuthManager->__call('attempt', Array)
#14 /home/abdoulaye/Bureau/Lumen/blog/app/Http/Controllers/AuthController.php(72): Illuminate\Support\Facades\Facade::__callStatic('attempt', Array)
#15 [internal function]: App\Http\Controllers\AuthController->login(Object(Laravel\Lumen\Http\Request))
#16 /home/abdoulaye/Bureau/Lumen/blog/vendor/illuminate/container/BoundMethod.php(32): call_user_func_array(Array, Array)
#17 /home/abdoulaye/Bureau/Lumen/blog/vendor/illuminate/support/helpers.php(520): Illuminate\Container\BoundMethod::Illuminate\Container\{closure}()
#18 /home/abdoulaye/Bureau/Lumen/blog/vendor/illuminate/container/BoundMethod.php(90): value(Object(Closure))
#19 /home/abdoulaye/Bureau/Lumen/blog/vendor/illuminate/container/BoundMethod.php(34): Illuminate\Container\BoundMethod::callBoundMethod(Object(Laravel\Lumen\Application), Array, Object(Closure))
#20 /home/abdoulaye/Bureau/Lumen/blog/vendor/illuminate/container/Container.php(591): Illuminate\Container\BoundMethod::call(Object(Laravel\Lumen\Application), Array, Array, NULL)
#21 /home/abdoulaye/Bureau/Lumen/blog/vendor/laravel/lumen-framework/src/Concerns/RoutesRequests.php(376): Illuminate\Container\Container->call(Array, Array)
#22 /home/abdoulaye/Bureau/Lumen/blog/vendor/laravel/lumen-framework/src/Concerns/RoutesRequests.php(342): Laravel\Lumen\Application->callControllerCallable(Array, Array)
#23 /home/abdoulaye/Bureau/Lumen/blog/vendor/laravel/lumen-framework/src/Concerns/RoutesRequests.php(316): Laravel\Lumen\Application->callLumenController(Object(App\Http\Controllers\AuthController), 'login', Array)
#24 /home/abdoulaye/Bureau/Lumen/blog/vendor/laravel/lumen-framework/src/Concerns/RoutesRequests.php(278): Laravel\Lumen\Application->callControllerAction(Array)
#25 /home/abdoulaye/Bureau/Lumen/blog/vendor/laravel/lumen-framework/src/Concerns/RoutesRequests.php(263): Laravel\Lumen\Application->callActionOnArrayBasedRoute(Array)
#26 /home/abdoulaye/Bureau/Lumen/blog/vendor/laravel/lumen-framework/src/Concerns/RoutesRequests.php(165): Laravel\Lumen\Application->handleFoundRoute(Array)
#27 /home/abdoulaye/Bureau/Lumen/blog/vendor/laravel/lumen-framework/src/Concerns/RoutesRequests.php(416): Laravel\Lumen\Application->Laravel\Lumen\Concerns\{closure}(Object(Laravel\Lumen\Http\Request))
#28 /home/abdoulaye/Bureau/Lumen/blog/vendor/laravel/lumen-framework/src/Concerns/RoutesRequests.php(171): Laravel\Lumen\Application->sendThroughPipeline(Array, Object(Closure))
#29 /home/abdoulaye/Bureau/Lumen/blog/vendor/laravel/lumen-framework/src/Concerns/RoutesRequests.php(108): Laravel\Lumen\Application->dispatch(NULL)
#30 /home/abdoulaye/Bureau/Lumen/blog/public/index.php(28): Laravel\Lumen\Application->run()
#31 {main} {"exception":"[object] (Symfony\\Component\\Debug\\Exception\\FatalThrowableError(code: 0): Call to a member function prepare() on null at /home/abdoulaye/Bureau/Lumen/blog/vendor/illuminate/database/Connection.php:327)
[stacktrace]
#0 /home/abdoulaye/Bureau/Lumen/blog/vendor/illuminate/database/Connection.php(658): Illuminate\\Database\\Connection->Illuminate\\Database\\{closure}('select * from \"...', Array)
#1 /home/abdoulaye/Bureau/Lumen/blog/vendor/illuminate/database/Connection.php(625): Illuminate\\Database\\Connection->runQueryCallback('select * from \"...', Array, Object(Closure))
#2 /home/abdoulaye/Bureau/Lumen/blog/vendor/illuminate/database/Connection.php(334): Illuminate\\Database\\Connection->run('select * from \"...', Array, Object(Closure))
#3 /home/abdoulaye/Bureau/Lumen/blog/vendor/illuminate/database/Query/Builder.php(2130): Illuminate\\Database\\Connection->select('select * from \"...', Array, true)
#4 /home/abdoulaye/Bureau/Lumen/blog/vendor/illuminate/database/Query/Builder.php(2118): Illuminate\\Database\\Query\\Builder->runSelect()
#5 /home/abdoulaye/Bureau/Lumen/blog/vendor/illuminate/database/Query/Builder.php(2584): Illuminate\\Database\\Query\\Builder->Illuminate\\Database\\Query\\{closure}()
#6 /home/abdoulaye/Bureau/Lumen/blog/vendor/illuminate/database/Query/Builder.php(2119): Illuminate\\Database\\Query\\Builder->onceWithColumns(Array, Object(Closure))
#7 /home/abdoulaye/Bureau/Lumen/blog/vendor/illuminate/database/Eloquent/Builder.php(521): Illuminate\\Database\\Query\\Builder->get(Array)
#8 /home/abdoulaye/Bureau/Lumen/blog/vendor/illuminate/database/Eloquent/Builder.php(505): Illuminate\\Database\\Eloquent\\Builder->getModels(Array)
#9 /home/abdoulaye/Bureau/Lumen/blog/vendor/illuminate/database/Concerns/BuildsQueries.php(143): Illuminate\\Database\\Eloquent\\Builder->get(Array)
#10 /home/abdoulaye/Bureau/Lumen/blog/vendor/illuminate/auth/EloquentUserProvider.php(131): Illuminate\\Database\\Eloquent\\Builder->first()
#11 /home/abdoulaye/Bureau/Lumen/blog/vendor/tymon/jwt-auth/src/JWTGuard.php(124): Illuminate\\Auth\\EloquentUserProvider->retrieveByCredentials(Array)
#12 /home/abdoulaye/Bureau/Lumen/blog/vendor/illuminate/auth/AuthManager.php(307): Tymon\\JWTAuth\\JWTGuard->attempt(Array)
#13 /home/abdoulaye/Bureau/Lumen/blog/vendor/illuminate/support/Facades/Facade.php(239): Illuminate\\Auth\\AuthManager->__call('attempt', Array)
#14 /home/abdoulaye/Bureau/Lumen/blog/app/Http/Controllers/AuthController.php(72): Illuminate\\Support\\Facades\\Facade::__callStatic('attempt', Array)
#15 [internal function]: App\\Http\\Controllers\\AuthController->login(Object(Laravel\\Lumen\\Http\\Request))
#16 /home/abdoulaye/Bureau/Lumen/blog/vendor/illuminate/container/BoundMethod.php(32): call_user_func_array(Array, Array)
#17 /home/abdoulaye/Bureau/Lumen/blog/vendor/illuminate/support/helpers.php(520): Illuminate\\Container\\BoundMethod::Illuminate\\Container\\{closure}()
#18 /home/abdoulaye/Bureau/Lumen/blog/vendor/illuminate/container/BoundMethod.php(90): value(Object(Closure))
#19 /home/abdoulaye/Bureau/Lumen/blog/vendor/illuminate/container/BoundMethod.php(34): Illuminate\\Container\\BoundMethod::callBoundMethod(Object(Laravel\\Lumen\\Application), Array, Object(Closure))
#20 /home/abdoulaye/Bureau/Lumen/blog/vendor/illuminate/container/Container.php(591): Illuminate\\Container\\BoundMethod::call(Object(Laravel\\Lumen\\Application), Array, Array, NULL)
#21 /home/abdoulaye/Bureau/Lumen/blog/vendor/laravel/lumen-framework/src/Concerns/RoutesRequests.php(376): Illuminate\\Container\\Container->call(Array, Array)
#22 /home/abdoulaye/Bureau/Lumen/blog/vendor/laravel/lumen-framework/src/Concerns/RoutesRequests.php(342): Laravel\\Lumen\\Application->callControllerCallable(Array, Array)
#23 /home/abdoulaye/Bureau/Lumen/blog/vendor/laravel/lumen-framework/src/Concerns/RoutesRequests.php(316): Laravel\\Lumen\\Application->callLumenController(Object(App\\Http\\Controllers\\AuthController), 'login', Array)
#24 /home/abdoulaye/Bureau/Lumen/blog/vendor/laravel/lumen-framework/src/Concerns/RoutesRequests.php(278): Laravel\\Lumen\\Application->callControllerAction(Array)
#25 /home/abdoulaye/Bureau/Lumen/blog/vendor/laravel/lumen-framework/src/Concerns/RoutesRequests.php(263): Laravel\\Lumen\\Application->callActionOnArrayBasedRoute(Array)
#26 /home/abdoulaye/Bureau/Lumen/blog/vendor/laravel/lumen-framework/src/Concerns/RoutesRequests.php(165): Laravel\\Lumen\\Application->handleFoundRoute(Array)
#27 /home/abdoulaye/Bureau/Lumen/blog/vendor/laravel/lumen-framework/src/Concerns/RoutesRequests.php(416): Laravel\\Lumen\\Application->Laravel\\Lumen\\Concerns\\{closure}(Object(Laravel\\Lumen\\Http\\Request))
#28 /home/abdoulaye/Bureau/Lumen/blog/vendor/laravel/lumen-framework/src/Concerns/RoutesRequests.php(171): Laravel\\Lumen\\Application->sendThroughPipeline(Array, Object(Closure))
#29 /home/abdoulaye/Bureau/Lumen/blog/vendor/laravel/lumen-framework/src/Concerns/RoutesRequests.php(108): Laravel\\Lumen\\Application->dispatch(NULL)
#30 /home/abdoulaye/Bureau/Lumen/blog/public/index.php(28): Laravel\\Lumen\\Application->run()
#31 {main}
"} 
[2019-11-13 19:37:00] local.ERROR: Symfony\Component\Debug\Exception\FatalThrowableError: Call to a member function prepare() on null in /home/abdoulaye/Bureau/Lumen/blog/vendor/illuminate/database/Connection.php:327
Stack trace:
#0 /home/abdoulaye/Bureau/Lumen/blog/vendor/illuminate/database/Connection.php(658): Illuminate\Database\Connection->Illuminate\Database\{closure}('select * from "...', Array)
#1 /home/abdoulaye/Bureau/Lumen/blog/vendor/illuminate/database/Connection.php(625): Illuminate\Database\Connection->runQueryCallback('select * from "...', Array, Object(Closure))
#2 /home/abdoulaye/Bureau/Lumen/blog/vendor/illuminate/database/Connection.php(334): Illuminate\Database\Connection->run('select * from "...', Array, Object(Closure))
#3 /home/abdoulaye/Bureau/Lumen/blog/vendor/illuminate/database/Query/Builder.php(2130): Illuminate\Database\Connection->select('select * from "...', Array, true)
#4 /home/abdoulaye/Bureau/Lumen/blog/vendor/illuminate/database/Query/Builder.php(2118): Illuminate\Database\Query\Builder->runSelect()
#5 /home/abdoulaye/Bureau/Lumen/blog/vendor/illuminate/database/Query/Builder.php(2584): Illuminate\Database\Query\Builder->Illuminate\Database\Query\{closure}()
#6 /home/abdoulaye/Bureau/Lumen/blog/vendor/illuminate/database/Query/Builder.php(2119): Illuminate\Database\Query\Builder->onceWithColumns(Array, Object(Closure))
#7 /home/abdoulaye/Bureau/Lumen/blog/vendor/illuminate/database/Eloquent/Builder.php(521): Illuminate\Database\Query\Builder->get(Array)
#8 /home/abdoulaye/Bureau/Lumen/blog/vendor/illuminate/database/Eloquent/Builder.php(505): Illuminate\Database\Eloquent\Builder->getModels(Array)
#9 /home/abdoulaye/Bureau/Lumen/blog/vendor/illuminate/database/Concerns/BuildsQueries.php(143): Illuminate\Database\Eloquent\Builder->get(Array)
#10 /home/abdoulaye/Bureau/Lumen/blog/vendor/illuminate/auth/EloquentUserProvider.php(131): Illuminate\Database\Eloquent\Builder->first()
#11 /home/abdoulaye/Bureau/Lumen/blog/vendor/tymon/jwt-auth/src/JWTGuard.php(124): Illuminate\Auth\EloquentUserProvider->retrieveByCredentials(Array)
#12 /home/abdoulaye/Bureau/Lumen/blog/vendor/illuminate/auth/AuthManager.php(307): Tymon\JWTAuth\JWTGuard->attempt(Array)
#13 /home/abdoulaye/Bureau/Lumen/blog/vendor/illuminate/support/Facades/Facade.php(239): Illuminate\Auth\AuthManager->__call('attempt', Array)
#14 /home/abdoulaye/Bureau/Lumen/blog/app/Http/Controllers/AuthController.php(72): Illuminate\Support\Facades\Facade::__callStatic('attempt', Array)
#15 [internal function]: App\Http\Controllers\AuthController->login(Object(Laravel\Lumen\Http\Request))
#16 /home/abdoulaye/Bureau/Lumen/blog/vendor/illuminate/container/BoundMethod.php(32): call_user_func_array(Array, Array)
#17 /home/abdoulaye/Bureau/Lumen/blog/vendor/illuminate/support/helpers.php(520): Illuminate\Container\BoundMethod::Illuminate\Container\{closure}()
#18 /home/abdoulaye/Bureau/Lumen/blog/vendor/illuminate/container/BoundMethod.php(90): value(Object(Closure))
#19 /home/abdoulaye/Bureau/Lumen/blog/vendor/illuminate/container/BoundMethod.php(34): Illuminate\Container\BoundMethod::callBoundMethod(Object(Laravel\Lumen\Application), Array, Object(Closure))
#20 /home/abdoulaye/Bureau/Lumen/blog/vendor/illuminate/container/Container.php(591): Illuminate\Container\BoundMethod::call(Object(Laravel\Lumen\Application), Array, Array, NULL)
#21 /home/abdoulaye/Bureau/Lumen/blog/vendor/laravel/lumen-framework/src/Concerns/RoutesRequests.php(376): Illuminate\Container\Container->call(Array, Array)
#22 /home/abdoulaye/Bureau/Lumen/blog/vendor/laravel/lumen-framework/src/Concerns/RoutesRequests.php(342): Laravel\Lumen\Application->callControllerCallable(Array, Array)
#23 /home/abdoulaye/Bureau/Lumen/blog/vendor/laravel/lumen-framework/src/Concerns/RoutesRequests.php(316): Laravel\Lumen\Application->callLumenController(Object(App\Http\Controllers\AuthController), 'login', Array)
#24 /home/abdoulaye/Bureau/Lumen/blog/vendor/laravel/lumen-framework/src/Concerns/RoutesRequests.php(278): Laravel\Lumen\Application->callControllerAction(Array)
#25 /home/abdoulaye/Bureau/Lumen/blog/vendor/laravel/lumen-framework/src/Concerns/RoutesRequests.php(263): Laravel\Lumen\Application->callActionOnArrayBasedRoute(Array)
#26 /home/abdoulaye/Bureau/Lumen/blog/vendor/laravel/lumen-framework/src/Concerns/RoutesRequests.php(165): Laravel\Lumen\Application->handleFoundRoute(Array)
#27 /home/abdoulaye/Bureau/Lumen/blog/vendor/laravel/lumen-framework/src/Concerns/RoutesRequests.php(416): Laravel\Lumen\Application->Laravel\Lumen\Concerns\{closure}(Object(Laravel\Lumen\Http\Request))
#28 /home/abdoulaye/Bureau/Lumen/blog/vendor/laravel/lumen-framework/src/Concerns/RoutesRequests.php(171): Laravel\Lumen\Application->sendThroughPipeline(Array, Object(Closure))
#29 /home/abdoulaye/Bureau/Lumen/blog/vendor/laravel/lumen-framework/src/Concerns/RoutesRequests.php(108): Laravel\Lumen\Application->dispatch(NULL)
#30 /home/abdoulaye/Bureau/Lumen/blog/public/index.php(28): Laravel\Lumen\Application->run()
#31 {main} {"exception":"[object] (Symfony\\Component\\Debug\\Exception\\FatalThrowableError(code: 0): Call to a member function prepare() on null at /home/abdoulaye/Bureau/Lumen/blog/vendor/illuminate/database/Connection.php:327)
[stacktrace]
#0 /home/abdoulaye/Bureau/Lumen/blog/vendor/illuminate/database/Connection.php(658): Illuminate\\Database\\Connection->Illuminate\\Database\\{closure}('select * from \"...', Array)
#1 /home/abdoulaye/Bureau/Lumen/blog/vendor/illuminate/database/Connection.php(625): Illuminate\\Database\\Connection->runQueryCallback('select * from \"...', Array, Object(Closure))
#2 /home/abdoulaye/Bureau/Lumen/blog/vendor/illuminate/database/Connection.php(334): Illuminate\\Database\\Connection->run('select * from \"...', Array, Object(Closure))
#3 /home/abdoulaye/Bureau/Lumen/blog/vendor/illuminate/database/Query/Builder.php(2130): Illuminate\\Database\\Connection->select('select * from \"...', Array, true)
#4 /home/abdoulaye/Bureau/Lumen/blog/vendor/illuminate/database/Query/Builder.php(2118): Illuminate\\Database\\Query\\Builder->runSelect()
#5 /home/abdoulaye/Bureau/Lumen/blog/vendor/illuminate/database/Query/Builder.php(2584): Illuminate\\Database\\Query\\Builder->Illuminate\\Database\\Query\\{closure}()
#6 /home/abdoulaye/Bureau/Lumen/blog/vendor/illuminate/database/Query/Builder.php(2119): Illuminate\\Database\\Query\\Builder->onceWithColumns(Array, Object(Closure))
#7 /home/abdoulaye/Bureau/Lumen/blog/vendor/illuminate/database/Eloquent/Builder.php(521): Illuminate\\Database\\Query\\Builder->get(Array)
#8 /home/abdoulaye/Bureau/Lumen/blog/vendor/illuminate/database/Eloquent/Builder.php(505): Illuminate\\Database\\Eloquent\\Builder->getModels(Array)
#9 /home/abdoulaye/Bureau/Lumen/blog/vendor/illuminate/database/Concerns/BuildsQueries.php(143): Illuminate\\Database\\Eloquent\\Builder->get(Array)
#10 /home/abdoulaye/Bureau/Lumen/blog/vendor/illuminate/auth/EloquentUserProvider.php(131): Illuminate\\Database\\Eloquent\\Builder->first()
#11 /home/abdoulaye/Bureau/Lumen/blog/vendor/tymon/jwt-auth/src/JWTGuard.php(124): Illuminate\\Auth\\EloquentUserProvider->retrieveByCredentials(Array)
#12 /home/abdoulaye/Bureau/Lumen/blog/vendor/illuminate/auth/AuthManager.php(307): Tymon\\JWTAuth\\JWTGuard->attempt(Array)
#13 /home/abdoulaye/Bureau/Lumen/blog/vendor/illuminate/support/Facades/Facade.php(239): Illuminate\\Auth\\AuthManager->__call('attempt', Array)
#14 /home/abdoulaye/Bureau/Lumen/blog/app/Http/Controllers/AuthController.php(72): Illuminate\\Support\\Facades\\Facade::__callStatic('attempt', Array)
#15 [internal function]: App\\Http\\Controllers\\AuthController->login(Object(Laravel\\Lumen\\Http\\Request))
#16 /home/abdoulaye/Bureau/Lumen/blog/vendor/illuminate/container/BoundMethod.php(32): call_user_func_array(Array, Array)
#17 /home/abdoulaye/Bureau/Lumen/blog/vendor/illuminate/support/helpers.php(520): Illuminate\\Container\\BoundMethod::Illuminate\\Container\\{closure}()
#18 /home/abdoulaye/Bureau/Lumen/blog/vendor/illuminate/container/BoundMethod.php(90): value(Object(Closure))
#19 /home/abdoulaye/Bureau/Lumen/blog/vendor/illuminate/container/BoundMethod.php(34): Illuminate\\Container\\BoundMethod::callBoundMethod(Object(Laravel\\Lumen\\Application), Array, Object(Closure))
#20 /home/abdoulaye/Bureau/Lumen/blog/vendor/illuminate/container/Container.php(591): Illuminate\\Container\\BoundMethod::call(Object(Laravel\\Lumen\\Application), Array, Array, NULL)
#21 /home/abdoulaye/Bureau/Lumen/blog/vendor/laravel/lumen-framework/src/Concerns/RoutesRequests.php(376): Illuminate\\Container\\Container->call(Array, Array)
#22 /home/abdoulaye/Bureau/Lumen/blog/vendor/laravel/lumen-framework/src/Concerns/RoutesRequests.php(342): Laravel\\Lumen\\Application->callControllerCallable(Array, Array)
#23 /home/abdoulaye/Bureau/Lumen/blog/vendor/laravel/lumen-framework/src/Concerns/RoutesRequests.php(316): Laravel\\Lumen\\Application->callLumenController(Object(App\\Http\\Controllers\\AuthController), 'login', Array)
#24 /home/abdoulaye/Bureau/Lumen/blog/vendor/laravel/lumen-framework/src/Concerns/RoutesRequests.php(278): Laravel\\Lumen\\Application->callControllerAction(Array)
#25 /home/abdoulaye/Bureau/Lumen/blog/vendor/laravel/lumen-framework/src/Concerns/RoutesRequests.php(263): Laravel\\Lumen\\Application->callActionOnArrayBasedRoute(Array)
#26 /home/abdoulaye/Bureau/Lumen/blog/vendor/laravel/lumen-framework/src/Concerns/RoutesRequests.php(165): Laravel\\Lumen\\Application->handleFoundRoute(Array)
#27 /home/abdoulaye/Bureau/Lumen/blog/vendor/laravel/lumen-framework/src/Concerns/RoutesRequests.php(416): Laravel\\Lumen\\Application->Laravel\\Lumen\\Concerns\\{closure}(Object(Laravel\\Lumen\\Http\\Request))
#28 /home/abdoulaye/Bureau/Lumen/blog/vendor/laravel/lumen-framework/src/Concerns/RoutesRequests.php(171): Laravel\\Lumen\\Application->sendThroughPipeline(Array, Object(Closure))
#29 /home/abdoulaye/Bureau/Lumen/blog/vendor/laravel/lumen-framework/src/Concerns/RoutesRequests.php(108): Laravel\\Lumen\\Application->dispatch(NULL)
#30 /home/abdoulaye/Bureau/Lumen/blog/public/index.php(28): Laravel\\Lumen\\Application->run()
#31 {main}
"} 
[2019-11-13 20:20:58] local.ERROR: Symfony\Component\Debug\Exception\FatalThrowableError: Class 'JWTAuth' not found in /home/abdoulaye/Bureau/Lumen/blog/app/Http/Controllers/AuthController.php:73
Stack trace:
#0 [internal function]: App\Http\Controllers\AuthController->login(Object(Laravel\Lumen\Http\Request))
#1 /home/abdoulaye/Bureau/Lumen/blog/vendor/illuminate/container/BoundMethod.php(32): call_user_func_array(Array, Array)
#2 /home/abdoulaye/Bureau/Lumen/blog/vendor/illuminate/support/helpers.php(520): Illuminate\Container\BoundMethod::Illuminate\Container\{closure}()
#3 /home/abdoulaye/Bureau/Lumen/blog/vendor/illuminate/container/BoundMethod.php(90): value(Object(Closure))
#4 /home/abdoulaye/Bureau/Lumen/blog/vendor/illuminate/container/BoundMethod.php(34): Illuminate\Container\BoundMethod::callBoundMethod(Object(Laravel\Lumen\Application), Array, Object(Closure))
#5 /home/abdoulaye/Bureau/Lumen/blog/vendor/illuminate/container/Container.php(591): Illuminate\Container\BoundMethod::call(Object(Laravel\Lumen\Application), Array, Array, NULL)
#6 /home/abdoulaye/Bureau/Lumen/blog/vendor/laravel/lumen-framework/src/Concerns/RoutesRequests.php(376): Illuminate\Container\Container->call(Array, Array)
#7 /home/abdoulaye/Bureau/Lumen/blog/vendor/laravel/lumen-framework/src/Concerns/RoutesRequests.php(342): Laravel\Lumen\Application->callControllerCallable(Array, Array)
#8 /home/abdoulaye/Bureau/Lumen/blog/vendor/laravel/lumen-framework/src/Concerns/RoutesRequests.php(316): Laravel\Lumen\Application->callLumenController(Object(App\Http\Controllers\AuthController), 'login', Array)
#9 /home/abdoulaye/Bureau/Lumen/blog/vendor/laravel/lumen-framework/src/Concerns/RoutesRequests.php(278): Laravel\Lumen\Application->callControllerAction(Array)
#10 /home/abdoulaye/Bureau/Lumen/blog/vendor/laravel/lumen-framework/src/Concerns/RoutesRequests.php(263): Laravel\Lumen\Application->callActionOnArrayBasedRoute(Array)
#11 /home/abdoulaye/Bureau/Lumen/blog/vendor/laravel/lumen-framework/src/Concerns/RoutesRequests.php(165): Laravel\Lumen\Application->handleFoundRoute(Array)
#12 /home/abdoulaye/Bureau/Lumen/blog/vendor/laravel/lumen-framework/src/Concerns/RoutesRequests.php(416): Laravel\Lumen\Application->Laravel\Lumen\Concerns\{closure}(Object(Laravel\Lumen\Http\Request))
#13 /home/abdoulaye/Bureau/Lumen/blog/vendor/laravel/lumen-framework/src/Concerns/RoutesRequests.php(171): Laravel\Lumen\Application->sendThroughPipeline(Array, Object(Closure))
#14 /home/abdoulaye/Bureau/Lumen/blog/vendor/laravel/lumen-framework/src/Concerns/RoutesRequests.php(108): Laravel\Lumen\Application->dispatch(NULL)
#15 /home/abdoulaye/Bureau/Lumen/blog/public/index.php(28): Laravel\Lumen\Application->run()
#16 {main} {"exception":"[object] (Symfony\\Component\\Debug\\Exception\\FatalThrowableError(code: 0): Class 'JWTAuth' not found at /home/abdoulaye/Bureau/Lumen/blog/app/Http/Controllers/AuthController.php:73)
[stacktrace]
#0 [internal function]: App\\Http\\Controllers\\AuthController->login(Object(Laravel\\Lumen\\Http\\Request))
#1 /home/abdoulaye/Bureau/Lumen/blog/vendor/illuminate/container/BoundMethod.php(32): call_user_func_array(Array, Array)
#2 /home/abdoulaye/Bureau/Lumen/blog/vendor/illuminate/support/helpers.php(520): Illuminate\\Container\\BoundMethod::Illuminate\\Container\\{closure}()
#3 /home/abdoulaye/Bureau/Lumen/blog/vendor/illuminate/container/BoundMethod.php(90): value(Object(Closure))
#4 /home/abdoulaye/Bureau/Lumen/blog/vendor/illuminate/container/BoundMethod.php(34): Illuminate\\Container\\BoundMethod::callBoundMethod(Object(Laravel\\Lumen\\Application), Array, Object(Closure))
#5 /home/abdoulaye/Bureau/Lumen/blog/vendor/illuminate/container/Container.php(591): Illuminate\\Container\\BoundMethod::call(Object(Laravel\\Lumen\\Application), Array, Array, NULL)
#6 /home/abdoulaye/Bureau/Lumen/blog/vendor/laravel/lumen-framework/src/Concerns/RoutesRequests.php(376): Illuminate\\Container\\Container->call(Array, Array)
#7 /home/abdoulaye/Bureau/Lumen/blog/vendor/laravel/lumen-framework/src/Concerns/RoutesRequests.php(342): Laravel\\Lumen\\Application->callControllerCallable(Array, Array)
#8 /home/abdoulaye/Bureau/Lumen/blog/vendor/laravel/lumen-framework/src/Concerns/RoutesRequests.php(316): Laravel\\Lumen\\Application->callLumenController(Object(App\\Http\\Controllers\\AuthController), 'login', Array)
#9 /home/abdoulaye/Bureau/Lumen/blog/vendor/laravel/lumen-framework/src/Concerns/RoutesRequests.php(278): Laravel\\Lumen\\Application->callControllerAction(Array)
#10 /home/abdoulaye/Bureau/Lumen/blog/vendor/laravel/lumen-framework/src/Concerns/RoutesRequests.php(263): Laravel\\Lumen\\Application->callActionOnArrayBasedRoute(Array)
#11 /home/abdoulaye/Bureau/Lumen/blog/vendor/laravel/lumen-framework/src/Concerns/RoutesRequests.php(165): Laravel\\Lumen\\Application->handleFoundRoute(Array)
#12 /home/abdoulaye/Bureau/Lumen/blog/vendor/laravel/lumen-framework/src/Concerns/RoutesRequests.php(416): Laravel\\Lumen\\Application->Laravel\\Lumen\\Concerns\\{closure}(Object(Laravel\\Lumen\\Http\\Request))
#13 /home/abdoulaye/Bureau/Lumen/blog/vendor/laravel/lumen-framework/src/Concerns/RoutesRequests.php(171): Laravel\\Lumen\\Application->sendThroughPipeline(Array, Object(Closure))
#14 /home/abdoulaye/Bureau/Lumen/blog/vendor/laravel/lumen-framework/src/Concerns/RoutesRequests.php(108): Laravel\\Lumen\\Application->dispatch(NULL)
#15 /home/abdoulaye/Bureau/Lumen/blog/public/index.php(28): Laravel\\Lumen\\Application->run()
#16 {main}
"} 
[2019-11-13 20:22:45] local.ERROR: Symfony\Component\Debug\Exception\FatalThrowableError: Call to a member function prepare() on null in /home/abdoulaye/Bureau/Lumen/blog/vendor/illuminate/database/Connection.php:327
Stack trace:
#0 /home/abdoulaye/Bureau/Lumen/blog/vendor/illuminate/database/Connection.php(658): Illuminate\Database\Connection->Illuminate\Database\{closure}('select * from "...', Array)
#1 /home/abdoulaye/Bureau/Lumen/blog/vendor/illuminate/database/Connection.php(625): Illuminate\Database\Connection->runQueryCallback('select * from "...', Array, Object(Closure))
#2 /home/abdoulaye/Bureau/Lumen/blog/vendor/illuminate/database/Connection.php(334): Illuminate\Database\Connection->run('select * from "...', Array, Object(Closure))
#3 /home/abdoulaye/Bureau/Lumen/blog/vendor/illuminate/database/Query/Builder.php(2130): Illuminate\Database\Connection->select('select * from "...', Array, true)
#4 /home/abdoulaye/Bureau/Lumen/blog/vendor/illuminate/database/Query/Builder.php(2118): Illuminate\Database\Query\Builder->runSelect()
#5 /home/abdoulaye/Bureau/Lumen/blog/vendor/illuminate/database/Query/Builder.php(2584): Illuminate\Database\Query\Builder->Illuminate\Database\Query\{closure}()
#6 /home/abdoulaye/Bureau/Lumen/blog/vendor/illuminate/database/Query/Builder.php(2119): Illuminate\Database\Query\Builder->onceWithColumns(Array, Object(Closure))
#7 /home/abdoulaye/Bureau/Lumen/blog/vendor/illuminate/database/Eloquent/Builder.php(521): Illuminate\Database\Query\Builder->get(Array)
#8 /home/abdoulaye/Bureau/Lumen/blog/vendor/illuminate/database/Eloquent/Builder.php(505): Illuminate\Database\Eloquent\Builder->getModels(Array)
#9 /home/abdoulaye/Bureau/Lumen/blog/vendor/illuminate/database/Concerns/BuildsQueries.php(143): Illuminate\Database\Eloquent\Builder->get(Array)
#10 /home/abdoulaye/Bureau/Lumen/blog/vendor/illuminate/auth/EloquentUserProvider.php(131): Illuminate\Database\Eloquent\Builder->first()
#11 /home/abdoulaye/Bureau/Lumen/blog/vendor/tymon/jwt-auth/src/JWTGuard.php(124): Illuminate\Auth\EloquentUserProvider->retrieveByCredentials(Array)
#12 /home/abdoulaye/Bureau/Lumen/blog/vendor/illuminate/auth/AuthManager.php(307): Tymon\JWTAuth\JWTGuard->attempt(Array)
#13 /home/abdoulaye/Bureau/Lumen/blog/vendor/illuminate/support/Facades/Facade.php(239): Illuminate\Auth\AuthManager->__call('attempt', Array)
#14 /home/abdoulaye/Bureau/Lumen/blog/app/Http/Controllers/AuthController.php(72): Illuminate\Support\Facades\Facade::__callStatic('attempt', Array)
#15 [internal function]: App\Http\Controllers\AuthController->login(Object(Laravel\Lumen\Http\Request))
#16 /home/abdoulaye/Bureau/Lumen/blog/vendor/illuminate/container/BoundMethod.php(32): call_user_func_array(Array, Array)
#17 /home/abdoulaye/Bureau/Lumen/blog/vendor/illuminate/support/helpers.php(520): Illuminate\Container\BoundMethod::Illuminate\Container\{closure}()
#18 /home/abdoulaye/Bureau/Lumen/blog/vendor/illuminate/container/BoundMethod.php(90): value(Object(Closure))
#19 /home/abdoulaye/Bureau/Lumen/blog/vendor/illuminate/container/BoundMethod.php(34): Illuminate\Container\BoundMethod::callBoundMethod(Object(Laravel\Lumen\Application), Array, Object(Closure))
#20 /home/abdoulaye/Bureau/Lumen/blog/vendor/illuminate/container/Container.php(591): Illuminate\Container\BoundMethod::call(Object(Laravel\Lumen\Application), Array, Array, NULL)
#21 /home/abdoulaye/Bureau/Lumen/blog/vendor/laravel/lumen-framework/src/Concerns/RoutesRequests.php(376): Illuminate\Container\Container->call(Array, Array)
#22 /home/abdoulaye/Bureau/Lumen/blog/vendor/laravel/lumen-framework/src/Concerns/RoutesRequests.php(342): Laravel\Lumen\Application->callControllerCallable(Array, Array)
#23 /home/abdoulaye/Bureau/Lumen/blog/vendor/laravel/lumen-framework/src/Concerns/RoutesRequests.php(316): Laravel\Lumen\Application->callLumenController(Object(App\Http\Controllers\AuthController), 'login', Array)
#24 /home/abdoulaye/Bureau/Lumen/blog/vendor/laravel/lumen-framework/src/Concerns/RoutesRequests.php(278): Laravel\Lumen\Application->callControllerAction(Array)
#25 /home/abdoulaye/Bureau/Lumen/blog/vendor/laravel/lumen-framework/src/Concerns/RoutesRequests.php(263): Laravel\Lumen\Application->callActionOnArrayBasedRoute(Array)
#26 /home/abdoulaye/Bureau/Lumen/blog/vendor/laravel/lumen-framework/src/Concerns/RoutesRequests.php(165): Laravel\Lumen\Application->handleFoundRoute(Array)
#27 /home/abdoulaye/Bureau/Lumen/blog/vendor/laravel/lumen-framework/src/Concerns/RoutesRequests.php(416): Laravel\Lumen\Application->Laravel\Lumen\Concerns\{closure}(Object(Laravel\Lumen\Http\Request))
#28 /home/abdoulaye/Bureau/Lumen/blog/vendor/laravel/lumen-framework/src/Concerns/RoutesRequests.php(171): Laravel\Lumen\Application->sendThroughPipeline(Array, Object(Closure))
#29 /home/abdoulaye/Bureau/Lumen/blog/vendor/laravel/lumen-framework/src/Concerns/RoutesRequests.php(108): Laravel\Lumen\Application->dispatch(NULL)
#30 /home/abdoulaye/Bureau/Lumen/blog/public/index.php(28): Laravel\Lumen\Application->run()
#31 {main} {"exception":"[object] (Symfony\\Component\\Debug\\Exception\\FatalThrowableError(code: 0): Call to a member function prepare() on null at /home/abdoulaye/Bureau/Lumen/blog/vendor/illuminate/database/Connection.php:327)
[stacktrace]
#0 /home/abdoulaye/Bureau/Lumen/blog/vendor/illuminate/database/Connection.php(658): Illuminate\\Database\\Connection->Illuminate\\Database\\{closure}('select * from \"...', Array)
#1 /home/abdoulaye/Bureau/Lumen/blog/vendor/illuminate/database/Connection.php(625): Illuminate\\Database\\Connection->runQueryCallback('select * from \"...', Array, Object(Closure))
#2 /home/abdoulaye/Bureau/Lumen/blog/vendor/illuminate/database/Connection.php(334): Illuminate\\Database\\Connection->run('select * from \"...', Array, Object(Closure))
#3 /home/abdoulaye/Bureau/Lumen/blog/vendor/illuminate/database/Query/Builder.php(2130): Illuminate\\Database\\Connection->select('select * from \"...', Array, true)
#4 /home/abdoulaye/Bureau/Lumen/blog/vendor/illuminate/database/Query/Builder.php(2118): Illuminate\\Database\\Query\\Builder->runSelect()
#5 /home/abdoulaye/Bureau/Lumen/blog/vendor/illuminate/database/Query/Builder.php(2584): Illuminate\\Database\\Query\\Builder->Illuminate\\Database\\Query\\{closure}()
#6 /home/abdoulaye/Bureau/Lumen/blog/vendor/illuminate/database/Query/Builder.php(2119): Illuminate\\Database\\Query\\Builder->onceWithColumns(Array, Object(Closure))
#7 /home/abdoulaye/Bureau/Lumen/blog/vendor/illuminate/database/Eloquent/Builder.php(521): Illuminate\\Database\\Query\\Builder->get(Array)
#8 /home/abdoulaye/Bureau/Lumen/blog/vendor/illuminate/database/Eloquent/Builder.php(505): Illuminate\\Database\\Eloquent\\Builder->getModels(Array)
#9 /home/abdoulaye/Bureau/Lumen/blog/vendor/illuminate/database/Concerns/BuildsQueries.php(143): Illuminate\\Database\\Eloquent\\Builder->get(Array)
#10 /home/abdoulaye/Bureau/Lumen/blog/vendor/illuminate/auth/EloquentUserProvider.php(131): Illuminate\\Database\\Eloquent\\Builder->first()
#11 /home/abdoulaye/Bureau/Lumen/blog/vendor/tymon/jwt-auth/src/JWTGuard.php(124): Illuminate\\Auth\\EloquentUserProvider->retrieveByCredentials(Array)
#12 /home/abdoulaye/Bureau/Lumen/blog/vendor/illuminate/auth/AuthManager.php(307): Tymon\\JWTAuth\\JWTGuard->attempt(Array)
#13 /home/abdoulaye/Bureau/Lumen/blog/vendor/illuminate/support/Facades/Facade.php(239): Illuminate\\Auth\\AuthManager->__call('attempt', Array)
#14 /home/abdoulaye/Bureau/Lumen/blog/app/Http/Controllers/AuthController.php(72): Illuminate\\Support\\Facades\\Facade::__callStatic('attempt', Array)
#15 [internal function]: App\\Http\\Controllers\\AuthController->login(Object(Laravel\\Lumen\\Http\\Request))
#16 /home/abdoulaye/Bureau/Lumen/blog/vendor/illuminate/container/BoundMethod.php(32): call_user_func_array(Array, Array)
#17 /home/abdoulaye/Bureau/Lumen/blog/vendor/illuminate/support/helpers.php(520): Illuminate\\Container\\BoundMethod::Illuminate\\Container\\{closure}()
#18 /home/abdoulaye/Bureau/Lumen/blog/vendor/illuminate/container/BoundMethod.php(90): value(Object(Closure))
#19 /home/abdoulaye/Bureau/Lumen/blog/vendor/illuminate/container/BoundMethod.php(34): Illuminate\\Container\\BoundMethod::callBoundMethod(Object(Laravel\\Lumen\\Application), Array, Object(Closure))
#20 /home/abdoulaye/Bureau/Lumen/blog/vendor/illuminate/container/Container.php(591): Illuminate\\Container\\BoundMethod::call(Object(Laravel\\Lumen\\Application), Array, Array, NULL)
#21 /home/abdoulaye/Bureau/Lumen/blog/vendor/laravel/lumen-framework/src/Concerns/RoutesRequests.php(376): Illuminate\\Container\\Container->call(Array, Array)
#22 /home/abdoulaye/Bureau/Lumen/blog/vendor/laravel/lumen-framework/src/Concerns/RoutesRequests.php(342): Laravel\\Lumen\\Application->callControllerCallable(Array, Array)
#23 /home/abdoulaye/Bureau/Lumen/blog/vendor/laravel/lumen-framework/src/Concerns/RoutesRequests.php(316): Laravel\\Lumen\\Application->callLumenController(Object(App\\Http\\Controllers\\AuthController), 'login', Array)
#24 /home/abdoulaye/Bureau/Lumen/blog/vendor/laravel/lumen-framework/src/Concerns/RoutesRequests.php(278): Laravel\\Lumen\\Application->callControllerAction(Array)
#25 /home/abdoulaye/Bureau/Lumen/blog/vendor/laravel/lumen-framework/src/Concerns/RoutesRequests.php(263): Laravel\\Lumen\\Application->callActionOnArrayBasedRoute(Array)
#26 /home/abdoulaye/Bureau/Lumen/blog/vendor/laravel/lumen-framework/src/Concerns/RoutesRequests.php(165): Laravel\\Lumen\\Application->handleFoundRoute(Array)
#27 /home/abdoulaye/Bureau/Lumen/blog/vendor/laravel/lumen-framework/src/Concerns/RoutesRequests.php(416): Laravel\\Lumen\\Application->Laravel\\Lumen\\Concerns\\{closure}(Object(Laravel\\Lumen\\Http\\Request))
#28 /home/abdoulaye/Bureau/Lumen/blog/vendor/laravel/lumen-framework/src/Concerns/RoutesRequests.php(171): Laravel\\Lumen\\Application->sendThroughPipeline(Array, Object(Closure))
#29 /home/abdoulaye/Bureau/Lumen/blog/vendor/laravel/lumen-framework/src/Concerns/RoutesRequests.php(108): Laravel\\Lumen\\Application->dispatch(NULL)
#30 /home/abdoulaye/Bureau/Lumen/blog/public/index.php(28): Laravel\\Lumen\\Application->run()
#31 {main}
"} 
[2019-11-13 20:32:35] local.ERROR: ErrorException: Non-static method Tymon\JWTAuth\JWTAuth::attempt() should not be called statically in /home/abdoulaye/Bureau/Lumen/blog/app/Http/Controllers/AuthController.php:73
Stack trace:
#0 /home/abdoulaye/Bureau/Lumen/blog/app/Http/Controllers/AuthController.php(73): Laravel\Lumen\Application->Laravel\Lumen\Concerns\{closure}(8192, 'Non-static meth...', '/home/abdoulaye...', 73, Array)
#1 [internal function]: App\Http\Controllers\AuthController->login(Object(Laravel\Lumen\Http\Request))
#2 /home/abdoulaye/Bureau/Lumen/blog/vendor/illuminate/container/BoundMethod.php(32): call_user_func_array(Array, Array)
#3 /home/abdoulaye/Bureau/Lumen/blog/vendor/illuminate/support/helpers.php(520): Illuminate\Container\BoundMethod::Illuminate\Container\{closure}()
#4 /home/abdoulaye/Bureau/Lumen/blog/vendor/illuminate/container/BoundMethod.php(90): value(Object(Closure))
#5 /home/abdoulaye/Bureau/Lumen/blog/vendor/illuminate/container/BoundMethod.php(34): Illuminate\Container\BoundMethod::callBoundMethod(Object(Laravel\Lumen\Application), Array, Object(Closure))
#6 /home/abdoulaye/Bureau/Lumen/blog/vendor/illuminate/container/Container.php(591): Illuminate\Container\BoundMethod::call(Object(Laravel\Lumen\Application), Array, Array, NULL)
#7 /home/abdoulaye/Bureau/Lumen/blog/vendor/laravel/lumen-framework/src/Concerns/RoutesRequests.php(376): Illuminate\Container\Container->call(Array, Array)
#8 /home/abdoulaye/Bureau/Lumen/blog/vendor/laravel/lumen-framework/src/Concerns/RoutesRequests.php(342): Laravel\Lumen\Application->callControllerCallable(Array, Array)
#9 /home/abdoulaye/Bureau/Lumen/blog/vendor/laravel/lumen-framework/src/Concerns/RoutesRequests.php(316): Laravel\Lumen\Application->callLumenController(Object(App\Http\Controllers\AuthController), 'login', Array)
#10 /home/abdoulaye/Bureau/Lumen/blog/vendor/laravel/lumen-framework/src/Concerns/RoutesRequests.php(278): Laravel\Lumen\Application->callControllerAction(Array)
#11 /home/abdoulaye/Bureau/Lumen/blog/vendor/laravel/lumen-framework/src/Concerns/RoutesRequests.php(263): Laravel\Lumen\Application->callActionOnArrayBasedRoute(Array)
#12 /home/abdoulaye/Bureau/Lumen/blog/vendor/laravel/lumen-framework/src/Concerns/RoutesRequests.php(165): Laravel\Lumen\Application->handleFoundRoute(Array)
#13 /home/abdoulaye/Bureau/Lumen/blog/vendor/laravel/lumen-framework/src/Concerns/RoutesRequests.php(416): Laravel\Lumen\Application->Laravel\Lumen\Concerns\{closure}(Object(Laravel\Lumen\Http\Request))
#14 /home/abdoulaye/Bureau/Lumen/blog/vendor/laravel/lumen-framework/src/Concerns/RoutesRequests.php(171): Laravel\Lumen\Application->sendThroughPipeline(Array, Object(Closure))
#15 /home/abdoulaye/Bureau/Lumen/blog/vendor/laravel/lumen-framework/src/Concerns/RoutesRequests.php(108): Laravel\Lumen\Application->dispatch(NULL)
#16 /home/abdoulaye/Bureau/Lumen/blog/public/index.php(28): Laravel\Lumen\Application->run()
#17 {main} {"exception":"[object] (ErrorException(code: 0): Non-static method Tymon\\JWTAuth\\JWTAuth::attempt() should not be called statically at /home/abdoulaye/Bureau/Lumen/blog/app/Http/Controllers/AuthController.php:73)
[stacktrace]
#0 /home/abdoulaye/Bureau/Lumen/blog/app/Http/Controllers/AuthController.php(73): Laravel\\Lumen\\Application->Laravel\\Lumen\\Concerns\\{closure}(8192, 'Non-static meth...', '/home/abdoulaye...', 73, Array)
#1 [internal function]: App\\Http\\Controllers\\AuthController->login(Object(Laravel\\Lumen\\Http\\Request))
#2 /home/abdoulaye/Bureau/Lumen/blog/vendor/illuminate/container/BoundMethod.php(32): call_user_func_array(Array, Array)
#3 /home/abdoulaye/Bureau/Lumen/blog/vendor/illuminate/support/helpers.php(520): Illuminate\\Container\\BoundMethod::Illuminate\\Container\\{closure}()
#4 /home/abdoulaye/Bureau/Lumen/blog/vendor/illuminate/container/BoundMethod.php(90): value(Object(Closure))
#5 /home/abdoulaye/Bureau/Lumen/blog/vendor/illuminate/container/BoundMethod.php(34): Illuminate\\Container\\BoundMethod::callBoundMethod(Object(Laravel\\Lumen\\Application), Array, Object(Closure))
#6 /home/abdoulaye/Bureau/Lumen/blog/vendor/illuminate/container/Container.php(591): Illuminate\\Container\\BoundMethod::call(Object(Laravel\\Lumen\\Application), Array, Array, NULL)
#7 /home/abdoulaye/Bureau/Lumen/blog/vendor/laravel/lumen-framework/src/Concerns/RoutesRequests.php(376): Illuminate\\Container\\Container->call(Array, Array)
#8 /home/abdoulaye/Bureau/Lumen/blog/vendor/laravel/lumen-framework/src/Concerns/RoutesRequests.php(342): Laravel\\Lumen\\Application->callControllerCallable(Array, Array)
#9 /home/abdoulaye/Bureau/Lumen/blog/vendor/laravel/lumen-framework/src/Concerns/RoutesRequests.php(316): Laravel\\Lumen\\Application->callLumenController(Object(App\\Http\\Controllers\\AuthController), 'login', Array)
#10 /home/abdoulaye/Bureau/Lumen/blog/vendor/laravel/lumen-framework/src/Concerns/RoutesRequests.php(278): Laravel\\Lumen\\Application->callControllerAction(Array)
#11 /home/abdoulaye/Bureau/Lumen/blog/vendor/laravel/lumen-framework/src/Concerns/RoutesRequests.php(263): Laravel\\Lumen\\Application->callActionOnArrayBasedRoute(Array)
#12 /home/abdoulaye/Bureau/Lumen/blog/vendor/laravel/lumen-framework/src/Concerns/RoutesRequests.php(165): Laravel\\Lumen\\Application->handleFoundRoute(Array)
#13 /home/abdoulaye/Bureau/Lumen/blog/vendor/laravel/lumen-framework/src/Concerns/RoutesRequests.php(416): Laravel\\Lumen\\Application->Laravel\\Lumen\\Concerns\\{closure}(Object(Laravel\\Lumen\\Http\\Request))
#14 /home/abdoulaye/Bureau/Lumen/blog/vendor/laravel/lumen-framework/src/Concerns/RoutesRequests.php(171): Laravel\\Lumen\\Application->sendThroughPipeline(Array, Object(Closure))
#15 /home/abdoulaye/Bureau/Lumen/blog/vendor/laravel/lumen-framework/src/Concerns/RoutesRequests.php(108): Laravel\\Lumen\\Application->dispatch(NULL)
#16 /home/abdoulaye/Bureau/Lumen/blog/public/index.php(28): Laravel\\Lumen\\Application->run()
#17 {main}
"} 
[2019-11-13 20:34:12] local.ERROR: Symfony\Component\Debug\Exception\FatalThrowableError: Call to a member function prepare() on null in /home/abdoulaye/Bureau/Lumen/blog/vendor/illuminate/database/Connection.php:327
Stack trace:
#0 /home/abdoulaye/Bureau/Lumen/blog/vendor/illuminate/database/Connection.php(658): Illuminate\Database\Connection->Illuminate\Database\{closure}('select * from "...', Array)
#1 /home/abdoulaye/Bureau/Lumen/blog/vendor/illuminate/database/Connection.php(625): Illuminate\Database\Connection->runQueryCallback('select * from "...', Array, Object(Closure))
#2 /home/abdoulaye/Bureau/Lumen/blog/vendor/illuminate/database/Connection.php(334): Illuminate\Database\Connection->run('select * from "...', Array, Object(Closure))
#3 /home/abdoulaye/Bureau/Lumen/blog/vendor/illuminate/database/Query/Builder.php(2130): Illuminate\Database\Connection->select('select * from "...', Array, true)
#4 /home/abdoulaye/Bureau/Lumen/blog/vendor/illuminate/database/Query/Builder.php(2118): Illuminate\Database\Query\Builder->runSelect()
#5 /home/abdoulaye/Bureau/Lumen/blog/vendor/illuminate/database/Query/Builder.php(2584): Illuminate\Database\Query\Builder->Illuminate\Database\Query\{closure}()
#6 /home/abdoulaye/Bureau/Lumen/blog/vendor/illuminate/database/Query/Builder.php(2119): Illuminate\Database\Query\Builder->onceWithColumns(Array, Object(Closure))
#7 /home/abdoulaye/Bureau/Lumen/blog/vendor/illuminate/database/Eloquent/Builder.php(521): Illuminate\Database\Query\Builder->get(Array)
#8 /home/abdoulaye/Bureau/Lumen/blog/vendor/illuminate/database/Eloquent/Builder.php(505): Illuminate\Database\Eloquent\Builder->getModels(Array)
#9 /home/abdoulaye/Bureau/Lumen/blog/vendor/illuminate/database/Concerns/BuildsQueries.php(143): Illuminate\Database\Eloquent\Builder->get(Array)
#10 /home/abdoulaye/Bureau/Lumen/blog/vendor/illuminate/auth/EloquentUserProvider.php(131): Illuminate\Database\Eloquent\Builder->first()
#11 /home/abdoulaye/Bureau/Lumen/blog/vendor/tymon/jwt-auth/src/JWTGuard.php(124): Illuminate\Auth\EloquentUserProvider->retrieveByCredentials(Array)
#12 /home/abdoulaye/Bureau/Lumen/blog/vendor/illuminate/auth/AuthManager.php(307): Tymon\JWTAuth\JWTGuard->attempt(Array)
#13 /home/abdoulaye/Bureau/Lumen/blog/vendor/illuminate/support/Facades/Facade.php(239): Illuminate\Auth\AuthManager->__call('attempt', Array)
#14 /home/abdoulaye/Bureau/Lumen/blog/app/Http/Controllers/AuthController.php(73): Illuminate\Support\Facades\Facade::__callStatic('attempt', Array)
#15 [internal function]: App\Http\Controllers\AuthController->login(Object(Laravel\Lumen\Http\Request))
#16 /home/abdoulaye/Bureau/Lumen/blog/vendor/illuminate/container/BoundMethod.php(32): call_user_func_array(Array, Array)
#17 /home/abdoulaye/Bureau/Lumen/blog/vendor/illuminate/support/helpers.php(520): Illuminate\Container\BoundMethod::Illuminate\Container\{closure}()
#18 /home/abdoulaye/Bureau/Lumen/blog/vendor/illuminate/container/BoundMethod.php(90): value(Object(Closure))
#19 /home/abdoulaye/Bureau/Lumen/blog/vendor/illuminate/container/BoundMethod.php(34): Illuminate\Container\BoundMethod::callBoundMethod(Object(Laravel\Lumen\Application), Array, Object(Closure))
#20 /home/abdoulaye/Bureau/Lumen/blog/vendor/illuminate/container/Container.php(591): Illuminate\Container\BoundMethod::call(Object(Laravel\Lumen\Application), Array, Array, NULL)
#21 /home/abdoulaye/Bureau/Lumen/blog/vendor/laravel/lumen-framework/src/Concerns/RoutesRequests.php(376): Illuminate\Container\Container->call(Array, Array)
#22 /home/abdoulaye/Bureau/Lumen/blog/vendor/laravel/lumen-framework/src/Concerns/RoutesRequests.php(342): Laravel\Lumen\Application->callControllerCallable(Array, Array)
#23 /home/abdoulaye/Bureau/Lumen/blog/vendor/laravel/lumen-framework/src/Concerns/RoutesRequests.php(316): Laravel\Lumen\Application->callLumenController(Object(App\Http\Controllers\AuthController), 'login', Array)
#24 /home/abdoulaye/Bureau/Lumen/blog/vendor/laravel/lumen-framework/src/Concerns/RoutesRequests.php(278): Laravel\Lumen\Application->callControllerAction(Array)
#25 /home/abdoulaye/Bureau/Lumen/blog/vendor/laravel/lumen-framework/src/Concerns/RoutesRequests.php(263): Laravel\Lumen\Application->callActionOnArrayBasedRoute(Array)
#26 /home/abdoulaye/Bureau/Lumen/blog/vendor/laravel/lumen-framework/src/Concerns/RoutesRequests.php(165): Laravel\Lumen\Application->handleFoundRoute(Array)
#27 /home/abdoulaye/Bureau/Lumen/blog/vendor/laravel/lumen-framework/src/Concerns/RoutesRequests.php(416): Laravel\Lumen\Application->Laravel\Lumen\Concerns\{closure}(Object(Laravel\Lumen\Http\Request))
#28 /home/abdoulaye/Bureau/Lumen/blog/vendor/laravel/lumen-framework/src/Concerns/RoutesRequests.php(171): Laravel\Lumen\Application->sendThroughPipeline(Array, Object(Closure))
#29 /home/abdoulaye/Bureau/Lumen/blog/vendor/laravel/lumen-framework/src/Concerns/RoutesRequests.php(108): Laravel\Lumen\Application->dispatch(NULL)
#30 /home/abdoulaye/Bureau/Lumen/blog/public/index.php(28): Laravel\Lumen\Application->run()
#31 {main} {"exception":"[object] (Symfony\\Component\\Debug\\Exception\\FatalThrowableError(code: 0): Call to a member function prepare() on null at /home/abdoulaye/Bureau/Lumen/blog/vendor/illuminate/database/Connection.php:327)
[stacktrace]
#0 /home/abdoulaye/Bureau/Lumen/blog/vendor/illuminate/database/Connection.php(658): Illuminate\\Database\\Connection->Illuminate\\Database\\{closure}('select * from \"...', Array)
#1 /home/abdoulaye/Bureau/Lumen/blog/vendor/illuminate/database/Connection.php(625): Illuminate\\Database\\Connection->runQueryCallback('select * from \"...', Array, Object(Closure))
#2 /home/abdoulaye/Bureau/Lumen/blog/vendor/illuminate/database/Connection.php(334): Illuminate\\Database\\Connection->run('select * from \"...', Array, Object(Closure))
#3 /home/abdoulaye/Bureau/Lumen/blog/vendor/illuminate/database/Query/Builder.php(2130): Illuminate\\Database\\Connection->select('select * from \"...', Array, true)
#4 /home/abdoulaye/Bureau/Lumen/blog/vendor/illuminate/database/Query/Builder.php(2118): Illuminate\\Database\\Query\\Builder->runSelect()
#5 /home/abdoulaye/Bureau/Lumen/blog/vendor/illuminate/database/Query/Builder.php(2584): Illuminate\\Database\\Query\\Builder->Illuminate\\Database\\Query\\{closure}()
#6 /home/abdoulaye/Bureau/Lumen/blog/vendor/illuminate/database/Query/Builder.php(2119): Illuminate\\Database\\Query\\Builder->onceWithColumns(Array, Object(Closure))
#7 /home/abdoulaye/Bureau/Lumen/blog/vendor/illuminate/database/Eloquent/Builder.php(521): Illuminate\\Database\\Query\\Builder->get(Array)
#8 /home/abdoulaye/Bureau/Lumen/blog/vendor/illuminate/database/Eloquent/Builder.php(505): Illuminate\\Database\\Eloquent\\Builder->getModels(Array)
#9 /home/abdoulaye/Bureau/Lumen/blog/vendor/illuminate/database/Concerns/BuildsQueries.php(143): Illuminate\\Database\\Eloquent\\Builder->get(Array)
#10 /home/abdoulaye/Bureau/Lumen/blog/vendor/illuminate/auth/EloquentUserProvider.php(131): Illuminate\\Database\\Eloquent\\Builder->first()
#11 /home/abdoulaye/Bureau/Lumen/blog/vendor/tymon/jwt-auth/src/JWTGuard.php(124): Illuminate\\Auth\\EloquentUserProvider->retrieveByCredentials(Array)
#12 /home/abdoulaye/Bureau/Lumen/blog/vendor/illuminate/auth/AuthManager.php(307): Tymon\\JWTAuth\\JWTGuard->attempt(Array)
#13 /home/abdoulaye/Bureau/Lumen/blog/vendor/illuminate/support/Facades/Facade.php(239): Illuminate\\Auth\\AuthManager->__call('attempt', Array)
#14 /home/abdoulaye/Bureau/Lumen/blog/app/Http/Controllers/AuthController.php(73): Illuminate\\Support\\Facades\\Facade::__callStatic('attempt', Array)
#15 [internal function]: App\\Http\\Controllers\\AuthController->login(Object(Laravel\\Lumen\\Http\\Request))
#16 /home/abdoulaye/Bureau/Lumen/blog/vendor/illuminate/container/BoundMethod.php(32): call_user_func_array(Array, Array)
#17 /home/abdoulaye/Bureau/Lumen/blog/vendor/illuminate/support/helpers.php(520): Illuminate\\Container\\BoundMethod::Illuminate\\Container\\{closure}()
#18 /home/abdoulaye/Bureau/Lumen/blog/vendor/illuminate/container/BoundMethod.php(90): value(Object(Closure))
#19 /home/abdoulaye/Bureau/Lumen/blog/vendor/illuminate/container/BoundMethod.php(34): Illuminate\\Container\\BoundMethod::callBoundMethod(Object(Laravel\\Lumen\\Application), Array, Object(Closure))
#20 /home/abdoulaye/Bureau/Lumen/blog/vendor/illuminate/container/Container.php(591): Illuminate\\Container\\BoundMethod::call(Object(Laravel\\Lumen\\Application), Array, Array, NULL)
#21 /home/abdoulaye/Bureau/Lumen/blog/vendor/laravel/lumen-framework/src/Concerns/RoutesRequests.php(376): Illuminate\\Container\\Container->call(Array, Array)
#22 /home/abdoulaye/Bureau/Lumen/blog/vendor/laravel/lumen-framework/src/Concerns/RoutesRequests.php(342): Laravel\\Lumen\\Application->callControllerCallable(Array, Array)
#23 /home/abdoulaye/Bureau/Lumen/blog/vendor/laravel/lumen-framework/src/Concerns/RoutesRequests.php(316): Laravel\\Lumen\\Application->callLumenController(Object(App\\Http\\Controllers\\AuthController), 'login', Array)
#24 /home/abdoulaye/Bureau/Lumen/blog/vendor/laravel/lumen-framework/src/Concerns/RoutesRequests.php(278): Laravel\\Lumen\\Application->callControllerAction(Array)
#25 /home/abdoulaye/Bureau/Lumen/blog/vendor/laravel/lumen-framework/src/Concerns/RoutesRequests.php(263): Laravel\\Lumen\\Application->callActionOnArrayBasedRoute(Array)
#26 /home/abdoulaye/Bureau/Lumen/blog/vendor/laravel/lumen-framework/src/Concerns/RoutesRequests.php(165): Laravel\\Lumen\\Application->handleFoundRoute(Array)
#27 /home/abdoulaye/Bureau/Lumen/blog/vendor/laravel/lumen-framework/src/Concerns/RoutesRequests.php(416): Laravel\\Lumen\\Application->Laravel\\Lumen\\Concerns\\{closure}(Object(Laravel\\Lumen\\Http\\Request))
#28 /home/abdoulaye/Bureau/Lumen/blog/vendor/laravel/lumen-framework/src/Concerns/RoutesRequests.php(171): Laravel\\Lumen\\Application->sendThroughPipeline(Array, Object(Closure))
#29 /home/abdoulaye/Bureau/Lumen/blog/vendor/laravel/lumen-framework/src/Concerns/RoutesRequests.php(108): Laravel\\Lumen\\Application->dispatch(NULL)
#30 /home/abdoulaye/Bureau/Lumen/blog/public/index.php(28): Laravel\\Lumen\\Application->run()
#31 {main}
"} 
