[2019-11-11 08:41:53] local.ERROR: Symfony\Component\Debug\Exception\FatalThrowableError: Call to undefined method MongoDB\Driver\Server::executeReadCommand() in /home/abdoulaye/Bureau/Lumen/blog/vendor/mongodb/mongodb/src/Operation/ListCollections.php:136
Stack trace:
#0 /home/abdoulaye/Bureau/Lumen/blog/vendor/mongodb/mongodb/src/Operation/ListCollections.php(93): MongoDB\Operation\ListCollections->executeCommand(Object(MongoDB\Driver\Server))
#1 /home/abdoulaye/Bureau/Lumen/blog/vendor/mongodb/mongodb/src/Database.php(425): MongoDB\Operation\ListCollections->execute(Object(MongoDB\Driver\Server))
#2 /home/abdoulaye/Bureau/Lumen/blog/vendor/jenssegers/mongodb/src/Jenssegers/Mongodb/Schema/Builder.php(43): MongoDB\Database->listCollections()
#3 /home/abdoulaye/Bureau/Lumen/blog/vendor/jenssegers/mongodb/src/Jenssegers/Mongodb/Schema/Builder.php(57): Jenssegers\Mongodb\Schema\Builder->hasCollection('migrations')
#4 /home/abdoulaye/Bureau/Lumen/blog/vendor/illuminate/database/Migrations/DatabaseMigrationRepository.php(169): Jenssegers\Mongodb\Schema\Builder->hasTable('migrations')
#5 /home/abdoulaye/Bureau/Lumen/blog/vendor/illuminate/database/Migrations/Migrator.php(585): Illuminate\Database\Migrations\DatabaseMigrationRepository->repositoryExists()
#6 /home/abdoulaye/Bureau/Lumen/blog/vendor/illuminate/database/Console/Migrations/MigrateCommand.php(91): Illuminate\Database\Migrations\Migrator->repositoryExists()
#7 /home/abdoulaye/Bureau/Lumen/blog/vendor/illuminate/database/Console/Migrations/MigrateCommand.php(63): Illuminate\Database\Console\Migrations\MigrateCommand->prepareDatabase()
#8 [internal function]: Illuminate\Database\Console\Migrations\MigrateCommand->handle()
#9 /home/abdoulaye/Bureau/Lumen/blog/vendor/illuminate/container/BoundMethod.php(32): call_user_func_array(Array, Array)
#10 /home/abdoulaye/Bureau/Lumen/blog/vendor/illuminate/support/helpers.php(520): Illuminate\Container\BoundMethod::Illuminate\Container\{closure}()
#11 /home/abdoulaye/Bureau/Lumen/blog/vendor/illuminate/container/BoundMethod.php(90): value(Object(Closure))
#12 /home/abdoulaye/Bureau/Lumen/blog/vendor/illuminate/container/BoundMethod.php(34): Illuminate\Container\BoundMethod::callBoundMethod(Object(Laravel\Lumen\Application), Array, Object(Closure))
#13 /home/abdoulaye/Bureau/Lumen/blog/vendor/illuminate/container/Container.php(591): Illuminate\Container\BoundMethod::call(Object(Laravel\Lumen\Application), Array, Array, NULL)
#14 /home/abdoulaye/Bureau/Lumen/blog/vendor/illuminate/console/Command.php(202): Illuminate\Container\Container->call(Array)
#15 /home/abdoulaye/Bureau/Lumen/blog/vendor/symfony/console/Command/Command.php(255): Illuminate\Console\Command->execute(Object(Symfony\Component\Console\Input\ArgvInput), Object(Illuminate\Console\OutputStyle))
#16 /home/abdoulaye/Bureau/Lumen/blog/vendor/illuminate/console/Command.php(189): Symfony\Component\Console\Command\Command->run(Object(Symfony\Component\Console\Input\ArgvInput), Object(Illuminate\Console\OutputStyle))
#17 /home/abdoulaye/Bureau/Lumen/blog/vendor/symfony/console/Application.php(934): Illuminate\Console\Command->run(Object(Symfony\Component\Console\Input\ArgvInput), Object(Symfony\Component\Console\Output\ConsoleOutput))
#18 /home/abdoulaye/Bureau/Lumen/blog/vendor/symfony/console/Application.php(273): Symfony\Component\Console\Application->doRunCommand(Object(Illuminate\Database\Console\Migrations\MigrateCommand), Object(Symfony\Component\Console\Input\ArgvInput), Object(Symfony\Component\Console\Output\ConsoleOutput))
#19 /home/abdoulaye/Bureau/Lumen/blog/vendor/symfony/console/Application.php(149): Symfony\Component\Console\Application->doRun(Object(Symfony\Component\Console\Input\ArgvInput), Object(Symfony\Component\Console\Output\ConsoleOutput))
#20 /home/abdoulaye/Bureau/Lumen/blog/vendor/illuminate/console/Application.php(90): Symfony\Component\Console\Application->run(Object(Symfony\Component\Console\Input\ArgvInput), Object(Symfony\Component\Console\Output\ConsoleOutput))
#21 /home/abdoulaye/Bureau/Lumen/blog/vendor/laravel/lumen-framework/src/Console/Kernel.php(115): Illuminate\Console\Application->run(Object(Symfony\Component\Console\Input\ArgvInput), Object(Symfony\Component\Console\Output\ConsoleOutput))
#22 /home/abdoulaye/Bureau/Lumen/blog/artisan(35): Laravel\Lumen\Console\Kernel->handle(Object(Symfony\Component\Console\Input\ArgvInput), Object(Symfony\Component\Console\Output\ConsoleOutput))
#23 {main} {"exception":"[object] (Symfony\\Component\\Debug\\Exception\\FatalThrowableError(code: 0): Call to undefined method MongoDB\\Driver\\Server::executeReadCommand() at /home/abdoulaye/Bureau/Lumen/blog/vendor/mongodb/mongodb/src/Operation/ListCollections.php:136)
[stacktrace]
#0 /home/abdoulaye/Bureau/Lumen/blog/vendor/mongodb/mongodb/src/Operation/ListCollections.php(93): MongoDB\\Operation\\ListCollections->executeCommand(Object(MongoDB\\Driver\\Server))
#1 /home/abdoulaye/Bureau/Lumen/blog/vendor/mongodb/mongodb/src/Database.php(425): MongoDB\\Operation\\ListCollections->execute(Object(MongoDB\\Driver\\Server))
#2 /home/abdoulaye/Bureau/Lumen/blog/vendor/jenssegers/mongodb/src/Jenssegers/Mongodb/Schema/Builder.php(43): MongoDB\\Database->listCollections()
#3 /home/abdoulaye/Bureau/Lumen/blog/vendor/jenssegers/mongodb/src/Jenssegers/Mongodb/Schema/Builder.php(57): Jenssegers\\Mongodb\\Schema\\Builder->hasCollection('migrations')
#4 /home/abdoulaye/Bureau/Lumen/blog/vendor/illuminate/database/Migrations/DatabaseMigrationRepository.php(169): Jenssegers\\Mongodb\\Schema\\Builder->hasTable('migrations')
#5 /home/abdoulaye/Bureau/Lumen/blog/vendor/illuminate/database/Migrations/Migrator.php(585): Illuminate\\Database\\Migrations\\DatabaseMigrationRepository->repositoryExists()
#6 /home/abdoulaye/Bureau/Lumen/blog/vendor/illuminate/database/Console/Migrations/MigrateCommand.php(91): Illuminate\\Database\\Migrations\\Migrator->repositoryExists()
#7 /home/abdoulaye/Bureau/Lumen/blog/vendor/illuminate/database/Console/Migrations/MigrateCommand.php(63): Illuminate\\Database\\Console\\Migrations\\MigrateCommand->prepareDatabase()
#8 [internal function]: Illuminate\\Database\\Console\\Migrations\\MigrateCommand->handle()
#9 /home/abdoulaye/Bureau/Lumen/blog/vendor/illuminate/container/BoundMethod.php(32): call_user_func_array(Array, Array)
#10 /home/abdoulaye/Bureau/Lumen/blog/vendor/illuminate/support/helpers.php(520): Illuminate\\Container\\BoundMethod::Illuminate\\Container\\{closure}()
#11 /home/abdoulaye/Bureau/Lumen/blog/vendor/illuminate/container/BoundMethod.php(90): value(Object(Closure))
#12 /home/abdoulaye/Bureau/Lumen/blog/vendor/illuminate/container/BoundMethod.php(34): Illuminate\\Container\\BoundMethod::callBoundMethod(Object(Laravel\\Lumen\\Application), Array, Object(Closure))
#13 /home/abdoulaye/Bureau/Lumen/blog/vendor/illuminate/container/Container.php(591): Illuminate\\Container\\BoundMethod::call(Object(Laravel\\Lumen\\Application), Array, Array, NULL)
#14 /home/abdoulaye/Bureau/Lumen/blog/vendor/illuminate/console/Command.php(202): Illuminate\\Container\\Container->call(Array)
#15 /home/abdoulaye/Bureau/Lumen/blog/vendor/symfony/console/Command/Command.php(255): Illuminate\\Console\\Command->execute(Object(Symfony\\Component\\Console\\Input\\ArgvInput), Object(Illuminate\\Console\\OutputStyle))
#16 /home/abdoulaye/Bureau/Lumen/blog/vendor/illuminate/console/Command.php(189): Symfony\\Component\\Console\\Command\\Command->run(Object(Symfony\\Component\\Console\\Input\\ArgvInput), Object(Illuminate\\Console\\OutputStyle))
#17 /home/abdoulaye/Bureau/Lumen/blog/vendor/symfony/console/Application.php(934): Illuminate\\Console\\Command->run(Object(Symfony\\Component\\Console\\Input\\ArgvInput), Object(Symfony\\Component\\Console\\Output\\ConsoleOutput))
#18 /home/abdoulaye/Bureau/Lumen/blog/vendor/symfony/console/Application.php(273): Symfony\\Component\\Console\\Application->doRunCommand(Object(Illuminate\\Database\\Console\\Migrations\\MigrateCommand), Object(Symfony\\Component\\Console\\Input\\ArgvInput), Object(Symfony\\Component\\Console\\Output\\ConsoleOutput))
#19 /home/abdoulaye/Bureau/Lumen/blog/vendor/symfony/console/Application.php(149): Symfony\\Component\\Console\\Application->doRun(Object(Symfony\\Component\\Console\\Input\\ArgvInput), Object(Symfony\\Component\\Console\\Output\\ConsoleOutput))
#20 /home/abdoulaye/Bureau/Lumen/blog/vendor/illuminate/console/Application.php(90): Symfony\\Component\\Console\\Application->run(Object(Symfony\\Component\\Console\\Input\\ArgvInput), Object(Symfony\\Component\\Console\\Output\\ConsoleOutput))
#21 /home/abdoulaye/Bureau/Lumen/blog/vendor/laravel/lumen-framework/src/Console/Kernel.php(115): Illuminate\\Console\\Application->run(Object(Symfony\\Component\\Console\\Input\\ArgvInput), Object(Symfony\\Component\\Console\\Output\\ConsoleOutput))
#22 /home/abdoulaye/Bureau/Lumen/blog/artisan(35): Laravel\\Lumen\\Console\\Kernel->handle(Object(Symfony\\Component\\Console\\Input\\ArgvInput), Object(Symfony\\Component\\Console\\Output\\ConsoleOutput))
#23 {main}
"} 
[2019-11-11 09:03:55] local.ERROR: Symfony\Component\Console\Exception\RuntimeException: Too many arguments, expected arguments "command". in /home/abdoulaye/Bureau/Lumen/blog/vendor/symfony/console/Input/ArgvInput.php:183
Stack trace:
#0 /home/abdoulaye/Bureau/Lumen/blog/vendor/symfony/console/Input/ArgvInput.php(86): Symfony\Component\Console\Input\ArgvInput->parseArgument('?')
#1 /home/abdoulaye/Bureau/Lumen/blog/vendor/symfony/console/Input/Input.php(55): Symfony\Component\Console\Input\ArgvInput->parse()
#2 /home/abdoulaye/Bureau/Lumen/blog/vendor/symfony/console/Command/Command.php(214): Symfony\Component\Console\Input\Input->bind(Object(Symfony\Component\Console\Input\InputDefinition))
#3 /home/abdoulaye/Bureau/Lumen/blog/vendor/illuminate/console/Command.php(189): Symfony\Component\Console\Command\Command->run(Object(Symfony\Component\Console\Input\ArgvInput), Object(Illuminate\Console\OutputStyle))
#4 /home/abdoulaye/Bureau/Lumen/blog/vendor/symfony/console/Application.php(934): Illuminate\Console\Command->run(Object(Symfony\Component\Console\Input\ArgvInput), Object(Symfony\Component\Console\Output\ConsoleOutput))
#5 /home/abdoulaye/Bureau/Lumen/blog/vendor/symfony/console/Application.php(273): Symfony\Component\Console\Application->doRunCommand(Object(Illuminate\Database\Console\Migrations\MigrateCommand), Object(Symfony\Component\Console\Input\ArgvInput), Object(Symfony\Component\Console\Output\ConsoleOutput))
#6 /home/abdoulaye/Bureau/Lumen/blog/vendor/symfony/console/Application.php(149): Symfony\Component\Console\Application->doRun(Object(Symfony\Component\Console\Input\ArgvInput), Object(Symfony\Component\Console\Output\ConsoleOutput))
#7 /home/abdoulaye/Bureau/Lumen/blog/vendor/illuminate/console/Application.php(90): Symfony\Component\Console\Application->run(Object(Symfony\Component\Console\Input\ArgvInput), Object(Symfony\Component\Console\Output\ConsoleOutput))
#8 /home/abdoulaye/Bureau/Lumen/blog/vendor/laravel/lumen-framework/src/Console/Kernel.php(115): Illuminate\Console\Application->run(Object(Symfony\Component\Console\Input\ArgvInput), Object(Symfony\Component\Console\Output\ConsoleOutput))
#9 /home/abdoulaye/Bureau/Lumen/blog/artisan(35): Laravel\Lumen\Console\Kernel->handle(Object(Symfony\Component\Console\Input\ArgvInput), Object(Symfony\Component\Console\Output\ConsoleOutput))
#10 {main} {"exception":"[object] (Symfony\\Component\\Console\\Exception\\RuntimeException(code: 0): Too many arguments, expected arguments \"command\". at /home/abdoulaye/Bureau/Lumen/blog/vendor/symfony/console/Input/ArgvInput.php:183)
[stacktrace]
#0 /home/abdoulaye/Bureau/Lumen/blog/vendor/symfony/console/Input/ArgvInput.php(86): Symfony\\Component\\Console\\Input\\ArgvInput->parseArgument('?')
#1 /home/abdoulaye/Bureau/Lumen/blog/vendor/symfony/console/Input/Input.php(55): Symfony\\Component\\Console\\Input\\ArgvInput->parse()
#2 /home/abdoulaye/Bureau/Lumen/blog/vendor/symfony/console/Command/Command.php(214): Symfony\\Component\\Console\\Input\\Input->bind(Object(Symfony\\Component\\Console\\Input\\InputDefinition))
#3 /home/abdoulaye/Bureau/Lumen/blog/vendor/illuminate/console/Command.php(189): Symfony\\Component\\Console\\Command\\Command->run(Object(Symfony\\Component\\Console\\Input\\ArgvInput), Object(Illuminate\\Console\\OutputStyle))
#4 /home/abdoulaye/Bureau/Lumen/blog/vendor/symfony/console/Application.php(934): Illuminate\\Console\\Command->run(Object(Symfony\\Component\\Console\\Input\\ArgvInput), Object(Symfony\\Component\\Console\\Output\\ConsoleOutput))
#5 /home/abdoulaye/Bureau/Lumen/blog/vendor/symfony/console/Application.php(273): Symfony\\Component\\Console\\Application->doRunCommand(Object(Illuminate\\Database\\Console\\Migrations\\MigrateCommand), Object(Symfony\\Component\\Console\\Input\\ArgvInput), Object(Symfony\\Component\\Console\\Output\\ConsoleOutput))
#6 /home/abdoulaye/Bureau/Lumen/blog/vendor/symfony/console/Application.php(149): Symfony\\Component\\Console\\Application->doRun(Object(Symfony\\Component\\Console\\Input\\ArgvInput), Object(Symfony\\Component\\Console\\Output\\ConsoleOutput))
#7 /home/abdoulaye/Bureau/Lumen/blog/vendor/illuminate/console/Application.php(90): Symfony\\Component\\Console\\Application->run(Object(Symfony\\Component\\Console\\Input\\ArgvInput), Object(Symfony\\Component\\Console\\Output\\ConsoleOutput))
#8 /home/abdoulaye/Bureau/Lumen/blog/vendor/laravel/lumen-framework/src/Console/Kernel.php(115): Illuminate\\Console\\Application->run(Object(Symfony\\Component\\Console\\Input\\ArgvInput), Object(Symfony\\Component\\Console\\Output\\ConsoleOutput))
#9 /home/abdoulaye/Bureau/Lumen/blog/artisan(35): Laravel\\Lumen\\Console\\Kernel->handle(Object(Symfony\\Component\\Console\\Input\\ArgvInput), Object(Symfony\\Component\\Console\\Output\\ConsoleOutput))
#10 {main}
"} 
[2019-11-11 09:04:01] local.ERROR: Symfony\Component\Debug\Exception\FatalThrowableError: Call to undefined method MongoDB\Driver\Server::executeReadCommand() in /home/abdoulaye/Bureau/Lumen/blog/vendor/mongodb/mongodb/src/Operation/ListCollections.php:136
Stack trace:
#0 /home/abdoulaye/Bureau/Lumen/blog/vendor/mongodb/mongodb/src/Operation/ListCollections.php(93): MongoDB\Operation\ListCollections->executeCommand(Object(MongoDB\Driver\Server))
#1 /home/abdoulaye/Bureau/Lumen/blog/vendor/mongodb/mongodb/src/Database.php(425): MongoDB\Operation\ListCollections->execute(Object(MongoDB\Driver\Server))
#2 /home/abdoulaye/Bureau/Lumen/blog/vendor/jenssegers/mongodb/src/Jenssegers/Mongodb/Schema/Builder.php(43): MongoDB\Database->listCollections()
#3 /home/abdoulaye/Bureau/Lumen/blog/vendor/jenssegers/mongodb/src/Jenssegers/Mongodb/Schema/Builder.php(57): Jenssegers\Mongodb\Schema\Builder->hasCollection('migrations')
#4 /home/abdoulaye/Bureau/Lumen/blog/vendor/illuminate/database/Migrations/DatabaseMigrationRepository.php(169): Jenssegers\Mongodb\Schema\Builder->hasTable('migrations')
#5 /home/abdoulaye/Bureau/Lumen/blog/vendor/illuminate/database/Migrations/Migrator.php(585): Illuminate\Database\Migrations\DatabaseMigrationRepository->repositoryExists()
#6 /home/abdoulaye/Bureau/Lumen/blog/vendor/illuminate/database/Console/Migrations/MigrateCommand.php(91): Illuminate\Database\Migrations\Migrator->repositoryExists()
#7 /home/abdoulaye/Bureau/Lumen/blog/vendor/illuminate/database/Console/Migrations/MigrateCommand.php(63): Illuminate\Database\Console\Migrations\MigrateCommand->prepareDatabase()
#8 [internal function]: Illuminate\Database\Console\Migrations\MigrateCommand->handle()
#9 /home/abdoulaye/Bureau/Lumen/blog/vendor/illuminate/container/BoundMethod.php(32): call_user_func_array(Array, Array)
#10 /home/abdoulaye/Bureau/Lumen/blog/vendor/illuminate/support/helpers.php(520): Illuminate\Container\BoundMethod::Illuminate\Container\{closure}()
#11 /home/abdoulaye/Bureau/Lumen/blog/vendor/illuminate/container/BoundMethod.php(90): value(Object(Closure))
#12 /home/abdoulaye/Bureau/Lumen/blog/vendor/illuminate/container/BoundMethod.php(34): Illuminate\Container\BoundMethod::callBoundMethod(Object(Laravel\Lumen\Application), Array, Object(Closure))
#13 /home/abdoulaye/Bureau/Lumen/blog/vendor/illuminate/container/Container.php(591): Illuminate\Container\BoundMethod::call(Object(Laravel\Lumen\Application), Array, Array, NULL)
#14 /home/abdoulaye/Bureau/Lumen/blog/vendor/illuminate/console/Command.php(202): Illuminate\Container\Container->call(Array)
#15 /home/abdoulaye/Bureau/Lumen/blog/vendor/symfony/console/Command/Command.php(255): Illuminate\Console\Command->execute(Object(Symfony\Component\Console\Input\ArgvInput), Object(Illuminate\Console\OutputStyle))
#16 /home/abdoulaye/Bureau/Lumen/blog/vendor/illuminate/console/Command.php(189): Symfony\Component\Console\Command\Command->run(Object(Symfony\Component\Console\Input\ArgvInput), Object(Illuminate\Console\OutputStyle))
#17 /home/abdoulaye/Bureau/Lumen/blog/vendor/symfony/console/Application.php(934): Illuminate\Console\Command->run(Object(Symfony\Component\Console\Input\ArgvInput), Object(Symfony\Component\Console\Output\ConsoleOutput))
#18 /home/abdoulaye/Bureau/Lumen/blog/vendor/symfony/console/Application.php(273): Symfony\Component\Console\Application->doRunCommand(Object(Illuminate\Database\Console\Migrations\MigrateCommand), Object(Symfony\Component\Console\Input\ArgvInput), Object(Symfony\Component\Console\Output\ConsoleOutput))
#19 /home/abdoulaye/Bureau/Lumen/blog/vendor/symfony/console/Application.php(149): Symfony\Component\Console\Application->doRun(Object(Symfony\Component\Console\Input\ArgvInput), Object(Symfony\Component\Console\Output\ConsoleOutput))
#20 /home/abdoulaye/Bureau/Lumen/blog/vendor/illuminate/console/Application.php(90): Symfony\Component\Console\Application->run(Object(Symfony\Component\Console\Input\ArgvInput), Object(Symfony\Component\Console\Output\ConsoleOutput))
#21 /home/abdoulaye/Bureau/Lumen/blog/vendor/laravel/lumen-framework/src/Console/Kernel.php(115): Illuminate\Console\Application->run(Object(Symfony\Component\Console\Input\ArgvInput), Object(Symfony\Component\Console\Output\ConsoleOutput))
#22 /home/abdoulaye/Bureau/Lumen/blog/artisan(35): Laravel\Lumen\Console\Kernel->handle(Object(Symfony\Component\Console\Input\ArgvInput), Object(Symfony\Component\Console\Output\ConsoleOutput))
#23 {main} {"exception":"[object] (Symfony\\Component\\Debug\\Exception\\FatalThrowableError(code: 0): Call to undefined method MongoDB\\Driver\\Server::executeReadCommand() at /home/abdoulaye/Bureau/Lumen/blog/vendor/mongodb/mongodb/src/Operation/ListCollections.php:136)
[stacktrace]
#0 /home/abdoulaye/Bureau/Lumen/blog/vendor/mongodb/mongodb/src/Operation/ListCollections.php(93): MongoDB\\Operation\\ListCollections->executeCommand(Object(MongoDB\\Driver\\Server))
#1 /home/abdoulaye/Bureau/Lumen/blog/vendor/mongodb/mongodb/src/Database.php(425): MongoDB\\Operation\\ListCollections->execute(Object(MongoDB\\Driver\\Server))
#2 /home/abdoulaye/Bureau/Lumen/blog/vendor/jenssegers/mongodb/src/Jenssegers/Mongodb/Schema/Builder.php(43): MongoDB\\Database->listCollections()
#3 /home/abdoulaye/Bureau/Lumen/blog/vendor/jenssegers/mongodb/src/Jenssegers/Mongodb/Schema/Builder.php(57): Jenssegers\\Mongodb\\Schema\\Builder->hasCollection('migrations')
#4 /home/abdoulaye/Bureau/Lumen/blog/vendor/illuminate/database/Migrations/DatabaseMigrationRepository.php(169): Jenssegers\\Mongodb\\Schema\\Builder->hasTable('migrations')
#5 /home/abdoulaye/Bureau/Lumen/blog/vendor/illuminate/database/Migrations/Migrator.php(585): Illuminate\\Database\\Migrations\\DatabaseMigrationRepository->repositoryExists()
#6 /home/abdoulaye/Bureau/Lumen/blog/vendor/illuminate/database/Console/Migrations/MigrateCommand.php(91): Illuminate\\Database\\Migrations\\Migrator->repositoryExists()
#7 /home/abdoulaye/Bureau/Lumen/blog/vendor/illuminate/database/Console/Migrations/MigrateCommand.php(63): Illuminate\\Database\\Console\\Migrations\\MigrateCommand->prepareDatabase()
#8 [internal function]: Illuminate\\Database\\Console\\Migrations\\MigrateCommand->handle()
#9 /home/abdoulaye/Bureau/Lumen/blog/vendor/illuminate/container/BoundMethod.php(32): call_user_func_array(Array, Array)
#10 /home/abdoulaye/Bureau/Lumen/blog/vendor/illuminate/support/helpers.php(520): Illuminate\\Container\\BoundMethod::Illuminate\\Container\\{closure}()
#11 /home/abdoulaye/Bureau/Lumen/blog/vendor/illuminate/container/BoundMethod.php(90): value(Object(Closure))
#12 /home/abdoulaye/Bureau/Lumen/blog/vendor/illuminate/container/BoundMethod.php(34): Illuminate\\Container\\BoundMethod::callBoundMethod(Object(Laravel\\Lumen\\Application), Array, Object(Closure))
#13 /home/abdoulaye/Bureau/Lumen/blog/vendor/illuminate/container/Container.php(591): Illuminate\\Container\\BoundMethod::call(Object(Laravel\\Lumen\\Application), Array, Array, NULL)
#14 /home/abdoulaye/Bureau/Lumen/blog/vendor/illuminate/console/Command.php(202): Illuminate\\Container\\Container->call(Array)
#15 /home/abdoulaye/Bureau/Lumen/blog/vendor/symfony/console/Command/Command.php(255): Illuminate\\Console\\Command->execute(Object(Symfony\\Component\\Console\\Input\\ArgvInput), Object(Illuminate\\Console\\OutputStyle))
#16 /home/abdoulaye/Bureau/Lumen/blog/vendor/illuminate/console/Command.php(189): Symfony\\Component\\Console\\Command\\Command->run(Object(Symfony\\Component\\Console\\Input\\ArgvInput), Object(Illuminate\\Console\\OutputStyle))
#17 /home/abdoulaye/Bureau/Lumen/blog/vendor/symfony/console/Application.php(934): Illuminate\\Console\\Command->run(Object(Symfony\\Component\\Console\\Input\\ArgvInput), Object(Symfony\\Component\\Console\\Output\\ConsoleOutput))
#18 /home/abdoulaye/Bureau/Lumen/blog/vendor/symfony/console/Application.php(273): Symfony\\Component\\Console\\Application->doRunCommand(Object(Illuminate\\Database\\Console\\Migrations\\MigrateCommand), Object(Symfony\\Component\\Console\\Input\\ArgvInput), Object(Symfony\\Component\\Console\\Output\\ConsoleOutput))
#19 /home/abdoulaye/Bureau/Lumen/blog/vendor/symfony/console/Application.php(149): Symfony\\Component\\Console\\Application->doRun(Object(Symfony\\Component\\Console\\Input\\ArgvInput), Object(Symfony\\Component\\Console\\Output\\ConsoleOutput))
#20 /home/abdoulaye/Bureau/Lumen/blog/vendor/illuminate/console/Application.php(90): Symfony\\Component\\Console\\Application->run(Object(Symfony\\Component\\Console\\Input\\ArgvInput), Object(Symfony\\Component\\Console\\Output\\ConsoleOutput))
#21 /home/abdoulaye/Bureau/Lumen/blog/vendor/laravel/lumen-framework/src/Console/Kernel.php(115): Illuminate\\Console\\Application->run(Object(Symfony\\Component\\Console\\Input\\ArgvInput), Object(Symfony\\Component\\Console\\Output\\ConsoleOutput))
#22 /home/abdoulaye/Bureau/Lumen/blog/artisan(35): Laravel\\Lumen\\Console\\Kernel->handle(Object(Symfony\\Component\\Console\\Input\\ArgvInput), Object(Symfony\\Component\\Console\\Output\\ConsoleOutput))
#23 {main}
"} 
[2019-11-11 09:07:13] local.ERROR: Symfony\Component\Debug\Exception\FatalThrowableError: Call to undefined method MongoDB\Driver\Server::executeReadCommand() in /home/abdoulaye/Bureau/Lumen/blog/vendor/mongodb/mongodb/src/Operation/ListCollections.php:136
Stack trace:
#0 /home/abdoulaye/Bureau/Lumen/blog/vendor/mongodb/mongodb/src/Operation/ListCollections.php(93): MongoDB\Operation\ListCollections->executeCommand(Object(MongoDB\Driver\Server))
#1 /home/abdoulaye/Bureau/Lumen/blog/vendor/mongodb/mongodb/src/Database.php(425): MongoDB\Operation\ListCollections->execute(Object(MongoDB\Driver\Server))
#2 /home/abdoulaye/Bureau/Lumen/blog/vendor/jenssegers/mongodb/src/Jenssegers/Mongodb/Schema/Builder.php(43): MongoDB\Database->listCollections()
#3 /home/abdoulaye/Bureau/Lumen/blog/vendor/jenssegers/mongodb/src/Jenssegers/Mongodb/Schema/Builder.php(57): Jenssegers\Mongodb\Schema\Builder->hasCollection('migrations')
#4 /home/abdoulaye/Bureau/Lumen/blog/vendor/illuminate/database/Migrations/DatabaseMigrationRepository.php(169): Jenssegers\Mongodb\Schema\Builder->hasTable('migrations')
#5 /home/abdoulaye/Bureau/Lumen/blog/vendor/illuminate/database/Migrations/Migrator.php(585): Illuminate\Database\Migrations\DatabaseMigrationRepository->repositoryExists()
#6 /home/abdoulaye/Bureau/Lumen/blog/vendor/illuminate/database/Console/Migrations/MigrateCommand.php(91): Illuminate\Database\Migrations\Migrator->repositoryExists()
#7 /home/abdoulaye/Bureau/Lumen/blog/vendor/illuminate/database/Console/Migrations/MigrateCommand.php(63): Illuminate\Database\Console\Migrations\MigrateCommand->prepareDatabase()
#8 [internal function]: Illuminate\Database\Console\Migrations\MigrateCommand->handle()
#9 /home/abdoulaye/Bureau/Lumen/blog/vendor/illuminate/container/BoundMethod.php(32): call_user_func_array(Array, Array)
#10 /home/abdoulaye/Bureau/Lumen/blog/vendor/illuminate/support/helpers.php(520): Illuminate\Container\BoundMethod::Illuminate\Container\{closure}()
#11 /home/abdoulaye/Bureau/Lumen/blog/vendor/illuminate/container/BoundMethod.php(90): value(Object(Closure))
#12 /home/abdoulaye/Bureau/Lumen/blog/vendor/illuminate/container/BoundMethod.php(34): Illuminate\Container\BoundMethod::callBoundMethod(Object(Laravel\Lumen\Application), Array, Object(Closure))
#13 /home/abdoulaye/Bureau/Lumen/blog/vendor/illuminate/container/Container.php(591): Illuminate\Container\BoundMethod::call(Object(Laravel\Lumen\Application), Array, Array, NULL)
#14 /home/abdoulaye/Bureau/Lumen/blog/vendor/illuminate/console/Command.php(202): Illuminate\Container\Container->call(Array)
#15 /home/abdoulaye/Bureau/Lumen/blog/vendor/symfony/console/Command/Command.php(255): Illuminate\Console\Command->execute(Object(Symfony\Component\Console\Input\ArgvInput), Object(Illuminate\Console\OutputStyle))
#16 /home/abdoulaye/Bureau/Lumen/blog/vendor/illuminate/console/Command.php(189): Symfony\Component\Console\Command\Command->run(Object(Symfony\Component\Console\Input\ArgvInput), Object(Illuminate\Console\OutputStyle))
#17 /home/abdoulaye/Bureau/Lumen/blog/vendor/symfony/console/Application.php(934): Illuminate\Console\Command->run(Object(Symfony\Component\Console\Input\ArgvInput), Object(Symfony\Component\Console\Output\ConsoleOutput))
#18 /home/abdoulaye/Bureau/Lumen/blog/vendor/symfony/console/Application.php(273): Symfony\Component\Console\Application->doRunCommand(Object(Illuminate\Database\Console\Migrations\MigrateCommand), Object(Symfony\Component\Console\Input\ArgvInput), Object(Symfony\Component\Console\Output\ConsoleOutput))
#19 /home/abdoulaye/Bureau/Lumen/blog/vendor/symfony/console/Application.php(149): Symfony\Component\Console\Application->doRun(Object(Symfony\Component\Console\Input\ArgvInput), Object(Symfony\Component\Console\Output\ConsoleOutput))
#20 /home/abdoulaye/Bureau/Lumen/blog/vendor/illuminate/console/Application.php(90): Symfony\Component\Console\Application->run(Object(Symfony\Component\Console\Input\ArgvInput), Object(Symfony\Component\Console\Output\ConsoleOutput))
#21 /home/abdoulaye/Bureau/Lumen/blog/vendor/laravel/lumen-framework/src/Console/Kernel.php(115): Illuminate\Console\Application->run(Object(Symfony\Component\Console\Input\ArgvInput), Object(Symfony\Component\Console\Output\ConsoleOutput))
#22 /home/abdoulaye/Bureau/Lumen/blog/artisan(35): Laravel\Lumen\Console\Kernel->handle(Object(Symfony\Component\Console\Input\ArgvInput), Object(Symfony\Component\Console\Output\ConsoleOutput))
#23 {main} {"exception":"[object] (Symfony\\Component\\Debug\\Exception\\FatalThrowableError(code: 0): Call to undefined method MongoDB\\Driver\\Server::executeReadCommand() at /home/abdoulaye/Bureau/Lumen/blog/vendor/mongodb/mongodb/src/Operation/ListCollections.php:136)
[stacktrace]
#0 /home/abdoulaye/Bureau/Lumen/blog/vendor/mongodb/mongodb/src/Operation/ListCollections.php(93): MongoDB\\Operation\\ListCollections->executeCommand(Object(MongoDB\\Driver\\Server))
#1 /home/abdoulaye/Bureau/Lumen/blog/vendor/mongodb/mongodb/src/Database.php(425): MongoDB\\Operation\\ListCollections->execute(Object(MongoDB\\Driver\\Server))
#2 /home/abdoulaye/Bureau/Lumen/blog/vendor/jenssegers/mongodb/src/Jenssegers/Mongodb/Schema/Builder.php(43): MongoDB\\Database->listCollections()
#3 /home/abdoulaye/Bureau/Lumen/blog/vendor/jenssegers/mongodb/src/Jenssegers/Mongodb/Schema/Builder.php(57): Jenssegers\\Mongodb\\Schema\\Builder->hasCollection('migrations')
#4 /home/abdoulaye/Bureau/Lumen/blog/vendor/illuminate/database/Migrations/DatabaseMigrationRepository.php(169): Jenssegers\\Mongodb\\Schema\\Builder->hasTable('migrations')
#5 /home/abdoulaye/Bureau/Lumen/blog/vendor/illuminate/database/Migrations/Migrator.php(585): Illuminate\\Database\\Migrations\\DatabaseMigrationRepository->repositoryExists()
#6 /home/abdoulaye/Bureau/Lumen/blog/vendor/illuminate/database/Console/Migrations/MigrateCommand.php(91): Illuminate\\Database\\Migrations\\Migrator->repositoryExists()
#7 /home/abdoulaye/Bureau/Lumen/blog/vendor/illuminate/database/Console/Migrations/MigrateCommand.php(63): Illuminate\\Database\\Console\\Migrations\\MigrateCommand->prepareDatabase()
#8 [internal function]: Illuminate\\Database\\Console\\Migrations\\MigrateCommand->handle()
#9 /home/abdoulaye/Bureau/Lumen/blog/vendor/illuminate/container/BoundMethod.php(32): call_user_func_array(Array, Array)
#10 /home/abdoulaye/Bureau/Lumen/blog/vendor/illuminate/support/helpers.php(520): Illuminate\\Container\\BoundMethod::Illuminate\\Container\\{closure}()
#11 /home/abdoulaye/Bureau/Lumen/blog/vendor/illuminate/container/BoundMethod.php(90): value(Object(Closure))
#12 /home/abdoulaye/Bureau/Lumen/blog/vendor/illuminate/container/BoundMethod.php(34): Illuminate\\Container\\BoundMethod::callBoundMethod(Object(Laravel\\Lumen\\Application), Array, Object(Closure))
#13 /home/abdoulaye/Bureau/Lumen/blog/vendor/illuminate/container/Container.php(591): Illuminate\\Container\\BoundMethod::call(Object(Laravel\\Lumen\\Application), Array, Array, NULL)
#14 /home/abdoulaye/Bureau/Lumen/blog/vendor/illuminate/console/Command.php(202): Illuminate\\Container\\Container->call(Array)
#15 /home/abdoulaye/Bureau/Lumen/blog/vendor/symfony/console/Command/Command.php(255): Illuminate\\Console\\Command->execute(Object(Symfony\\Component\\Console\\Input\\ArgvInput), Object(Illuminate\\Console\\OutputStyle))
#16 /home/abdoulaye/Bureau/Lumen/blog/vendor/illuminate/console/Command.php(189): Symfony\\Component\\Console\\Command\\Command->run(Object(Symfony\\Component\\Console\\Input\\ArgvInput), Object(Illuminate\\Console\\OutputStyle))
#17 /home/abdoulaye/Bureau/Lumen/blog/vendor/symfony/console/Application.php(934): Illuminate\\Console\\Command->run(Object(Symfony\\Component\\Console\\Input\\ArgvInput), Object(Symfony\\Component\\Console\\Output\\ConsoleOutput))
#18 /home/abdoulaye/Bureau/Lumen/blog/vendor/symfony/console/Application.php(273): Symfony\\Component\\Console\\Application->doRunCommand(Object(Illuminate\\Database\\Console\\Migrations\\MigrateCommand), Object(Symfony\\Component\\Console\\Input\\ArgvInput), Object(Symfony\\Component\\Console\\Output\\ConsoleOutput))
#19 /home/abdoulaye/Bureau/Lumen/blog/vendor/symfony/console/Application.php(149): Symfony\\Component\\Console\\Application->doRun(Object(Symfony\\Component\\Console\\Input\\ArgvInput), Object(Symfony\\Component\\Console\\Output\\ConsoleOutput))
#20 /home/abdoulaye/Bureau/Lumen/blog/vendor/illuminate/console/Application.php(90): Symfony\\Component\\Console\\Application->run(Object(Symfony\\Component\\Console\\Input\\ArgvInput), Object(Symfony\\Component\\Console\\Output\\ConsoleOutput))
#21 /home/abdoulaye/Bureau/Lumen/blog/vendor/laravel/lumen-framework/src/Console/Kernel.php(115): Illuminate\\Console\\Application->run(Object(Symfony\\Component\\Console\\Input\\ArgvInput), Object(Symfony\\Component\\Console\\Output\\ConsoleOutput))
#22 /home/abdoulaye/Bureau/Lumen/blog/artisan(35): Laravel\\Lumen\\Console\\Kernel->handle(Object(Symfony\\Component\\Console\\Input\\ArgvInput), Object(Symfony\\Component\\Console\\Output\\ConsoleOutput))
#23 {main}
"} 
[2019-11-11 09:11:54] local.ERROR: Symfony\Component\Debug\Exception\FatalThrowableError: Call to undefined method MongoDB\Driver\Server::executeReadCommand() in /home/abdoulaye/Bureau/Lumen/blog/vendor/mongodb/mongodb/src/Operation/ListCollections.php:136
Stack trace:
#0 /home/abdoulaye/Bureau/Lumen/blog/vendor/mongodb/mongodb/src/Operation/ListCollections.php(93): MongoDB\Operation\ListCollections->executeCommand(Object(MongoDB\Driver\Server))
#1 /home/abdoulaye/Bureau/Lumen/blog/vendor/mongodb/mongodb/src/Database.php(425): MongoDB\Operation\ListCollections->execute(Object(MongoDB\Driver\Server))
#2 /home/abdoulaye/Bureau/Lumen/blog/vendor/jenssegers/mongodb/src/Jenssegers/Mongodb/Schema/Builder.php(43): MongoDB\Database->listCollections()
#3 /home/abdoulaye/Bureau/Lumen/blog/vendor/jenssegers/mongodb/src/Jenssegers/Mongodb/Schema/Builder.php(57): Jenssegers\Mongodb\Schema\Builder->hasCollection('migrations')
#4 /home/abdoulaye/Bureau/Lumen/blog/vendor/illuminate/database/Migrations/DatabaseMigrationRepository.php(169): Jenssegers\Mongodb\Schema\Builder->hasTable('migrations')
#5 /home/abdoulaye/Bureau/Lumen/blog/vendor/illuminate/database/Migrations/Migrator.php(585): Illuminate\Database\Migrations\DatabaseMigrationRepository->repositoryExists()
#6 /home/abdoulaye/Bureau/Lumen/blog/vendor/illuminate/database/Console/Migrations/MigrateCommand.php(91): Illuminate\Database\Migrations\Migrator->repositoryExists()
#7 /home/abdoulaye/Bureau/Lumen/blog/vendor/illuminate/database/Console/Migrations/MigrateCommand.php(63): Illuminate\Database\Console\Migrations\MigrateCommand->prepareDatabase()
#8 [internal function]: Illuminate\Database\Console\Migrations\MigrateCommand->handle()
#9 /home/abdoulaye/Bureau/Lumen/blog/vendor/illuminate/container/BoundMethod.php(32): call_user_func_array(Array, Array)
#10 /home/abdoulaye/Bureau/Lumen/blog/vendor/illuminate/support/helpers.php(520): Illuminate\Container\BoundMethod::Illuminate\Container\{closure}()
#11 /home/abdoulaye/Bureau/Lumen/blog/vendor/illuminate/container/BoundMethod.php(90): value(Object(Closure))
#12 /home/abdoulaye/Bureau/Lumen/blog/vendor/illuminate/container/BoundMethod.php(34): Illuminate\Container\BoundMethod::callBoundMethod(Object(Laravel\Lumen\Application), Array, Object(Closure))
#13 /home/abdoulaye/Bureau/Lumen/blog/vendor/illuminate/container/Container.php(591): Illuminate\Container\BoundMethod::call(Object(Laravel\Lumen\Application), Array, Array, NULL)
#14 /home/abdoulaye/Bureau/Lumen/blog/vendor/illuminate/console/Command.php(202): Illuminate\Container\Container->call(Array)
#15 /home/abdoulaye/Bureau/Lumen/blog/vendor/symfony/console/Command/Command.php(255): Illuminate\Console\Command->execute(Object(Symfony\Component\Console\Input\ArgvInput), Object(Illuminate\Console\OutputStyle))
#16 /home/abdoulaye/Bureau/Lumen/blog/vendor/illuminate/console/Command.php(189): Symfony\Component\Console\Command\Command->run(Object(Symfony\Component\Console\Input\ArgvInput), Object(Illuminate\Console\OutputStyle))
#17 /home/abdoulaye/Bureau/Lumen/blog/vendor/symfony/console/Application.php(934): Illuminate\Console\Command->run(Object(Symfony\Component\Console\Input\ArgvInput), Object(Symfony\Component\Console\Output\ConsoleOutput))
#18 /home/abdoulaye/Bureau/Lumen/blog/vendor/symfony/console/Application.php(273): Symfony\Component\Console\Application->doRunCommand(Object(Illuminate\Database\Console\Migrations\MigrateCommand), Object(Symfony\Component\Console\Input\ArgvInput), Object(Symfony\Component\Console\Output\ConsoleOutput))
#19 /home/abdoulaye/Bureau/Lumen/blog/vendor/symfony/console/Application.php(149): Symfony\Component\Console\Application->doRun(Object(Symfony\Component\Console\Input\ArgvInput), Object(Symfony\Component\Console\Output\ConsoleOutput))
#20 /home/abdoulaye/Bureau/Lumen/blog/vendor/illuminate/console/Application.php(90): Symfony\Component\Console\Application->run(Object(Symfony\Component\Console\Input\ArgvInput), Object(Symfony\Component\Console\Output\ConsoleOutput))
#21 /home/abdoulaye/Bureau/Lumen/blog/vendor/laravel/lumen-framework/src/Console/Kernel.php(115): Illuminate\Console\Application->run(Object(Symfony\Component\Console\Input\ArgvInput), Object(Symfony\Component\Console\Output\ConsoleOutput))
#22 /home/abdoulaye/Bureau/Lumen/blog/artisan(35): Laravel\Lumen\Console\Kernel->handle(Object(Symfony\Component\Console\Input\ArgvInput), Object(Symfony\Component\Console\Output\ConsoleOutput))
#23 {main} {"exception":"[object] (Symfony\\Component\\Debug\\Exception\\FatalThrowableError(code: 0): Call to undefined method MongoDB\\Driver\\Server::executeReadCommand() at /home/abdoulaye/Bureau/Lumen/blog/vendor/mongodb/mongodb/src/Operation/ListCollections.php:136)
[stacktrace]
#0 /home/abdoulaye/Bureau/Lumen/blog/vendor/mongodb/mongodb/src/Operation/ListCollections.php(93): MongoDB\\Operation\\ListCollections->executeCommand(Object(MongoDB\\Driver\\Server))
#1 /home/abdoulaye/Bureau/Lumen/blog/vendor/mongodb/mongodb/src/Database.php(425): MongoDB\\Operation\\ListCollections->execute(Object(MongoDB\\Driver\\Server))
#2 /home/abdoulaye/Bureau/Lumen/blog/vendor/jenssegers/mongodb/src/Jenssegers/Mongodb/Schema/Builder.php(43): MongoDB\\Database->listCollections()
#3 /home/abdoulaye/Bureau/Lumen/blog/vendor/jenssegers/mongodb/src/Jenssegers/Mongodb/Schema/Builder.php(57): Jenssegers\\Mongodb\\Schema\\Builder->hasCollection('migrations')
#4 /home/abdoulaye/Bureau/Lumen/blog/vendor/illuminate/database/Migrations/DatabaseMigrationRepository.php(169): Jenssegers\\Mongodb\\Schema\\Builder->hasTable('migrations')
#5 /home/abdoulaye/Bureau/Lumen/blog/vendor/illuminate/database/Migrations/Migrator.php(585): Illuminate\\Database\\Migrations\\DatabaseMigrationRepository->repositoryExists()
#6 /home/abdoulaye/Bureau/Lumen/blog/vendor/illuminate/database/Console/Migrations/MigrateCommand.php(91): Illuminate\\Database\\Migrations\\Migrator->repositoryExists()
#7 /home/abdoulaye/Bureau/Lumen/blog/vendor/illuminate/database/Console/Migrations/MigrateCommand.php(63): Illuminate\\Database\\Console\\Migrations\\MigrateCommand->prepareDatabase()
#8 [internal function]: Illuminate\\Database\\Console\\Migrations\\MigrateCommand->handle()
#9 /home/abdoulaye/Bureau/Lumen/blog/vendor/illuminate/container/BoundMethod.php(32): call_user_func_array(Array, Array)
#10 /home/abdoulaye/Bureau/Lumen/blog/vendor/illuminate/support/helpers.php(520): Illuminate\\Container\\BoundMethod::Illuminate\\Container\\{closure}()
#11 /home/abdoulaye/Bureau/Lumen/blog/vendor/illuminate/container/BoundMethod.php(90): value(Object(Closure))
#12 /home/abdoulaye/Bureau/Lumen/blog/vendor/illuminate/container/BoundMethod.php(34): Illuminate\\Container\\BoundMethod::callBoundMethod(Object(Laravel\\Lumen\\Application), Array, Object(Closure))
#13 /home/abdoulaye/Bureau/Lumen/blog/vendor/illuminate/container/Container.php(591): Illuminate\\Container\\BoundMethod::call(Object(Laravel\\Lumen\\Application), Array, Array, NULL)
#14 /home/abdoulaye/Bureau/Lumen/blog/vendor/illuminate/console/Command.php(202): Illuminate\\Container\\Container->call(Array)
#15 /home/abdoulaye/Bureau/Lumen/blog/vendor/symfony/console/Command/Command.php(255): Illuminate\\Console\\Command->execute(Object(Symfony\\Component\\Console\\Input\\ArgvInput), Object(Illuminate\\Console\\OutputStyle))
#16 /home/abdoulaye/Bureau/Lumen/blog/vendor/illuminate/console/Command.php(189): Symfony\\Component\\Console\\Command\\Command->run(Object(Symfony\\Component\\Console\\Input\\ArgvInput), Object(Illuminate\\Console\\OutputStyle))
#17 /home/abdoulaye/Bureau/Lumen/blog/vendor/symfony/console/Application.php(934): Illuminate\\Console\\Command->run(Object(Symfony\\Component\\Console\\Input\\ArgvInput), Object(Symfony\\Component\\Console\\Output\\ConsoleOutput))
#18 /home/abdoulaye/Bureau/Lumen/blog/vendor/symfony/console/Application.php(273): Symfony\\Component\\Console\\Application->doRunCommand(Object(Illuminate\\Database\\Console\\Migrations\\MigrateCommand), Object(Symfony\\Component\\Console\\Input\\ArgvInput), Object(Symfony\\Component\\Console\\Output\\ConsoleOutput))
#19 /home/abdoulaye/Bureau/Lumen/blog/vendor/symfony/console/Application.php(149): Symfony\\Component\\Console\\Application->doRun(Object(Symfony\\Component\\Console\\Input\\ArgvInput), Object(Symfony\\Component\\Console\\Output\\ConsoleOutput))
#20 /home/abdoulaye/Bureau/Lumen/blog/vendor/illuminate/console/Application.php(90): Symfony\\Component\\Console\\Application->run(Object(Symfony\\Component\\Console\\Input\\ArgvInput), Object(Symfony\\Component\\Console\\Output\\ConsoleOutput))
#21 /home/abdoulaye/Bureau/Lumen/blog/vendor/laravel/lumen-framework/src/Console/Kernel.php(115): Illuminate\\Console\\Application->run(Object(Symfony\\Component\\Console\\Input\\ArgvInput), Object(Symfony\\Component\\Console\\Output\\ConsoleOutput))
#22 /home/abdoulaye/Bureau/Lumen/blog/artisan(35): Laravel\\Lumen\\Console\\Kernel->handle(Object(Symfony\\Component\\Console\\Input\\ArgvInput), Object(Symfony\\Component\\Console\\Output\\ConsoleOutput))
#23 {main}
"} 
[2019-11-11 09:15:45] local.ERROR: Symfony\Component\Debug\Exception\FatalThrowableError: Call to undefined method MongoDB\Driver\Server::executeReadCommand() in /home/abdoulaye/Bureau/Lumen/blog/vendor/mongodb/mongodb/src/Operation/ListCollections.php:136
Stack trace:
#0 /home/abdoulaye/Bureau/Lumen/blog/vendor/mongodb/mongodb/src/Operation/ListCollections.php(93): MongoDB\Operation\ListCollections->executeCommand(Object(MongoDB\Driver\Server))
#1 /home/abdoulaye/Bureau/Lumen/blog/vendor/mongodb/mongodb/src/Database.php(425): MongoDB\Operation\ListCollections->execute(Object(MongoDB\Driver\Server))
#2 /home/abdoulaye/Bureau/Lumen/blog/vendor/jenssegers/mongodb/src/Jenssegers/Mongodb/Schema/Builder.php(43): MongoDB\Database->listCollections()
#3 /home/abdoulaye/Bureau/Lumen/blog/vendor/jenssegers/mongodb/src/Jenssegers/Mongodb/Schema/Builder.php(57): Jenssegers\Mongodb\Schema\Builder->hasCollection('migrations')
#4 /home/abdoulaye/Bureau/Lumen/blog/vendor/illuminate/database/Migrations/DatabaseMigrationRepository.php(169): Jenssegers\Mongodb\Schema\Builder->hasTable('migrations')
#5 /home/abdoulaye/Bureau/Lumen/blog/vendor/illuminate/database/Migrations/Migrator.php(585): Illuminate\Database\Migrations\DatabaseMigrationRepository->repositoryExists()
#6 /home/abdoulaye/Bureau/Lumen/blog/vendor/illuminate/database/Console/Migrations/MigrateCommand.php(91): Illuminate\Database\Migrations\Migrator->repositoryExists()
#7 /home/abdoulaye/Bureau/Lumen/blog/vendor/illuminate/database/Console/Migrations/MigrateCommand.php(63): Illuminate\Database\Console\Migrations\MigrateCommand->prepareDatabase()
#8 [internal function]: Illuminate\Database\Console\Migrations\MigrateCommand->handle()
#9 /home/abdoulaye/Bureau/Lumen/blog/vendor/illuminate/container/BoundMethod.php(32): call_user_func_array(Array, Array)
#10 /home/abdoulaye/Bureau/Lumen/blog/vendor/illuminate/support/helpers.php(520): Illuminate\Container\BoundMethod::Illuminate\Container\{closure}()
#11 /home/abdoulaye/Bureau/Lumen/blog/vendor/illuminate/container/BoundMethod.php(90): value(Object(Closure))
#12 /home/abdoulaye/Bureau/Lumen/blog/vendor/illuminate/container/BoundMethod.php(34): Illuminate\Container\BoundMethod::callBoundMethod(Object(Laravel\Lumen\Application), Array, Object(Closure))
#13 /home/abdoulaye/Bureau/Lumen/blog/vendor/illuminate/container/Container.php(591): Illuminate\Container\BoundMethod::call(Object(Laravel\Lumen\Application), Array, Array, NULL)
#14 /home/abdoulaye/Bureau/Lumen/blog/vendor/illuminate/console/Command.php(202): Illuminate\Container\Container->call(Array)
#15 /home/abdoulaye/Bureau/Lumen/blog/vendor/symfony/console/Command/Command.php(255): Illuminate\Console\Command->execute(Object(Symfony\Component\Console\Input\ArgvInput), Object(Illuminate\Console\OutputStyle))
#16 /home/abdoulaye/Bureau/Lumen/blog/vendor/illuminate/console/Command.php(189): Symfony\Component\Console\Command\Command->run(Object(Symfony\Component\Console\Input\ArgvInput), Object(Illuminate\Console\OutputStyle))
#17 /home/abdoulaye/Bureau/Lumen/blog/vendor/symfony/console/Application.php(934): Illuminate\Console\Command->run(Object(Symfony\Component\Console\Input\ArgvInput), Object(Symfony\Component\Console\Output\ConsoleOutput))
#18 /home/abdoulaye/Bureau/Lumen/blog/vendor/symfony/console/Application.php(273): Symfony\Component\Console\Application->doRunCommand(Object(Illuminate\Database\Console\Migrations\MigrateCommand), Object(Symfony\Component\Console\Input\ArgvInput), Object(Symfony\Component\Console\Output\ConsoleOutput))
#19 /home/abdoulaye/Bureau/Lumen/blog/vendor/symfony/console/Application.php(149): Symfony\Component\Console\Application->doRun(Object(Symfony\Component\Console\Input\ArgvInput), Object(Symfony\Component\Console\Output\ConsoleOutput))
#20 /home/abdoulaye/Bureau/Lumen/blog/vendor/illuminate/console/Application.php(90): Symfony\Component\Console\Application->run(Object(Symfony\Component\Console\Input\ArgvInput), Object(Symfony\Component\Console\Output\ConsoleOutput))
#21 /home/abdoulaye/Bureau/Lumen/blog/vendor/laravel/lumen-framework/src/Console/Kernel.php(115): Illuminate\Console\Application->run(Object(Symfony\Component\Console\Input\ArgvInput), Object(Symfony\Component\Console\Output\ConsoleOutput))
#22 /home/abdoulaye/Bureau/Lumen/blog/artisan(35): Laravel\Lumen\Console\Kernel->handle(Object(Symfony\Component\Console\Input\ArgvInput), Object(Symfony\Component\Console\Output\ConsoleOutput))
#23 {main} {"exception":"[object] (Symfony\\Component\\Debug\\Exception\\FatalThrowableError(code: 0): Call to undefined method MongoDB\\Driver\\Server::executeReadCommand() at /home/abdoulaye/Bureau/Lumen/blog/vendor/mongodb/mongodb/src/Operation/ListCollections.php:136)
[stacktrace]
#0 /home/abdoulaye/Bureau/Lumen/blog/vendor/mongodb/mongodb/src/Operation/ListCollections.php(93): MongoDB\\Operation\\ListCollections->executeCommand(Object(MongoDB\\Driver\\Server))
#1 /home/abdoulaye/Bureau/Lumen/blog/vendor/mongodb/mongodb/src/Database.php(425): MongoDB\\Operation\\ListCollections->execute(Object(MongoDB\\Driver\\Server))
#2 /home/abdoulaye/Bureau/Lumen/blog/vendor/jenssegers/mongodb/src/Jenssegers/Mongodb/Schema/Builder.php(43): MongoDB\\Database->listCollections()
#3 /home/abdoulaye/Bureau/Lumen/blog/vendor/jenssegers/mongodb/src/Jenssegers/Mongodb/Schema/Builder.php(57): Jenssegers\\Mongodb\\Schema\\Builder->hasCollection('migrations')
#4 /home/abdoulaye/Bureau/Lumen/blog/vendor/illuminate/database/Migrations/DatabaseMigrationRepository.php(169): Jenssegers\\Mongodb\\Schema\\Builder->hasTable('migrations')
#5 /home/abdoulaye/Bureau/Lumen/blog/vendor/illuminate/database/Migrations/Migrator.php(585): Illuminate\\Database\\Migrations\\DatabaseMigrationRepository->repositoryExists()
#6 /home/abdoulaye/Bureau/Lumen/blog/vendor/illuminate/database/Console/Migrations/MigrateCommand.php(91): Illuminate\\Database\\Migrations\\Migrator->repositoryExists()
#7 /home/abdoulaye/Bureau/Lumen/blog/vendor/illuminate/database/Console/Migrations/MigrateCommand.php(63): Illuminate\\Database\\Console\\Migrations\\MigrateCommand->prepareDatabase()
#8 [internal function]: Illuminate\\Database\\Console\\Migrations\\MigrateCommand->handle()
#9 /home/abdoulaye/Bureau/Lumen/blog/vendor/illuminate/container/BoundMethod.php(32): call_user_func_array(Array, Array)
#10 /home/abdoulaye/Bureau/Lumen/blog/vendor/illuminate/support/helpers.php(520): Illuminate\\Container\\BoundMethod::Illuminate\\Container\\{closure}()
#11 /home/abdoulaye/Bureau/Lumen/blog/vendor/illuminate/container/BoundMethod.php(90): value(Object(Closure))
#12 /home/abdoulaye/Bureau/Lumen/blog/vendor/illuminate/container/BoundMethod.php(34): Illuminate\\Container\\BoundMethod::callBoundMethod(Object(Laravel\\Lumen\\Application), Array, Object(Closure))
#13 /home/abdoulaye/Bureau/Lumen/blog/vendor/illuminate/container/Container.php(591): Illuminate\\Container\\BoundMethod::call(Object(Laravel\\Lumen\\Application), Array, Array, NULL)
#14 /home/abdoulaye/Bureau/Lumen/blog/vendor/illuminate/console/Command.php(202): Illuminate\\Container\\Container->call(Array)
#15 /home/abdoulaye/Bureau/Lumen/blog/vendor/symfony/console/Command/Command.php(255): Illuminate\\Console\\Command->execute(Object(Symfony\\Component\\Console\\Input\\ArgvInput), Object(Illuminate\\Console\\OutputStyle))
#16 /home/abdoulaye/Bureau/Lumen/blog/vendor/illuminate/console/Command.php(189): Symfony\\Component\\Console\\Command\\Command->run(Object(Symfony\\Component\\Console\\Input\\ArgvInput), Object(Illuminate\\Console\\OutputStyle))
#17 /home/abdoulaye/Bureau/Lumen/blog/vendor/symfony/console/Application.php(934): Illuminate\\Console\\Command->run(Object(Symfony\\Component\\Console\\Input\\ArgvInput), Object(Symfony\\Component\\Console\\Output\\ConsoleOutput))
#18 /home/abdoulaye/Bureau/Lumen/blog/vendor/symfony/console/Application.php(273): Symfony\\Component\\Console\\Application->doRunCommand(Object(Illuminate\\Database\\Console\\Migrations\\MigrateCommand), Object(Symfony\\Component\\Console\\Input\\ArgvInput), Object(Symfony\\Component\\Console\\Output\\ConsoleOutput))
#19 /home/abdoulaye/Bureau/Lumen/blog/vendor/symfony/console/Application.php(149): Symfony\\Component\\Console\\Application->doRun(Object(Symfony\\Component\\Console\\Input\\ArgvInput), Object(Symfony\\Component\\Console\\Output\\ConsoleOutput))
#20 /home/abdoulaye/Bureau/Lumen/blog/vendor/illuminate/console/Application.php(90): Symfony\\Component\\Console\\Application->run(Object(Symfony\\Component\\Console\\Input\\ArgvInput), Object(Symfony\\Component\\Console\\Output\\ConsoleOutput))
#21 /home/abdoulaye/Bureau/Lumen/blog/vendor/laravel/lumen-framework/src/Console/Kernel.php(115): Illuminate\\Console\\Application->run(Object(Symfony\\Component\\Console\\Input\\ArgvInput), Object(Symfony\\Component\\Console\\Output\\ConsoleOutput))
#22 /home/abdoulaye/Bureau/Lumen/blog/artisan(35): Laravel\\Lumen\\Console\\Kernel->handle(Object(Symfony\\Component\\Console\\Input\\ArgvInput), Object(Symfony\\Component\\Console\\Output\\ConsoleOutput))
#23 {main}
"} 
[2019-11-11 09:34:16] local.ERROR: Symfony\Component\Debug\Exception\FatalThrowableError: Argument 3 passed to MongoDB\Driver\Server::executeQuery() must be an instance of MongoDB\Driver\ReadPreference or null, array given in /home/abdoulaye/Bureau/Lumen/blog/vendor/mongodb/mongodb/src/Operation/Find.php:322
Stack trace:
#0 /home/abdoulaye/Bureau/Lumen/blog/vendor/mongodb/mongodb/src/Operation/Find.php(322): MongoDB\Driver\Server->executeQuery('test.articles_c...', Object(MongoDB\Driver\Query), Array)
#1 /home/abdoulaye/Bureau/Lumen/blog/vendor/mongodb/mongodb/src/Collection.php(663): MongoDB\Operation\Find->execute(Object(MongoDB\Driver\Server))
#2 [internal function]: MongoDB\Collection->find(Array, Array)
#3 /home/abdoulaye/Bureau/Lumen/blog/vendor/jenssegers/mongodb/src/Jenssegers/Mongodb/Collection.php(42): call_user_func_array(Array, Array)
#4 /home/abdoulaye/Bureau/Lumen/blog/vendor/jenssegers/mongodb/src/Jenssegers/Mongodb/Query/Builder.php(401): Jenssegers\Mongodb\Collection->__call('find', Array)
#5 /home/abdoulaye/Bureau/Lumen/blog/vendor/jenssegers/mongodb/src/Jenssegers/Mongodb/Query/Builder.php(209): Jenssegers\Mongodb\Query\Builder->getFresh(Array)
#6 /home/abdoulaye/Bureau/Lumen/blog/vendor/illuminate/database/Eloquent/Builder.php(521): Jenssegers\Mongodb\Query\Builder->get(Array)
#7 /home/abdoulaye/Bureau/Lumen/blog/vendor/illuminate/database/Eloquent/Builder.php(505): Illuminate\Database\Eloquent\Builder->getModels(Array)
#8 /home/abdoulaye/Bureau/Lumen/blog/vendor/illuminate/database/Concerns/BuildsQueries.php(143): Illuminate\Database\Eloquent\Builder->get(Array)
#9 /home/abdoulaye/Bureau/Lumen/blog/vendor/illuminate/database/Eloquent/Builder.php(329): Illuminate\Database\Eloquent\Builder->first(Array)
#10 /home/abdoulaye/Bureau/Lumen/blog/vendor/illuminate/support/Traits/ForwardsCalls.php(23): Illuminate\Database\Eloquent\Builder->find('3')
#11 /home/abdoulaye/Bureau/Lumen/blog/vendor/illuminate/database/Eloquent/Model.php(1618): Illuminate\Database\Eloquent\Model->forwardCallTo(Object(Jenssegers\Mongodb\Eloquent\Builder), 'find', Array)
#12 /home/abdoulaye/Bureau/Lumen/blog/vendor/jenssegers/mongodb/src/Jenssegers/Mongodb/Eloquent/Model.php(480): Illuminate\Database\Eloquent\Model->__call('find', Array)
#13 /home/abdoulaye/Bureau/Lumen/blog/vendor/illuminate/database/Eloquent/Model.php(1630): Jenssegers\Mongodb\Eloquent\Model->__call('find', Array)
#14 /home/abdoulaye/Bureau/Lumen/blog/app/Http/Controllers/ArticleController.php(27): Illuminate\Database\Eloquent\Model::__callStatic('find', Array)
#15 [internal function]: App\Http\Controllers\ArticleController->showOnArticle('3')
#16 /home/abdoulaye/Bureau/Lumen/blog/vendor/illuminate/container/BoundMethod.php(32): call_user_func_array(Array, Array)
#17 /home/abdoulaye/Bureau/Lumen/blog/vendor/illuminate/support/helpers.php(520): Illuminate\Container\BoundMethod::Illuminate\Container\{closure}()
#18 /home/abdoulaye/Bureau/Lumen/blog/vendor/illuminate/container/BoundMethod.php(90): value(Object(Closure))
#19 /home/abdoulaye/Bureau/Lumen/blog/vendor/illuminate/container/BoundMethod.php(34): Illuminate\Container\BoundMethod::callBoundMethod(Object(Laravel\Lumen\Application), Array, Object(Closure))
#20 /home/abdoulaye/Bureau/Lumen/blog/vendor/illuminate/container/Container.php(591): Illuminate\Container\BoundMethod::call(Object(Laravel\Lumen\Application), Array, Array, NULL)
#21 /home/abdoulaye/Bureau/Lumen/blog/vendor/laravel/lumen-framework/src/Concerns/RoutesRequests.php(376): Illuminate\Container\Container->call(Array, Array)
#22 /home/abdoulaye/Bureau/Lumen/blog/vendor/laravel/lumen-framework/src/Concerns/RoutesRequests.php(342): Laravel\Lumen\Application->callControllerCallable(Array, Array)
#23 /home/abdoulaye/Bureau/Lumen/blog/vendor/laravel/lumen-framework/src/Concerns/RoutesRequests.php(316): Laravel\Lumen\Application->callLumenController(Object(App\Http\Controllers\ArticleController), 'showOnArticle', Array)
#24 /home/abdoulaye/Bureau/Lumen/blog/vendor/laravel/lumen-framework/src/Concerns/RoutesRequests.php(278): Laravel\Lumen\Application->callControllerAction(Array)
#25 /home/abdoulaye/Bureau/Lumen/blog/vendor/laravel/lumen-framework/src/Concerns/RoutesRequests.php(263): Laravel\Lumen\Application->callActionOnArrayBasedRoute(Array)
#26 /home/abdoulaye/Bureau/Lumen/blog/vendor/laravel/lumen-framework/src/Concerns/RoutesRequests.php(233): Laravel\Lumen\Application->handleFoundRoute(Array)
#27 /home/abdoulaye/Bureau/Lumen/blog/vendor/laravel/lumen-framework/src/Concerns/RoutesRequests.php(169): Laravel\Lumen\Application->handleDispatcherResponse(Array)
#28 /home/abdoulaye/Bureau/Lumen/blog/vendor/laravel/lumen-framework/src/Concerns/RoutesRequests.php(416): Laravel\Lumen\Application->Laravel\Lumen\Concerns\{closure}(Object(Laravel\Lumen\Http\Request))
#29 /home/abdoulaye/Bureau/Lumen/blog/vendor/laravel/lumen-framework/src/Concerns/RoutesRequests.php(171): Laravel\Lumen\Application->sendThroughPipeline(Array, Object(Closure))
#30 /home/abdoulaye/Bureau/Lumen/blog/vendor/laravel/lumen-framework/src/Concerns/RoutesRequests.php(108): Laravel\Lumen\Application->dispatch(NULL)
#31 /home/abdoulaye/Bureau/Lumen/blog/public/index.php(28): Laravel\Lumen\Application->run()
#32 {main} {"exception":"[object] (Symfony\\Component\\Debug\\Exception\\FatalThrowableError(code: 0): Argument 3 passed to MongoDB\\Driver\\Server::executeQuery() must be an instance of MongoDB\\Driver\\ReadPreference or null, array given at /home/abdoulaye/Bureau/Lumen/blog/vendor/mongodb/mongodb/src/Operation/Find.php:322)
[stacktrace]
#0 /home/abdoulaye/Bureau/Lumen/blog/vendor/mongodb/mongodb/src/Operation/Find.php(322): MongoDB\\Driver\\Server->executeQuery('test.articles_c...', Object(MongoDB\\Driver\\Query), Array)
#1 /home/abdoulaye/Bureau/Lumen/blog/vendor/mongodb/mongodb/src/Collection.php(663): MongoDB\\Operation\\Find->execute(Object(MongoDB\\Driver\\Server))
#2 [internal function]: MongoDB\\Collection->find(Array, Array)
#3 /home/abdoulaye/Bureau/Lumen/blog/vendor/jenssegers/mongodb/src/Jenssegers/Mongodb/Collection.php(42): call_user_func_array(Array, Array)
#4 /home/abdoulaye/Bureau/Lumen/blog/vendor/jenssegers/mongodb/src/Jenssegers/Mongodb/Query/Builder.php(401): Jenssegers\\Mongodb\\Collection->__call('find', Array)
#5 /home/abdoulaye/Bureau/Lumen/blog/vendor/jenssegers/mongodb/src/Jenssegers/Mongodb/Query/Builder.php(209): Jenssegers\\Mongodb\\Query\\Builder->getFresh(Array)
#6 /home/abdoulaye/Bureau/Lumen/blog/vendor/illuminate/database/Eloquent/Builder.php(521): Jenssegers\\Mongodb\\Query\\Builder->get(Array)
#7 /home/abdoulaye/Bureau/Lumen/blog/vendor/illuminate/database/Eloquent/Builder.php(505): Illuminate\\Database\\Eloquent\\Builder->getModels(Array)
#8 /home/abdoulaye/Bureau/Lumen/blog/vendor/illuminate/database/Concerns/BuildsQueries.php(143): Illuminate\\Database\\Eloquent\\Builder->get(Array)
#9 /home/abdoulaye/Bureau/Lumen/blog/vendor/illuminate/database/Eloquent/Builder.php(329): Illuminate\\Database\\Eloquent\\Builder->first(Array)
#10 /home/abdoulaye/Bureau/Lumen/blog/vendor/illuminate/support/Traits/ForwardsCalls.php(23): Illuminate\\Database\\Eloquent\\Builder->find('3')
#11 /home/abdoulaye/Bureau/Lumen/blog/vendor/illuminate/database/Eloquent/Model.php(1618): Illuminate\\Database\\Eloquent\\Model->forwardCallTo(Object(Jenssegers\\Mongodb\\Eloquent\\Builder), 'find', Array)
#12 /home/abdoulaye/Bureau/Lumen/blog/vendor/jenssegers/mongodb/src/Jenssegers/Mongodb/Eloquent/Model.php(480): Illuminate\\Database\\Eloquent\\Model->__call('find', Array)
#13 /home/abdoulaye/Bureau/Lumen/blog/vendor/illuminate/database/Eloquent/Model.php(1630): Jenssegers\\Mongodb\\Eloquent\\Model->__call('find', Array)
#14 /home/abdoulaye/Bureau/Lumen/blog/app/Http/Controllers/ArticleController.php(27): Illuminate\\Database\\Eloquent\\Model::__callStatic('find', Array)
#15 [internal function]: App\\Http\\Controllers\\ArticleController->showOnArticle('3')
#16 /home/abdoulaye/Bureau/Lumen/blog/vendor/illuminate/container/BoundMethod.php(32): call_user_func_array(Array, Array)
#17 /home/abdoulaye/Bureau/Lumen/blog/vendor/illuminate/support/helpers.php(520): Illuminate\\Container\\BoundMethod::Illuminate\\Container\\{closure}()
#18 /home/abdoulaye/Bureau/Lumen/blog/vendor/illuminate/container/BoundMethod.php(90): value(Object(Closure))
#19 /home/abdoulaye/Bureau/Lumen/blog/vendor/illuminate/container/BoundMethod.php(34): Illuminate\\Container\\BoundMethod::callBoundMethod(Object(Laravel\\Lumen\\Application), Array, Object(Closure))
#20 /home/abdoulaye/Bureau/Lumen/blog/vendor/illuminate/container/Container.php(591): Illuminate\\Container\\BoundMethod::call(Object(Laravel\\Lumen\\Application), Array, Array, NULL)
#21 /home/abdoulaye/Bureau/Lumen/blog/vendor/laravel/lumen-framework/src/Concerns/RoutesRequests.php(376): Illuminate\\Container\\Container->call(Array, Array)
#22 /home/abdoulaye/Bureau/Lumen/blog/vendor/laravel/lumen-framework/src/Concerns/RoutesRequests.php(342): Laravel\\Lumen\\Application->callControllerCallable(Array, Array)
#23 /home/abdoulaye/Bureau/Lumen/blog/vendor/laravel/lumen-framework/src/Concerns/RoutesRequests.php(316): Laravel\\Lumen\\Application->callLumenController(Object(App\\Http\\Controllers\\ArticleController), 'showOnArticle', Array)
#24 /home/abdoulaye/Bureau/Lumen/blog/vendor/laravel/lumen-framework/src/Concerns/RoutesRequests.php(278): Laravel\\Lumen\\Application->callControllerAction(Array)
#25 /home/abdoulaye/Bureau/Lumen/blog/vendor/laravel/lumen-framework/src/Concerns/RoutesRequests.php(263): Laravel\\Lumen\\Application->callActionOnArrayBasedRoute(Array)
#26 /home/abdoulaye/Bureau/Lumen/blog/vendor/laravel/lumen-framework/src/Concerns/RoutesRequests.php(233): Laravel\\Lumen\\Application->handleFoundRoute(Array)
#27 /home/abdoulaye/Bureau/Lumen/blog/vendor/laravel/lumen-framework/src/Concerns/RoutesRequests.php(169): Laravel\\Lumen\\Application->handleDispatcherResponse(Array)
#28 /home/abdoulaye/Bureau/Lumen/blog/vendor/laravel/lumen-framework/src/Concerns/RoutesRequests.php(416): Laravel\\Lumen\\Application->Laravel\\Lumen\\Concerns\\{closure}(Object(Laravel\\Lumen\\Http\\Request))
#29 /home/abdoulaye/Bureau/Lumen/blog/vendor/laravel/lumen-framework/src/Concerns/RoutesRequests.php(171): Laravel\\Lumen\\Application->sendThroughPipeline(Array, Object(Closure))
#30 /home/abdoulaye/Bureau/Lumen/blog/vendor/laravel/lumen-framework/src/Concerns/RoutesRequests.php(108): Laravel\\Lumen\\Application->dispatch(NULL)
#31 /home/abdoulaye/Bureau/Lumen/blog/public/index.php(28): Laravel\\Lumen\\Application->run()
#32 {main}
"} 
[2019-11-11 09:34:20] local.ERROR: Symfony\Component\Debug\Exception\FatalThrowableError: Class 'App\Http\Controllers\MongoDB\Driver\Manager' not found in /home/abdoulaye/Bureau/Lumen/blog/app/Http/Controllers/ArticleController.php:22
Stack trace:
#0 [internal function]: App\Http\Controllers\ArticleController->showAllArticles()
#1 /home/abdoulaye/Bureau/Lumen/blog/vendor/illuminate/container/BoundMethod.php(32): call_user_func_array(Array, Array)
#2 /home/abdoulaye/Bureau/Lumen/blog/vendor/illuminate/support/helpers.php(520): Illuminate\Container\BoundMethod::Illuminate\Container\{closure}()
#3 /home/abdoulaye/Bureau/Lumen/blog/vendor/illuminate/container/BoundMethod.php(90): value(Object(Closure))
#4 /home/abdoulaye/Bureau/Lumen/blog/vendor/illuminate/container/BoundMethod.php(34): Illuminate\Container\BoundMethod::callBoundMethod(Object(Laravel\Lumen\Application), Array, Object(Closure))
#5 /home/abdoulaye/Bureau/Lumen/blog/vendor/illuminate/container/Container.php(591): Illuminate\Container\BoundMethod::call(Object(Laravel\Lumen\Application), Array, Array, NULL)
#6 /home/abdoulaye/Bureau/Lumen/blog/vendor/laravel/lumen-framework/src/Concerns/RoutesRequests.php(376): Illuminate\Container\Container->call(Array, Array)
#7 /home/abdoulaye/Bureau/Lumen/blog/vendor/laravel/lumen-framework/src/Concerns/RoutesRequests.php(342): Laravel\Lumen\Application->callControllerCallable(Array, Array)
#8 /home/abdoulaye/Bureau/Lumen/blog/vendor/laravel/lumen-framework/src/Concerns/RoutesRequests.php(316): Laravel\Lumen\Application->callLumenController(Object(App\Http\Controllers\ArticleController), 'showAllArticles', Array)
#9 /home/abdoulaye/Bureau/Lumen/blog/vendor/laravel/lumen-framework/src/Concerns/RoutesRequests.php(278): Laravel\Lumen\Application->callControllerAction(Array)
#10 /home/abdoulaye/Bureau/Lumen/blog/vendor/laravel/lumen-framework/src/Concerns/RoutesRequests.php(263): Laravel\Lumen\Application->callActionOnArrayBasedRoute(Array)
#11 /home/abdoulaye/Bureau/Lumen/blog/vendor/laravel/lumen-framework/src/Concerns/RoutesRequests.php(165): Laravel\Lumen\Application->handleFoundRoute(Array)
#12 /home/abdoulaye/Bureau/Lumen/blog/vendor/laravel/lumen-framework/src/Concerns/RoutesRequests.php(416): Laravel\Lumen\Application->Laravel\Lumen\Concerns\{closure}(Object(Laravel\Lumen\Http\Request))
#13 /home/abdoulaye/Bureau/Lumen/blog/vendor/laravel/lumen-framework/src/Concerns/RoutesRequests.php(171): Laravel\Lumen\Application->sendThroughPipeline(Array, Object(Closure))
#14 /home/abdoulaye/Bureau/Lumen/blog/vendor/laravel/lumen-framework/src/Concerns/RoutesRequests.php(108): Laravel\Lumen\Application->dispatch(NULL)
#15 /home/abdoulaye/Bureau/Lumen/blog/public/index.php(28): Laravel\Lumen\Application->run()
#16 {main} {"exception":"[object] (Symfony\\Component\\Debug\\Exception\\FatalThrowableError(code: 0): Class 'App\\Http\\Controllers\\MongoDB\\Driver\\Manager' not found at /home/abdoulaye/Bureau/Lumen/blog/app/Http/Controllers/ArticleController.php:22)
[stacktrace]
#0 [internal function]: App\\Http\\Controllers\\ArticleController->showAllArticles()
#1 /home/abdoulaye/Bureau/Lumen/blog/vendor/illuminate/container/BoundMethod.php(32): call_user_func_array(Array, Array)
#2 /home/abdoulaye/Bureau/Lumen/blog/vendor/illuminate/support/helpers.php(520): Illuminate\\Container\\BoundMethod::Illuminate\\Container\\{closure}()
#3 /home/abdoulaye/Bureau/Lumen/blog/vendor/illuminate/container/BoundMethod.php(90): value(Object(Closure))
#4 /home/abdoulaye/Bureau/Lumen/blog/vendor/illuminate/container/BoundMethod.php(34): Illuminate\\Container\\BoundMethod::callBoundMethod(Object(Laravel\\Lumen\\Application), Array, Object(Closure))
#5 /home/abdoulaye/Bureau/Lumen/blog/vendor/illuminate/container/Container.php(591): Illuminate\\Container\\BoundMethod::call(Object(Laravel\\Lumen\\Application), Array, Array, NULL)
#6 /home/abdoulaye/Bureau/Lumen/blog/vendor/laravel/lumen-framework/src/Concerns/RoutesRequests.php(376): Illuminate\\Container\\Container->call(Array, Array)
#7 /home/abdoulaye/Bureau/Lumen/blog/vendor/laravel/lumen-framework/src/Concerns/RoutesRequests.php(342): Laravel\\Lumen\\Application->callControllerCallable(Array, Array)
#8 /home/abdoulaye/Bureau/Lumen/blog/vendor/laravel/lumen-framework/src/Concerns/RoutesRequests.php(316): Laravel\\Lumen\\Application->callLumenController(Object(App\\Http\\Controllers\\ArticleController), 'showAllArticles', Array)
#9 /home/abdoulaye/Bureau/Lumen/blog/vendor/laravel/lumen-framework/src/Concerns/RoutesRequests.php(278): Laravel\\Lumen\\Application->callControllerAction(Array)
#10 /home/abdoulaye/Bureau/Lumen/blog/vendor/laravel/lumen-framework/src/Concerns/RoutesRequests.php(263): Laravel\\Lumen\\Application->callActionOnArrayBasedRoute(Array)
#11 /home/abdoulaye/Bureau/Lumen/blog/vendor/laravel/lumen-framework/src/Concerns/RoutesRequests.php(165): Laravel\\Lumen\\Application->handleFoundRoute(Array)
#12 /home/abdoulaye/Bureau/Lumen/blog/vendor/laravel/lumen-framework/src/Concerns/RoutesRequests.php(416): Laravel\\Lumen\\Application->Laravel\\Lumen\\Concerns\\{closure}(Object(Laravel\\Lumen\\Http\\Request))
#13 /home/abdoulaye/Bureau/Lumen/blog/vendor/laravel/lumen-framework/src/Concerns/RoutesRequests.php(171): Laravel\\Lumen\\Application->sendThroughPipeline(Array, Object(Closure))
#14 /home/abdoulaye/Bureau/Lumen/blog/vendor/laravel/lumen-framework/src/Concerns/RoutesRequests.php(108): Laravel\\Lumen\\Application->dispatch(NULL)
#15 /home/abdoulaye/Bureau/Lumen/blog/public/index.php(28): Laravel\\Lumen\\Application->run()
#16 {main}
"} 
