[2019-11-12 07:36:23] local.ERROR: Symfony\Component\Console\Exception\RuntimeException: Not enough arguments (missing: "name"). in /home/abdoulaye/Bureau/Lumen/blog/vendor/symfony/console/Input/Input.php:76
Stack trace:
#0 /home/abdoulaye/Bureau/Lumen/blog/vendor/symfony/console/Command/Command.php(250): Symfony\Component\Console\Input\Input->validate()
#1 /home/abdoulaye/Bureau/Lumen/blog/vendor/illuminate/console/Command.php(189): Symfony\Component\Console\Command\Command->run(Object(Symfony\Component\Console\Input\ArgvInput), Object(Illuminate\Console\OutputStyle))
#2 /home/abdoulaye/Bureau/Lumen/blog/vendor/symfony/console/Application.php(934): Illuminate\Console\Command->run(Object(Symfony\Component\Console\Input\ArgvInput), Object(Symfony\Component\Console\Output\ConsoleOutput))
#3 /home/abdoulaye/Bureau/Lumen/blog/vendor/symfony/console/Application.php(273): Symfony\Component\Console\Application->doRunCommand(Object(Illuminate\Database\Console\Migrations\MigrateMakeCommand), Object(Symfony\Component\Console\Input\ArgvInput), Object(Symfony\Component\Console\Output\ConsoleOutput))
#4 /home/abdoulaye/Bureau/Lumen/blog/vendor/symfony/console/Application.php(149): Symfony\Component\Console\Application->doRun(Object(Symfony\Component\Console\Input\ArgvInput), Object(Symfony\Component\Console\Output\ConsoleOutput))
#5 /home/abdoulaye/Bureau/Lumen/blog/vendor/illuminate/console/Application.php(90): Symfony\Component\Console\Application->run(Object(Symfony\Component\Console\Input\ArgvInput), Object(Symfony\Component\Console\Output\ConsoleOutput))
#6 /home/abdoulaye/Bureau/Lumen/blog/vendor/laravel/lumen-framework/src/Console/Kernel.php(115): Illuminate\Console\Application->run(Object(Symfony\Component\Console\Input\ArgvInput), Object(Symfony\Component\Console\Output\ConsoleOutput))
#7 /home/abdoulaye/Bureau/Lumen/blog/artisan(35): Laravel\Lumen\Console\Kernel->handle(Object(Symfony\Component\Console\Input\ArgvInput), Object(Symfony\Component\Console\Output\ConsoleOutput))
#8 {main} {"exception":"[object] (Symfony\\Component\\Console\\Exception\\RuntimeException(code: 0): Not enough arguments (missing: \"name\"). at /home/abdoulaye/Bureau/Lumen/blog/vendor/symfony/console/Input/Input.php:76)
[stacktrace]
#0 /home/abdoulaye/Bureau/Lumen/blog/vendor/symfony/console/Command/Command.php(250): Symfony\\Component\\Console\\Input\\Input->validate()
#1 /home/abdoulaye/Bureau/Lumen/blog/vendor/illuminate/console/Command.php(189): Symfony\\Component\\Console\\Command\\Command->run(Object(Symfony\\Component\\Console\\Input\\ArgvInput), Object(Illuminate\\Console\\OutputStyle))
#2 /home/abdoulaye/Bureau/Lumen/blog/vendor/symfony/console/Application.php(934): Illuminate\\Console\\Command->run(Object(Symfony\\Component\\Console\\Input\\ArgvInput), Object(Symfony\\Component\\Console\\Output\\ConsoleOutput))
#3 /home/abdoulaye/Bureau/Lumen/blog/vendor/symfony/console/Application.php(273): Symfony\\Component\\Console\\Application->doRunCommand(Object(Illuminate\\Database\\Console\\Migrations\\MigrateMakeCommand), Object(Symfony\\Component\\Console\\Input\\ArgvInput), Object(Symfony\\Component\\Console\\Output\\ConsoleOutput))
#4 /home/abdoulaye/Bureau/Lumen/blog/vendor/symfony/console/Application.php(149): Symfony\\Component\\Console\\Application->doRun(Object(Symfony\\Component\\Console\\Input\\ArgvInput), Object(Symfony\\Component\\Console\\Output\\ConsoleOutput))
#5 /home/abdoulaye/Bureau/Lumen/blog/vendor/illuminate/console/Application.php(90): Symfony\\Component\\Console\\Application->run(Object(Symfony\\Component\\Console\\Input\\ArgvInput), Object(Symfony\\Component\\Console\\Output\\ConsoleOutput))
#6 /home/abdoulaye/Bureau/Lumen/blog/vendor/laravel/lumen-framework/src/Console/Kernel.php(115): Illuminate\\Console\\Application->run(Object(Symfony\\Component\\Console\\Input\\ArgvInput), Object(Symfony\\Component\\Console\\Output\\ConsoleOutput))
#7 /home/abdoulaye/Bureau/Lumen/blog/artisan(35): Laravel\\Lumen\\Console\\Kernel->handle(Object(Symfony\\Component\\Console\\Input\\ArgvInput), Object(Symfony\\Component\\Console\\Output\\ConsoleOutput))
#8 {main}
"} 
[2019-11-12 07:43:22] local.ERROR: Illuminate\Database\Eloquent\MassAssignmentException: Add [title] to fillable property to allow mass assignment on [App\Article]. in /home/abdoulaye/Bureau/Lumen/blog/vendor/illuminate/database/Eloquent/Model.php:331
Stack trace:
#0 /home/abdoulaye/Bureau/Lumen/blog/vendor/illuminate/database/Eloquent/Model.php(171): Illuminate\Database\Eloquent\Model->fill(Array)
#1 /home/abdoulaye/Bureau/Lumen/blog/vendor/illuminate/database/Eloquent/Model.php(392): Illuminate\Database\Eloquent\Model->__construct(Array)
#2 /home/abdoulaye/Bureau/Lumen/blog/vendor/illuminate/database/Eloquent/Builder.php(1073): Illuminate\Database\Eloquent\Model->newInstance(Array)
#3 /home/abdoulaye/Bureau/Lumen/blog/vendor/illuminate/database/Eloquent/Builder.php(748): Illuminate\Database\Eloquent\Builder->newModelInstance(Array)
#4 /home/abdoulaye/Bureau/Lumen/blog/vendor/illuminate/support/Traits/ForwardsCalls.php(23): Illuminate\Database\Eloquent\Builder->create(Array)
#5 /home/abdoulaye/Bureau/Lumen/blog/vendor/illuminate/database/Eloquent/Model.php(1618): Illuminate\Database\Eloquent\Model->forwardCallTo(Object(Jenssegers\Mongodb\Eloquent\Builder), 'create', Array)
#6 /home/abdoulaye/Bureau/Lumen/blog/vendor/jenssegers/mongodb/src/Jenssegers/Mongodb/Eloquent/Model.php(480): Illuminate\Database\Eloquent\Model->__call('create', Array)
#7 /home/abdoulaye/Bureau/Lumen/blog/vendor/illuminate/database/Eloquent/Model.php(1630): Jenssegers\Mongodb\Eloquent\Model->__call('create', Array)
#8 /home/abdoulaye/Bureau/Lumen/blog/app/Http/Controllers/ArticleController.php(34): Illuminate\Database\Eloquent\Model::__callStatic('create', Array)
#9 [internal function]: App\Http\Controllers\ArticleController->create(Object(Laravel\Lumen\Http\Request))
#10 /home/abdoulaye/Bureau/Lumen/blog/vendor/illuminate/container/BoundMethod.php(32): call_user_func_array(Array, Array)
#11 /home/abdoulaye/Bureau/Lumen/blog/vendor/illuminate/support/helpers.php(520): Illuminate\Container\BoundMethod::Illuminate\Container\{closure}()
#12 /home/abdoulaye/Bureau/Lumen/blog/vendor/illuminate/container/BoundMethod.php(90): value(Object(Closure))
#13 /home/abdoulaye/Bureau/Lumen/blog/vendor/illuminate/container/BoundMethod.php(34): Illuminate\Container\BoundMethod::callBoundMethod(Object(Laravel\Lumen\Application), Array, Object(Closure))
#14 /home/abdoulaye/Bureau/Lumen/blog/vendor/illuminate/container/Container.php(591): Illuminate\Container\BoundMethod::call(Object(Laravel\Lumen\Application), Array, Array, NULL)
#15 /home/abdoulaye/Bureau/Lumen/blog/vendor/laravel/lumen-framework/src/Concerns/RoutesRequests.php(376): Illuminate\Container\Container->call(Array, Array)
#16 /home/abdoulaye/Bureau/Lumen/blog/vendor/laravel/lumen-framework/src/Concerns/RoutesRequests.php(342): Laravel\Lumen\Application->callControllerCallable(Array, Array)
#17 /home/abdoulaye/Bureau/Lumen/blog/vendor/laravel/lumen-framework/src/Concerns/RoutesRequests.php(316): Laravel\Lumen\Application->callLumenController(Object(App\Http\Controllers\ArticleController), 'create', Array)
#18 /home/abdoulaye/Bureau/Lumen/blog/vendor/laravel/lumen-framework/src/Concerns/RoutesRequests.php(278): Laravel\Lumen\Application->callControllerAction(Array)
#19 /home/abdoulaye/Bureau/Lumen/blog/vendor/laravel/lumen-framework/src/Concerns/RoutesRequests.php(263): Laravel\Lumen\Application->callActionOnArrayBasedRoute(Array)
#20 /home/abdoulaye/Bureau/Lumen/blog/vendor/laravel/lumen-framework/src/Concerns/RoutesRequests.php(165): Laravel\Lumen\Application->handleFoundRoute(Array)
#21 /home/abdoulaye/Bureau/Lumen/blog/vendor/laravel/lumen-framework/src/Concerns/RoutesRequests.php(416): Laravel\Lumen\Application->Laravel\Lumen\Concerns\{closure}(Object(Laravel\Lumen\Http\Request))
#22 /home/abdoulaye/Bureau/Lumen/blog/vendor/laravel/lumen-framework/src/Concerns/RoutesRequests.php(171): Laravel\Lumen\Application->sendThroughPipeline(Array, Object(Closure))
#23 /home/abdoulaye/Bureau/Lumen/blog/vendor/laravel/lumen-framework/src/Concerns/RoutesRequests.php(108): Laravel\Lumen\Application->dispatch(NULL)
#24 /home/abdoulaye/Bureau/Lumen/blog/public/index.php(28): Laravel\Lumen\Application->run()
#25 {main} {"exception":"[object] (Illuminate\\Database\\Eloquent\\MassAssignmentException(code: 0): Add [title] to fillable property to allow mass assignment on [App\\Article]. at /home/abdoulaye/Bureau/Lumen/blog/vendor/illuminate/database/Eloquent/Model.php:331)
[stacktrace]
#0 /home/abdoulaye/Bureau/Lumen/blog/vendor/illuminate/database/Eloquent/Model.php(171): Illuminate\\Database\\Eloquent\\Model->fill(Array)
#1 /home/abdoulaye/Bureau/Lumen/blog/vendor/illuminate/database/Eloquent/Model.php(392): Illuminate\\Database\\Eloquent\\Model->__construct(Array)
#2 /home/abdoulaye/Bureau/Lumen/blog/vendor/illuminate/database/Eloquent/Builder.php(1073): Illuminate\\Database\\Eloquent\\Model->newInstance(Array)
#3 /home/abdoulaye/Bureau/Lumen/blog/vendor/illuminate/database/Eloquent/Builder.php(748): Illuminate\\Database\\Eloquent\\Builder->newModelInstance(Array)
#4 /home/abdoulaye/Bureau/Lumen/blog/vendor/illuminate/support/Traits/ForwardsCalls.php(23): Illuminate\\Database\\Eloquent\\Builder->create(Array)
#5 /home/abdoulaye/Bureau/Lumen/blog/vendor/illuminate/database/Eloquent/Model.php(1618): Illuminate\\Database\\Eloquent\\Model->forwardCallTo(Object(Jenssegers\\Mongodb\\Eloquent\\Builder), 'create', Array)
#6 /home/abdoulaye/Bureau/Lumen/blog/vendor/jenssegers/mongodb/src/Jenssegers/Mongodb/Eloquent/Model.php(480): Illuminate\\Database\\Eloquent\\Model->__call('create', Array)
#7 /home/abdoulaye/Bureau/Lumen/blog/vendor/illuminate/database/Eloquent/Model.php(1630): Jenssegers\\Mongodb\\Eloquent\\Model->__call('create', Array)
#8 /home/abdoulaye/Bureau/Lumen/blog/app/Http/Controllers/ArticleController.php(34): Illuminate\\Database\\Eloquent\\Model::__callStatic('create', Array)
#9 [internal function]: App\\Http\\Controllers\\ArticleController->create(Object(Laravel\\Lumen\\Http\\Request))
#10 /home/abdoulaye/Bureau/Lumen/blog/vendor/illuminate/container/BoundMethod.php(32): call_user_func_array(Array, Array)
#11 /home/abdoulaye/Bureau/Lumen/blog/vendor/illuminate/support/helpers.php(520): Illuminate\\Container\\BoundMethod::Illuminate\\Container\\{closure}()
#12 /home/abdoulaye/Bureau/Lumen/blog/vendor/illuminate/container/BoundMethod.php(90): value(Object(Closure))
#13 /home/abdoulaye/Bureau/Lumen/blog/vendor/illuminate/container/BoundMethod.php(34): Illuminate\\Container\\BoundMethod::callBoundMethod(Object(Laravel\\Lumen\\Application), Array, Object(Closure))
#14 /home/abdoulaye/Bureau/Lumen/blog/vendor/illuminate/container/Container.php(591): Illuminate\\Container\\BoundMethod::call(Object(Laravel\\Lumen\\Application), Array, Array, NULL)
#15 /home/abdoulaye/Bureau/Lumen/blog/vendor/laravel/lumen-framework/src/Concerns/RoutesRequests.php(376): Illuminate\\Container\\Container->call(Array, Array)
#16 /home/abdoulaye/Bureau/Lumen/blog/vendor/laravel/lumen-framework/src/Concerns/RoutesRequests.php(342): Laravel\\Lumen\\Application->callControllerCallable(Array, Array)
#17 /home/abdoulaye/Bureau/Lumen/blog/vendor/laravel/lumen-framework/src/Concerns/RoutesRequests.php(316): Laravel\\Lumen\\Application->callLumenController(Object(App\\Http\\Controllers\\ArticleController), 'create', Array)
#18 /home/abdoulaye/Bureau/Lumen/blog/vendor/laravel/lumen-framework/src/Concerns/RoutesRequests.php(278): Laravel\\Lumen\\Application->callControllerAction(Array)
#19 /home/abdoulaye/Bureau/Lumen/blog/vendor/laravel/lumen-framework/src/Concerns/RoutesRequests.php(263): Laravel\\Lumen\\Application->callActionOnArrayBasedRoute(Array)
#20 /home/abdoulaye/Bureau/Lumen/blog/vendor/laravel/lumen-framework/src/Concerns/RoutesRequests.php(165): Laravel\\Lumen\\Application->handleFoundRoute(Array)
#21 /home/abdoulaye/Bureau/Lumen/blog/vendor/laravel/lumen-framework/src/Concerns/RoutesRequests.php(416): Laravel\\Lumen\\Application->Laravel\\Lumen\\Concerns\\{closure}(Object(Laravel\\Lumen\\Http\\Request))
#22 /home/abdoulaye/Bureau/Lumen/blog/vendor/laravel/lumen-framework/src/Concerns/RoutesRequests.php(171): Laravel\\Lumen\\Application->sendThroughPipeline(Array, Object(Closure))
#23 /home/abdoulaye/Bureau/Lumen/blog/vendor/laravel/lumen-framework/src/Concerns/RoutesRequests.php(108): Laravel\\Lumen\\Application->dispatch(NULL)
#24 /home/abdoulaye/Bureau/Lumen/blog/public/index.php(28): Laravel\\Lumen\\Application->run()
#25 {main}
"} 
[2019-11-12 07:52:51] local.ERROR: Symfony\Component\Debug\Exception\FatalThrowableError: Class 'App\Http\Controllers\MongoDB\Driver\Manager' not found in /home/abdoulaye/Bureau/Lumen/blog/app/Http/Controllers/ArticleController.php:22
Stack trace:
#0 [internal function]: App\Http\Controllers\ArticleController->showAllArticles()
#1 /home/abdoulaye/Bureau/Lumen/blog/vendor/illuminate/container/BoundMethod.php(32): call_user_func_array(Array, Array)
#2 /home/abdoulaye/Bureau/Lumen/blog/vendor/illuminate/support/helpers.php(520): Illuminate\Container\BoundMethod::Illuminate\Container\{closure}()
#3 /home/abdoulaye/Bureau/Lumen/blog/vendor/illuminate/container/BoundMethod.php(90): value(Object(Closure))
#4 /home/abdoulaye/Bureau/Lumen/blog/vendor/illuminate/container/BoundMethod.php(34): Illuminate\Container\BoundMethod::callBoundMethod(Object(Laravel\Lumen\Application), Array, Object(Closure))
#5 /home/abdoulaye/Bureau/Lumen/blog/vendor/illuminate/container/Container.php(591): Illuminate\Container\BoundMethod::call(Object(Laravel\Lumen\Application), Array, Array, NULL)
#6 /home/abdoulaye/Bureau/Lumen/blog/vendor/laravel/lumen-framework/src/Concerns/RoutesRequests.php(376): Illuminate\Container\Container->call(Array, Array)
#7 /home/abdoulaye/Bureau/Lumen/blog/vendor/laravel/lumen-framework/src/Concerns/RoutesRequests.php(342): Laravel\Lumen\Application->callControllerCallable(Array, Array)
#8 /home/abdoulaye/Bureau/Lumen/blog/vendor/laravel/lumen-framework/src/Concerns/RoutesRequests.php(316): Laravel\Lumen\Application->callLumenController(Object(App\Http\Controllers\ArticleController), 'showAllArticles', Array)
#9 /home/abdoulaye/Bureau/Lumen/blog/vendor/laravel/lumen-framework/src/Concerns/RoutesRequests.php(278): Laravel\Lumen\Application->callControllerAction(Array)
#10 /home/abdoulaye/Bureau/Lumen/blog/vendor/laravel/lumen-framework/src/Concerns/RoutesRequests.php(263): Laravel\Lumen\Application->callActionOnArrayBasedRoute(Array)
#11 /home/abdoulaye/Bureau/Lumen/blog/vendor/laravel/lumen-framework/src/Concerns/RoutesRequests.php(165): Laravel\Lumen\Application->handleFoundRoute(Array)
#12 /home/abdoulaye/Bureau/Lumen/blog/vendor/laravel/lumen-framework/src/Concerns/RoutesRequests.php(416): Laravel\Lumen\Application->Laravel\Lumen\Concerns\{closure}(Object(Laravel\Lumen\Http\Request))
#13 /home/abdoulaye/Bureau/Lumen/blog/vendor/laravel/lumen-framework/src/Concerns/RoutesRequests.php(171): Laravel\Lumen\Application->sendThroughPipeline(Array, Object(Closure))
#14 /home/abdoulaye/Bureau/Lumen/blog/vendor/laravel/lumen-framework/src/Concerns/RoutesRequests.php(108): Laravel\Lumen\Application->dispatch(NULL)
#15 /home/abdoulaye/Bureau/Lumen/blog/public/index.php(28): Laravel\Lumen\Application->run()
#16 {main} {"exception":"[object] (Symfony\\Component\\Debug\\Exception\\FatalThrowableError(code: 0): Class 'App\\Http\\Controllers\\MongoDB\\Driver\\Manager' not found at /home/abdoulaye/Bureau/Lumen/blog/app/Http/Controllers/ArticleController.php:22)
[stacktrace]
#0 [internal function]: App\\Http\\Controllers\\ArticleController->showAllArticles()
#1 /home/abdoulaye/Bureau/Lumen/blog/vendor/illuminate/container/BoundMethod.php(32): call_user_func_array(Array, Array)
#2 /home/abdoulaye/Bureau/Lumen/blog/vendor/illuminate/support/helpers.php(520): Illuminate\\Container\\BoundMethod::Illuminate\\Container\\{closure}()
#3 /home/abdoulaye/Bureau/Lumen/blog/vendor/illuminate/container/BoundMethod.php(90): value(Object(Closure))
#4 /home/abdoulaye/Bureau/Lumen/blog/vendor/illuminate/container/BoundMethod.php(34): Illuminate\\Container\\BoundMethod::callBoundMethod(Object(Laravel\\Lumen\\Application), Array, Object(Closure))
#5 /home/abdoulaye/Bureau/Lumen/blog/vendor/illuminate/container/Container.php(591): Illuminate\\Container\\BoundMethod::call(Object(Laravel\\Lumen\\Application), Array, Array, NULL)
#6 /home/abdoulaye/Bureau/Lumen/blog/vendor/laravel/lumen-framework/src/Concerns/RoutesRequests.php(376): Illuminate\\Container\\Container->call(Array, Array)
#7 /home/abdoulaye/Bureau/Lumen/blog/vendor/laravel/lumen-framework/src/Concerns/RoutesRequests.php(342): Laravel\\Lumen\\Application->callControllerCallable(Array, Array)
#8 /home/abdoulaye/Bureau/Lumen/blog/vendor/laravel/lumen-framework/src/Concerns/RoutesRequests.php(316): Laravel\\Lumen\\Application->callLumenController(Object(App\\Http\\Controllers\\ArticleController), 'showAllArticles', Array)
#9 /home/abdoulaye/Bureau/Lumen/blog/vendor/laravel/lumen-framework/src/Concerns/RoutesRequests.php(278): Laravel\\Lumen\\Application->callControllerAction(Array)
#10 /home/abdoulaye/Bureau/Lumen/blog/vendor/laravel/lumen-framework/src/Concerns/RoutesRequests.php(263): Laravel\\Lumen\\Application->callActionOnArrayBasedRoute(Array)
#11 /home/abdoulaye/Bureau/Lumen/blog/vendor/laravel/lumen-framework/src/Concerns/RoutesRequests.php(165): Laravel\\Lumen\\Application->handleFoundRoute(Array)
#12 /home/abdoulaye/Bureau/Lumen/blog/vendor/laravel/lumen-framework/src/Concerns/RoutesRequests.php(416): Laravel\\Lumen\\Application->Laravel\\Lumen\\Concerns\\{closure}(Object(Laravel\\Lumen\\Http\\Request))
#13 /home/abdoulaye/Bureau/Lumen/blog/vendor/laravel/lumen-framework/src/Concerns/RoutesRequests.php(171): Laravel\\Lumen\\Application->sendThroughPipeline(Array, Object(Closure))
#14 /home/abdoulaye/Bureau/Lumen/blog/vendor/laravel/lumen-framework/src/Concerns/RoutesRequests.php(108): Laravel\\Lumen\\Application->dispatch(NULL)
#15 /home/abdoulaye/Bureau/Lumen/blog/public/index.php(28): Laravel\\Lumen\\Application->run()
#16 {main}
"} 
[2019-11-12 11:12:28] local.ERROR: Symfony\Component\Console\Exception\NamespaceNotFoundException: There are no commands defined in the "jwt" namespace. in /home/abdoulaye/Bureau/Lumen/blog/vendor/symfony/console/Application.php:592
Stack trace:
#0 /home/abdoulaye/Bureau/Lumen/blog/vendor/symfony/console/Application.php(641): Symfony\Component\Console\Application->findNamespace('jwt')
#1 /home/abdoulaye/Bureau/Lumen/blog/vendor/symfony/console/Application.php(237): Symfony\Component\Console\Application->find('jwt:secret')
#2 /home/abdoulaye/Bureau/Lumen/blog/vendor/symfony/console/Application.php(149): Symfony\Component\Console\Application->doRun(Object(Symfony\Component\Console\Input\ArgvInput), Object(Symfony\Component\Console\Output\ConsoleOutput))
#3 /home/abdoulaye/Bureau/Lumen/blog/vendor/illuminate/console/Application.php(90): Symfony\Component\Console\Application->run(Object(Symfony\Component\Console\Input\ArgvInput), Object(Symfony\Component\Console\Output\ConsoleOutput))
#4 /home/abdoulaye/Bureau/Lumen/blog/vendor/laravel/lumen-framework/src/Console/Kernel.php(115): Illuminate\Console\Application->run(Object(Symfony\Component\Console\Input\ArgvInput), Object(Symfony\Component\Console\Output\ConsoleOutput))
#5 /home/abdoulaye/Bureau/Lumen/blog/artisan(35): Laravel\Lumen\Console\Kernel->handle(Object(Symfony\Component\Console\Input\ArgvInput), Object(Symfony\Component\Console\Output\ConsoleOutput))
#6 {main} {"exception":"[object] (Symfony\\Component\\Console\\Exception\\NamespaceNotFoundException(code: 0): There are no commands defined in the \"jwt\" namespace. at /home/abdoulaye/Bureau/Lumen/blog/vendor/symfony/console/Application.php:592)
[stacktrace]
#0 /home/abdoulaye/Bureau/Lumen/blog/vendor/symfony/console/Application.php(641): Symfony\\Component\\Console\\Application->findNamespace('jwt')
#1 /home/abdoulaye/Bureau/Lumen/blog/vendor/symfony/console/Application.php(237): Symfony\\Component\\Console\\Application->find('jwt:secret')
#2 /home/abdoulaye/Bureau/Lumen/blog/vendor/symfony/console/Application.php(149): Symfony\\Component\\Console\\Application->doRun(Object(Symfony\\Component\\Console\\Input\\ArgvInput), Object(Symfony\\Component\\Console\\Output\\ConsoleOutput))
#3 /home/abdoulaye/Bureau/Lumen/blog/vendor/illuminate/console/Application.php(90): Symfony\\Component\\Console\\Application->run(Object(Symfony\\Component\\Console\\Input\\ArgvInput), Object(Symfony\\Component\\Console\\Output\\ConsoleOutput))
#4 /home/abdoulaye/Bureau/Lumen/blog/vendor/laravel/lumen-framework/src/Console/Kernel.php(115): Illuminate\\Console\\Application->run(Object(Symfony\\Component\\Console\\Input\\ArgvInput), Object(Symfony\\Component\\Console\\Output\\ConsoleOutput))
#5 /home/abdoulaye/Bureau/Lumen/blog/artisan(35): Laravel\\Lumen\\Console\\Kernel->handle(Object(Symfony\\Component\\Console\\Input\\ArgvInput), Object(Symfony\\Component\\Console\\Output\\ConsoleOutput))
#6 {main}
"} 
[2019-11-12 11:13:33] local.ERROR: Symfony\Component\Console\Exception\NamespaceNotFoundException: There are no commands defined in the "jwt" namespace. in /home/abdoulaye/Bureau/Lumen/blog/vendor/symfony/console/Application.php:592
Stack trace:
#0 /home/abdoulaye/Bureau/Lumen/blog/vendor/symfony/console/Application.php(641): Symfony\Component\Console\Application->findNamespace('jwt')
#1 /home/abdoulaye/Bureau/Lumen/blog/vendor/symfony/console/Application.php(237): Symfony\Component\Console\Application->find('jwt:secret')
#2 /home/abdoulaye/Bureau/Lumen/blog/vendor/symfony/console/Application.php(149): Symfony\Component\Console\Application->doRun(Object(Symfony\Component\Console\Input\ArgvInput), Object(Symfony\Component\Console\Output\ConsoleOutput))
#3 /home/abdoulaye/Bureau/Lumen/blog/vendor/illuminate/console/Application.php(90): Symfony\Component\Console\Application->run(Object(Symfony\Component\Console\Input\ArgvInput), Object(Symfony\Component\Console\Output\ConsoleOutput))
#4 /home/abdoulaye/Bureau/Lumen/blog/vendor/laravel/lumen-framework/src/Console/Kernel.php(115): Illuminate\Console\Application->run(Object(Symfony\Component\Console\Input\ArgvInput), Object(Symfony\Component\Console\Output\ConsoleOutput))
#5 /home/abdoulaye/Bureau/Lumen/blog/artisan(35): Laravel\Lumen\Console\Kernel->handle(Object(Symfony\Component\Console\Input\ArgvInput), Object(Symfony\Component\Console\Output\ConsoleOutput))
#6 {main} {"exception":"[object] (Symfony\\Component\\Console\\Exception\\NamespaceNotFoundException(code: 0): There are no commands defined in the \"jwt\" namespace. at /home/abdoulaye/Bureau/Lumen/blog/vendor/symfony/console/Application.php:592)
[stacktrace]
#0 /home/abdoulaye/Bureau/Lumen/blog/vendor/symfony/console/Application.php(641): Symfony\\Component\\Console\\Application->findNamespace('jwt')
#1 /home/abdoulaye/Bureau/Lumen/blog/vendor/symfony/console/Application.php(237): Symfony\\Component\\Console\\Application->find('jwt:secret')
#2 /home/abdoulaye/Bureau/Lumen/blog/vendor/symfony/console/Application.php(149): Symfony\\Component\\Console\\Application->doRun(Object(Symfony\\Component\\Console\\Input\\ArgvInput), Object(Symfony\\Component\\Console\\Output\\ConsoleOutput))
#3 /home/abdoulaye/Bureau/Lumen/blog/vendor/illuminate/console/Application.php(90): Symfony\\Component\\Console\\Application->run(Object(Symfony\\Component\\Console\\Input\\ArgvInput), Object(Symfony\\Component\\Console\\Output\\ConsoleOutput))
#4 /home/abdoulaye/Bureau/Lumen/blog/vendor/laravel/lumen-framework/src/Console/Kernel.php(115): Illuminate\\Console\\Application->run(Object(Symfony\\Component\\Console\\Input\\ArgvInput), Object(Symfony\\Component\\Console\\Output\\ConsoleOutput))
#5 /home/abdoulaye/Bureau/Lumen/blog/artisan(35): Laravel\\Lumen\\Console\\Kernel->handle(Object(Symfony\\Component\\Console\\Input\\ArgvInput), Object(Symfony\\Component\\Console\\Output\\ConsoleOutput))
#6 {main}
"} 
[2019-11-12 11:58:06] local.ERROR: Symfony\Component\Debug\Exception\FatalThrowableError: syntax error, unexpected '}', expecting end of file in /home/abdoulaye/Bureau/Lumen/blog/app/User.php:53
Stack trace:
#0 /home/abdoulaye/Bureau/Lumen/blog/vendor/composer/ClassLoader.php(322): Composer\Autoload\includeFile('/home/abdoulaye...')
#1 [internal function]: Composer\Autoload\ClassLoader->loadClass('App\\User')
#2 /home/abdoulaye/Bureau/Lumen/blog/vendor/illuminate/auth/EloquentUserProvider.php(170): spl_autoload_call('App\\User')
#3 /home/abdoulaye/Bureau/Lumen/blog/vendor/illuminate/auth/EloquentUserProvider.php(157): Illuminate\Auth\EloquentUserProvider->createModel()
#4 /home/abdoulaye/Bureau/Lumen/blog/vendor/illuminate/auth/EloquentUserProvider.php(117): Illuminate\Auth\EloquentUserProvider->newModelQuery()
#5 /home/abdoulaye/Bureau/Lumen/blog/vendor/tymon/jwt-auth/src/JWTGuard.php(124): Illuminate\Auth\EloquentUserProvider->retrieveByCredentials(Array)
#6 /home/abdoulaye/Bureau/Lumen/blog/vendor/illuminate/auth/AuthManager.php(307): Tymon\JWTAuth\JWTGuard->attempt(Array)
#7 /home/abdoulaye/Bureau/Lumen/blog/vendor/illuminate/support/Facades/Facade.php(239): Illuminate\Auth\AuthManager->__call('attempt', Array)
#8 /home/abdoulaye/Bureau/Lumen/blog/app/Http/Controllers/AuthController.php(72): Illuminate\Support\Facades\Facade::__callStatic('attempt', Array)
#9 [internal function]: App\Http\Controllers\AuthController->login(Object(Laravel\Lumen\Http\Request))
#10 /home/abdoulaye/Bureau/Lumen/blog/vendor/illuminate/container/BoundMethod.php(32): call_user_func_array(Array, Array)
#11 /home/abdoulaye/Bureau/Lumen/blog/vendor/illuminate/support/helpers.php(520): Illuminate\Container\BoundMethod::Illuminate\Container\{closure}()
#12 /home/abdoulaye/Bureau/Lumen/blog/vendor/illuminate/container/BoundMethod.php(90): value(Object(Closure))
#13 /home/abdoulaye/Bureau/Lumen/blog/vendor/illuminate/container/BoundMethod.php(34): Illuminate\Container\BoundMethod::callBoundMethod(Object(Laravel\Lumen\Application), Array, Object(Closure))
#14 /home/abdoulaye/Bureau/Lumen/blog/vendor/illuminate/container/Container.php(591): Illuminate\Container\BoundMethod::call(Object(Laravel\Lumen\Application), Array, Array, NULL)
#15 /home/abdoulaye/Bureau/Lumen/blog/vendor/laravel/lumen-framework/src/Concerns/RoutesRequests.php(376): Illuminate\Container\Container->call(Array, Array)
#16 /home/abdoulaye/Bureau/Lumen/blog/vendor/laravel/lumen-framework/src/Concerns/RoutesRequests.php(342): Laravel\Lumen\Application->callControllerCallable(Array, Array)
#17 /home/abdoulaye/Bureau/Lumen/blog/vendor/laravel/lumen-framework/src/Concerns/RoutesRequests.php(316): Laravel\Lumen\Application->callLumenController(Object(App\Http\Controllers\AuthController), 'login', Array)
#18 /home/abdoulaye/Bureau/Lumen/blog/vendor/laravel/lumen-framework/src/Concerns/RoutesRequests.php(278): Laravel\Lumen\Application->callControllerAction(Array)
#19 /home/abdoulaye/Bureau/Lumen/blog/vendor/laravel/lumen-framework/src/Concerns/RoutesRequests.php(263): Laravel\Lumen\Application->callActionOnArrayBasedRoute(Array)
#20 /home/abdoulaye/Bureau/Lumen/blog/vendor/laravel/lumen-framework/src/Concerns/RoutesRequests.php(165): Laravel\Lumen\Application->handleFoundRoute(Array)
#21 /home/abdoulaye/Bureau/Lumen/blog/vendor/laravel/lumen-framework/src/Concerns/RoutesRequests.php(416): Laravel\Lumen\Application->Laravel\Lumen\Concerns\{closure}(Object(Laravel\Lumen\Http\Request))
#22 /home/abdoulaye/Bureau/Lumen/blog/vendor/laravel/lumen-framework/src/Concerns/RoutesRequests.php(171): Laravel\Lumen\Application->sendThroughPipeline(Array, Object(Closure))
#23 /home/abdoulaye/Bureau/Lumen/blog/vendor/laravel/lumen-framework/src/Concerns/RoutesRequests.php(108): Laravel\Lumen\Application->dispatch(NULL)
#24 /home/abdoulaye/Bureau/Lumen/blog/public/index.php(28): Laravel\Lumen\Application->run()
#25 {main} {"exception":"[object] (Symfony\\Component\\Debug\\Exception\\FatalThrowableError(code: 0): syntax error, unexpected '}', expecting end of file at /home/abdoulaye/Bureau/Lumen/blog/app/User.php:53)
[stacktrace]
#0 /home/abdoulaye/Bureau/Lumen/blog/vendor/composer/ClassLoader.php(322): Composer\\Autoload\\includeFile('/home/abdoulaye...')
#1 [internal function]: Composer\\Autoload\\ClassLoader->loadClass('App\\\\User')
#2 /home/abdoulaye/Bureau/Lumen/blog/vendor/illuminate/auth/EloquentUserProvider.php(170): spl_autoload_call('App\\\\User')
#3 /home/abdoulaye/Bureau/Lumen/blog/vendor/illuminate/auth/EloquentUserProvider.php(157): Illuminate\\Auth\\EloquentUserProvider->createModel()
#4 /home/abdoulaye/Bureau/Lumen/blog/vendor/illuminate/auth/EloquentUserProvider.php(117): Illuminate\\Auth\\EloquentUserProvider->newModelQuery()
#5 /home/abdoulaye/Bureau/Lumen/blog/vendor/tymon/jwt-auth/src/JWTGuard.php(124): Illuminate\\Auth\\EloquentUserProvider->retrieveByCredentials(Array)
#6 /home/abdoulaye/Bureau/Lumen/blog/vendor/illuminate/auth/AuthManager.php(307): Tymon\\JWTAuth\\JWTGuard->attempt(Array)
#7 /home/abdoulaye/Bureau/Lumen/blog/vendor/illuminate/support/Facades/Facade.php(239): Illuminate\\Auth\\AuthManager->__call('attempt', Array)
#8 /home/abdoulaye/Bureau/Lumen/blog/app/Http/Controllers/AuthController.php(72): Illuminate\\Support\\Facades\\Facade::__callStatic('attempt', Array)
#9 [internal function]: App\\Http\\Controllers\\AuthController->login(Object(Laravel\\Lumen\\Http\\Request))
#10 /home/abdoulaye/Bureau/Lumen/blog/vendor/illuminate/container/BoundMethod.php(32): call_user_func_array(Array, Array)
#11 /home/abdoulaye/Bureau/Lumen/blog/vendor/illuminate/support/helpers.php(520): Illuminate\\Container\\BoundMethod::Illuminate\\Container\\{closure}()
#12 /home/abdoulaye/Bureau/Lumen/blog/vendor/illuminate/container/BoundMethod.php(90): value(Object(Closure))
#13 /home/abdoulaye/Bureau/Lumen/blog/vendor/illuminate/container/BoundMethod.php(34): Illuminate\\Container\\BoundMethod::callBoundMethod(Object(Laravel\\Lumen\\Application), Array, Object(Closure))
#14 /home/abdoulaye/Bureau/Lumen/blog/vendor/illuminate/container/Container.php(591): Illuminate\\Container\\BoundMethod::call(Object(Laravel\\Lumen\\Application), Array, Array, NULL)
#15 /home/abdoulaye/Bureau/Lumen/blog/vendor/laravel/lumen-framework/src/Concerns/RoutesRequests.php(376): Illuminate\\Container\\Container->call(Array, Array)
#16 /home/abdoulaye/Bureau/Lumen/blog/vendor/laravel/lumen-framework/src/Concerns/RoutesRequests.php(342): Laravel\\Lumen\\Application->callControllerCallable(Array, Array)
#17 /home/abdoulaye/Bureau/Lumen/blog/vendor/laravel/lumen-framework/src/Concerns/RoutesRequests.php(316): Laravel\\Lumen\\Application->callLumenController(Object(App\\Http\\Controllers\\AuthController), 'login', Array)
#18 /home/abdoulaye/Bureau/Lumen/blog/vendor/laravel/lumen-framework/src/Concerns/RoutesRequests.php(278): Laravel\\Lumen\\Application->callControllerAction(Array)
#19 /home/abdoulaye/Bureau/Lumen/blog/vendor/laravel/lumen-framework/src/Concerns/RoutesRequests.php(263): Laravel\\Lumen\\Application->callActionOnArrayBasedRoute(Array)
#20 /home/abdoulaye/Bureau/Lumen/blog/vendor/laravel/lumen-framework/src/Concerns/RoutesRequests.php(165): Laravel\\Lumen\\Application->handleFoundRoute(Array)
#21 /home/abdoulaye/Bureau/Lumen/blog/vendor/laravel/lumen-framework/src/Concerns/RoutesRequests.php(416): Laravel\\Lumen\\Application->Laravel\\Lumen\\Concerns\\{closure}(Object(Laravel\\Lumen\\Http\\Request))
#22 /home/abdoulaye/Bureau/Lumen/blog/vendor/laravel/lumen-framework/src/Concerns/RoutesRequests.php(171): Laravel\\Lumen\\Application->sendThroughPipeline(Array, Object(Closure))
#23 /home/abdoulaye/Bureau/Lumen/blog/vendor/laravel/lumen-framework/src/Concerns/RoutesRequests.php(108): Laravel\\Lumen\\Application->dispatch(NULL)
#24 /home/abdoulaye/Bureau/Lumen/blog/public/index.php(28): Laravel\\Lumen\\Application->run()
#25 {main}
"} 
[2019-11-12 12:07:44] local.ERROR: Symfony\Component\Debug\Exception\FatalThrowableError: Argument 1 passed to Tymon\JWTAuth\JWTGuard::login() must be an instance of Tymon\JWTAuth\Contracts\JWTSubject, instance of App\User given, called in /home/abdoulaye/Bureau/Lumen/blog/vendor/tymon/jwt-auth/src/JWTGuard.php on line 127 in /home/abdoulaye/Bureau/Lumen/blog/vendor/tymon/jwt-auth/src/JWTGuard.php:140
Stack trace:
#0 /home/abdoulaye/Bureau/Lumen/blog/vendor/tymon/jwt-auth/src/JWTGuard.php(127): Tymon\JWTAuth\JWTGuard->login(Object(App\User))
#1 /home/abdoulaye/Bureau/Lumen/blog/vendor/illuminate/auth/AuthManager.php(307): Tymon\JWTAuth\JWTGuard->attempt(Array)
#2 /home/abdoulaye/Bureau/Lumen/blog/vendor/illuminate/support/Facades/Facade.php(239): Illuminate\Auth\AuthManager->__call('attempt', Array)
#3 /home/abdoulaye/Bureau/Lumen/blog/app/Http/Controllers/AuthController.php(72): Illuminate\Support\Facades\Facade::__callStatic('attempt', Array)
#4 [internal function]: App\Http\Controllers\AuthController->login(Object(Laravel\Lumen\Http\Request))
#5 /home/abdoulaye/Bureau/Lumen/blog/vendor/illuminate/container/BoundMethod.php(32): call_user_func_array(Array, Array)
#6 /home/abdoulaye/Bureau/Lumen/blog/vendor/illuminate/support/helpers.php(520): Illuminate\Container\BoundMethod::Illuminate\Container\{closure}()
#7 /home/abdoulaye/Bureau/Lumen/blog/vendor/illuminate/container/BoundMethod.php(90): value(Object(Closure))
#8 /home/abdoulaye/Bureau/Lumen/blog/vendor/illuminate/container/BoundMethod.php(34): Illuminate\Container\BoundMethod::callBoundMethod(Object(Laravel\Lumen\Application), Array, Object(Closure))
#9 /home/abdoulaye/Bureau/Lumen/blog/vendor/illuminate/container/Container.php(591): Illuminate\Container\BoundMethod::call(Object(Laravel\Lumen\Application), Array, Array, NULL)
#10 /home/abdoulaye/Bureau/Lumen/blog/vendor/laravel/lumen-framework/src/Concerns/RoutesRequests.php(376): Illuminate\Container\Container->call(Array, Array)
#11 /home/abdoulaye/Bureau/Lumen/blog/vendor/laravel/lumen-framework/src/Concerns/RoutesRequests.php(342): Laravel\Lumen\Application->callControllerCallable(Array, Array)
#12 /home/abdoulaye/Bureau/Lumen/blog/vendor/laravel/lumen-framework/src/Concerns/RoutesRequests.php(316): Laravel\Lumen\Application->callLumenController(Object(App\Http\Controllers\AuthController), 'login', Array)
#13 /home/abdoulaye/Bureau/Lumen/blog/vendor/laravel/lumen-framework/src/Concerns/RoutesRequests.php(278): Laravel\Lumen\Application->callControllerAction(Array)
#14 /home/abdoulaye/Bureau/Lumen/blog/vendor/laravel/lumen-framework/src/Concerns/RoutesRequests.php(263): Laravel\Lumen\Application->callActionOnArrayBasedRoute(Array)
#15 /home/abdoulaye/Bureau/Lumen/blog/vendor/laravel/lumen-framework/src/Concerns/RoutesRequests.php(165): Laravel\Lumen\Application->handleFoundRoute(Array)
#16 /home/abdoulaye/Bureau/Lumen/blog/vendor/laravel/lumen-framework/src/Concerns/RoutesRequests.php(416): Laravel\Lumen\Application->Laravel\Lumen\Concerns\{closure}(Object(Laravel\Lumen\Http\Request))
#17 /home/abdoulaye/Bureau/Lumen/blog/vendor/laravel/lumen-framework/src/Concerns/RoutesRequests.php(171): Laravel\Lumen\Application->sendThroughPipeline(Array, Object(Closure))
#18 /home/abdoulaye/Bureau/Lumen/blog/vendor/laravel/lumen-framework/src/Concerns/RoutesRequests.php(108): Laravel\Lumen\Application->dispatch(NULL)
#19 /home/abdoulaye/Bureau/Lumen/blog/public/index.php(28): Laravel\Lumen\Application->run()
#20 {main} {"exception":"[object] (Symfony\\Component\\Debug\\Exception\\FatalThrowableError(code: 0): Argument 1 passed to Tymon\\JWTAuth\\JWTGuard::login() must be an instance of Tymon\\JWTAuth\\Contracts\\JWTSubject, instance of App\\User given, called in /home/abdoulaye/Bureau/Lumen/blog/vendor/tymon/jwt-auth/src/JWTGuard.php on line 127 at /home/abdoulaye/Bureau/Lumen/blog/vendor/tymon/jwt-auth/src/JWTGuard.php:140)
[stacktrace]
#0 /home/abdoulaye/Bureau/Lumen/blog/vendor/tymon/jwt-auth/src/JWTGuard.php(127): Tymon\\JWTAuth\\JWTGuard->login(Object(App\\User))
#1 /home/abdoulaye/Bureau/Lumen/blog/vendor/illuminate/auth/AuthManager.php(307): Tymon\\JWTAuth\\JWTGuard->attempt(Array)
#2 /home/abdoulaye/Bureau/Lumen/blog/vendor/illuminate/support/Facades/Facade.php(239): Illuminate\\Auth\\AuthManager->__call('attempt', Array)
#3 /home/abdoulaye/Bureau/Lumen/blog/app/Http/Controllers/AuthController.php(72): Illuminate\\Support\\Facades\\Facade::__callStatic('attempt', Array)
#4 [internal function]: App\\Http\\Controllers\\AuthController->login(Object(Laravel\\Lumen\\Http\\Request))
#5 /home/abdoulaye/Bureau/Lumen/blog/vendor/illuminate/container/BoundMethod.php(32): call_user_func_array(Array, Array)
#6 /home/abdoulaye/Bureau/Lumen/blog/vendor/illuminate/support/helpers.php(520): Illuminate\\Container\\BoundMethod::Illuminate\\Container\\{closure}()
#7 /home/abdoulaye/Bureau/Lumen/blog/vendor/illuminate/container/BoundMethod.php(90): value(Object(Closure))
#8 /home/abdoulaye/Bureau/Lumen/blog/vendor/illuminate/container/BoundMethod.php(34): Illuminate\\Container\\BoundMethod::callBoundMethod(Object(Laravel\\Lumen\\Application), Array, Object(Closure))
#9 /home/abdoulaye/Bureau/Lumen/blog/vendor/illuminate/container/Container.php(591): Illuminate\\Container\\BoundMethod::call(Object(Laravel\\Lumen\\Application), Array, Array, NULL)
#10 /home/abdoulaye/Bureau/Lumen/blog/vendor/laravel/lumen-framework/src/Concerns/RoutesRequests.php(376): Illuminate\\Container\\Container->call(Array, Array)
#11 /home/abdoulaye/Bureau/Lumen/blog/vendor/laravel/lumen-framework/src/Concerns/RoutesRequests.php(342): Laravel\\Lumen\\Application->callControllerCallable(Array, Array)
#12 /home/abdoulaye/Bureau/Lumen/blog/vendor/laravel/lumen-framework/src/Concerns/RoutesRequests.php(316): Laravel\\Lumen\\Application->callLumenController(Object(App\\Http\\Controllers\\AuthController), 'login', Array)
#13 /home/abdoulaye/Bureau/Lumen/blog/vendor/laravel/lumen-framework/src/Concerns/RoutesRequests.php(278): Laravel\\Lumen\\Application->callControllerAction(Array)
#14 /home/abdoulaye/Bureau/Lumen/blog/vendor/laravel/lumen-framework/src/Concerns/RoutesRequests.php(263): Laravel\\Lumen\\Application->callActionOnArrayBasedRoute(Array)
#15 /home/abdoulaye/Bureau/Lumen/blog/vendor/laravel/lumen-framework/src/Concerns/RoutesRequests.php(165): Laravel\\Lumen\\Application->handleFoundRoute(Array)
#16 /home/abdoulaye/Bureau/Lumen/blog/vendor/laravel/lumen-framework/src/Concerns/RoutesRequests.php(416): Laravel\\Lumen\\Application->Laravel\\Lumen\\Concerns\\{closure}(Object(Laravel\\Lumen\\Http\\Request))
#17 /home/abdoulaye/Bureau/Lumen/blog/vendor/laravel/lumen-framework/src/Concerns/RoutesRequests.php(171): Laravel\\Lumen\\Application->sendThroughPipeline(Array, Object(Closure))
#18 /home/abdoulaye/Bureau/Lumen/blog/vendor/laravel/lumen-framework/src/Concerns/RoutesRequests.php(108): Laravel\\Lumen\\Application->dispatch(NULL)
#19 /home/abdoulaye/Bureau/Lumen/blog/public/index.php(28): Laravel\\Lumen\\Application->run()
#20 {main}
"} 
[2019-11-12 17:24:41] local.ERROR: MongoDB\Driver\Exception\ConnectionTimeoutException: No suitable servers found (`serverSelectionTryOnce` set): [connection refused calling ismaster on '127.0.0.1:27017'] in /home/abdoulaye/Bureau/Lumen/blog/vendor/mongodb/mongodb/src/functions.php:431
Stack trace:
#0 /home/abdoulaye/Bureau/Lumen/blog/vendor/mongodb/mongodb/src/functions.php(431): MongoDB\Driver\Manager->selectServer(Object(MongoDB\Driver\ReadPreference))
#1 /home/abdoulaye/Bureau/Lumen/blog/vendor/mongodb/mongodb/src/Collection.php(651): MongoDB\select_server(Object(MongoDB\Driver\Manager), Array)
#2 [internal function]: MongoDB\Collection->find(Array, Array)
#3 /home/abdoulaye/Bureau/Lumen/blog/vendor/jenssegers/mongodb/src/Jenssegers/Mongodb/Collection.php(42): call_user_func_array(Array, Array)
#4 /home/abdoulaye/Bureau/Lumen/blog/vendor/jenssegers/mongodb/src/Jenssegers/Mongodb/Query/Builder.php(401): Jenssegers\Mongodb\Collection->__call('find', Array)
#5 /home/abdoulaye/Bureau/Lumen/blog/vendor/jenssegers/mongodb/src/Jenssegers/Mongodb/Query/Builder.php(209): Jenssegers\Mongodb\Query\Builder->getFresh(Array)
#6 /home/abdoulaye/Bureau/Lumen/blog/vendor/illuminate/database/Eloquent/Builder.php(521): Jenssegers\Mongodb\Query\Builder->get(Array)
#7 /home/abdoulaye/Bureau/Lumen/blog/vendor/illuminate/database/Eloquent/Builder.php(505): Illuminate\Database\Eloquent\Builder->getModels(Array)
#8 /home/abdoulaye/Bureau/Lumen/blog/vendor/illuminate/database/Concerns/BuildsQueries.php(143): Illuminate\Database\Eloquent\Builder->get(Array)
#9 /home/abdoulaye/Bureau/Lumen/blog/vendor/illuminate/auth/EloquentUserProvider.php(131): Illuminate\Database\Eloquent\Builder->first()
#10 /home/abdoulaye/Bureau/Lumen/blog/vendor/tymon/jwt-auth/src/JWTGuard.php(124): Illuminate\Auth\EloquentUserProvider->retrieveByCredentials(Array)
#11 /home/abdoulaye/Bureau/Lumen/blog/vendor/illuminate/auth/AuthManager.php(307): Tymon\JWTAuth\JWTGuard->attempt(Array)
#12 /home/abdoulaye/Bureau/Lumen/blog/vendor/illuminate/support/Facades/Facade.php(239): Illuminate\Auth\AuthManager->__call('attempt', Array)
#13 /home/abdoulaye/Bureau/Lumen/blog/app/Http/Controllers/AuthController.php(72): Illuminate\Support\Facades\Facade::__callStatic('attempt', Array)
#14 [internal function]: App\Http\Controllers\AuthController->login(Object(Laravel\Lumen\Http\Request))
#15 /home/abdoulaye/Bureau/Lumen/blog/vendor/illuminate/container/BoundMethod.php(32): call_user_func_array(Array, Array)
#16 /home/abdoulaye/Bureau/Lumen/blog/vendor/illuminate/support/helpers.php(520): Illuminate\Container\BoundMethod::Illuminate\Container\{closure}()
#17 /home/abdoulaye/Bureau/Lumen/blog/vendor/illuminate/container/BoundMethod.php(90): value(Object(Closure))
#18 /home/abdoulaye/Bureau/Lumen/blog/vendor/illuminate/container/BoundMethod.php(34): Illuminate\Container\BoundMethod::callBoundMethod(Object(Laravel\Lumen\Application), Array, Object(Closure))
#19 /home/abdoulaye/Bureau/Lumen/blog/vendor/illuminate/container/Container.php(591): Illuminate\Container\BoundMethod::call(Object(Laravel\Lumen\Application), Array, Array, NULL)
#20 /home/abdoulaye/Bureau/Lumen/blog/vendor/laravel/lumen-framework/src/Concerns/RoutesRequests.php(376): Illuminate\Container\Container->call(Array, Array)
#21 /home/abdoulaye/Bureau/Lumen/blog/vendor/laravel/lumen-framework/src/Concerns/RoutesRequests.php(342): Laravel\Lumen\Application->callControllerCallable(Array, Array)
#22 /home/abdoulaye/Bureau/Lumen/blog/vendor/laravel/lumen-framework/src/Concerns/RoutesRequests.php(316): Laravel\Lumen\Application->callLumenController(Object(App\Http\Controllers\AuthController), 'login', Array)
#23 /home/abdoulaye/Bureau/Lumen/blog/vendor/laravel/lumen-framework/src/Concerns/RoutesRequests.php(278): Laravel\Lumen\Application->callControllerAction(Array)
#24 /home/abdoulaye/Bureau/Lumen/blog/vendor/laravel/lumen-framework/src/Concerns/RoutesRequests.php(263): Laravel\Lumen\Application->callActionOnArrayBasedRoute(Array)
#25 /home/abdoulaye/Bureau/Lumen/blog/vendor/laravel/lumen-framework/src/Concerns/RoutesRequests.php(165): Laravel\Lumen\Application->handleFoundRoute(Array)
#26 /home/abdoulaye/Bureau/Lumen/blog/vendor/laravel/lumen-framework/src/Concerns/RoutesRequests.php(416): Laravel\Lumen\Application->Laravel\Lumen\Concerns\{closure}(Object(Laravel\Lumen\Http\Request))
#27 /home/abdoulaye/Bureau/Lumen/blog/vendor/laravel/lumen-framework/src/Concerns/RoutesRequests.php(171): Laravel\Lumen\Application->sendThroughPipeline(Array, Object(Closure))
#28 /home/abdoulaye/Bureau/Lumen/blog/vendor/laravel/lumen-framework/src/Concerns/RoutesRequests.php(108): Laravel\Lumen\Application->dispatch(NULL)
#29 /home/abdoulaye/Bureau/Lumen/blog/public/index.php(28): Laravel\Lumen\Application->run()
#30 {main} {"exception":"[object] (MongoDB\\Driver\\Exception\\ConnectionTimeoutException(code: 13053): No suitable servers found (`serverSelectionTryOnce` set): [connection refused calling ismaster on '127.0.0.1:27017'] at /home/abdoulaye/Bureau/Lumen/blog/vendor/mongodb/mongodb/src/functions.php:431)
[stacktrace]
#0 /home/abdoulaye/Bureau/Lumen/blog/vendor/mongodb/mongodb/src/functions.php(431): MongoDB\\Driver\\Manager->selectServer(Object(MongoDB\\Driver\\ReadPreference))
#1 /home/abdoulaye/Bureau/Lumen/blog/vendor/mongodb/mongodb/src/Collection.php(651): MongoDB\\select_server(Object(MongoDB\\Driver\\Manager), Array)
#2 [internal function]: MongoDB\\Collection->find(Array, Array)
#3 /home/abdoulaye/Bureau/Lumen/blog/vendor/jenssegers/mongodb/src/Jenssegers/Mongodb/Collection.php(42): call_user_func_array(Array, Array)
#4 /home/abdoulaye/Bureau/Lumen/blog/vendor/jenssegers/mongodb/src/Jenssegers/Mongodb/Query/Builder.php(401): Jenssegers\\Mongodb\\Collection->__call('find', Array)
#5 /home/abdoulaye/Bureau/Lumen/blog/vendor/jenssegers/mongodb/src/Jenssegers/Mongodb/Query/Builder.php(209): Jenssegers\\Mongodb\\Query\\Builder->getFresh(Array)
#6 /home/abdoulaye/Bureau/Lumen/blog/vendor/illuminate/database/Eloquent/Builder.php(521): Jenssegers\\Mongodb\\Query\\Builder->get(Array)
#7 /home/abdoulaye/Bureau/Lumen/blog/vendor/illuminate/database/Eloquent/Builder.php(505): Illuminate\\Database\\Eloquent\\Builder->getModels(Array)
#8 /home/abdoulaye/Bureau/Lumen/blog/vendor/illuminate/database/Concerns/BuildsQueries.php(143): Illuminate\\Database\\Eloquent\\Builder->get(Array)
#9 /home/abdoulaye/Bureau/Lumen/blog/vendor/illuminate/auth/EloquentUserProvider.php(131): Illuminate\\Database\\Eloquent\\Builder->first()
#10 /home/abdoulaye/Bureau/Lumen/blog/vendor/tymon/jwt-auth/src/JWTGuard.php(124): Illuminate\\Auth\\EloquentUserProvider->retrieveByCredentials(Array)
#11 /home/abdoulaye/Bureau/Lumen/blog/vendor/illuminate/auth/AuthManager.php(307): Tymon\\JWTAuth\\JWTGuard->attempt(Array)
#12 /home/abdoulaye/Bureau/Lumen/blog/vendor/illuminate/support/Facades/Facade.php(239): Illuminate\\Auth\\AuthManager->__call('attempt', Array)
#13 /home/abdoulaye/Bureau/Lumen/blog/app/Http/Controllers/AuthController.php(72): Illuminate\\Support\\Facades\\Facade::__callStatic('attempt', Array)
#14 [internal function]: App\\Http\\Controllers\\AuthController->login(Object(Laravel\\Lumen\\Http\\Request))
#15 /home/abdoulaye/Bureau/Lumen/blog/vendor/illuminate/container/BoundMethod.php(32): call_user_func_array(Array, Array)
#16 /home/abdoulaye/Bureau/Lumen/blog/vendor/illuminate/support/helpers.php(520): Illuminate\\Container\\BoundMethod::Illuminate\\Container\\{closure}()
#17 /home/abdoulaye/Bureau/Lumen/blog/vendor/illuminate/container/BoundMethod.php(90): value(Object(Closure))
#18 /home/abdoulaye/Bureau/Lumen/blog/vendor/illuminate/container/BoundMethod.php(34): Illuminate\\Container\\BoundMethod::callBoundMethod(Object(Laravel\\Lumen\\Application), Array, Object(Closure))
#19 /home/abdoulaye/Bureau/Lumen/blog/vendor/illuminate/container/Container.php(591): Illuminate\\Container\\BoundMethod::call(Object(Laravel\\Lumen\\Application), Array, Array, NULL)
#20 /home/abdoulaye/Bureau/Lumen/blog/vendor/laravel/lumen-framework/src/Concerns/RoutesRequests.php(376): Illuminate\\Container\\Container->call(Array, Array)
#21 /home/abdoulaye/Bureau/Lumen/blog/vendor/laravel/lumen-framework/src/Concerns/RoutesRequests.php(342): Laravel\\Lumen\\Application->callControllerCallable(Array, Array)
#22 /home/abdoulaye/Bureau/Lumen/blog/vendor/laravel/lumen-framework/src/Concerns/RoutesRequests.php(316): Laravel\\Lumen\\Application->callLumenController(Object(App\\Http\\Controllers\\AuthController), 'login', Array)
#23 /home/abdoulaye/Bureau/Lumen/blog/vendor/laravel/lumen-framework/src/Concerns/RoutesRequests.php(278): Laravel\\Lumen\\Application->callControllerAction(Array)
#24 /home/abdoulaye/Bureau/Lumen/blog/vendor/laravel/lumen-framework/src/Concerns/RoutesRequests.php(263): Laravel\\Lumen\\Application->callActionOnArrayBasedRoute(Array)
#25 /home/abdoulaye/Bureau/Lumen/blog/vendor/laravel/lumen-framework/src/Concerns/RoutesRequests.php(165): Laravel\\Lumen\\Application->handleFoundRoute(Array)
#26 /home/abdoulaye/Bureau/Lumen/blog/vendor/laravel/lumen-framework/src/Concerns/RoutesRequests.php(416): Laravel\\Lumen\\Application->Laravel\\Lumen\\Concerns\\{closure}(Object(Laravel\\Lumen\\Http\\Request))
#27 /home/abdoulaye/Bureau/Lumen/blog/vendor/laravel/lumen-framework/src/Concerns/RoutesRequests.php(171): Laravel\\Lumen\\Application->sendThroughPipeline(Array, Object(Closure))
#28 /home/abdoulaye/Bureau/Lumen/blog/vendor/laravel/lumen-framework/src/Concerns/RoutesRequests.php(108): Laravel\\Lumen\\Application->dispatch(NULL)
#29 /home/abdoulaye/Bureau/Lumen/blog/public/index.php(28): Laravel\\Lumen\\Application->run()
#30 {main}
"} 
[2019-11-12 17:26:42] local.ERROR: MongoDB\Driver\Exception\ConnectionTimeoutException: No suitable servers found (`serverSelectionTryOnce` set): [connection refused calling ismaster on '127.0.0.1:27017'] in /home/abdoulaye/Bureau/Lumen/blog/vendor/mongodb/mongodb/src/functions.php:431
Stack trace:
#0 /home/abdoulaye/Bureau/Lumen/blog/vendor/mongodb/mongodb/src/functions.php(431): MongoDB\Driver\Manager->selectServer(Object(MongoDB\Driver\ReadPreference))
#1 /home/abdoulaye/Bureau/Lumen/blog/vendor/mongodb/mongodb/src/Collection.php(651): MongoDB\select_server(Object(MongoDB\Driver\Manager), Array)
#2 [internal function]: MongoDB\Collection->find(Array, Array)
#3 /home/abdoulaye/Bureau/Lumen/blog/vendor/jenssegers/mongodb/src/Jenssegers/Mongodb/Collection.php(42): call_user_func_array(Array, Array)
#4 /home/abdoulaye/Bureau/Lumen/blog/vendor/jenssegers/mongodb/src/Jenssegers/Mongodb/Query/Builder.php(401): Jenssegers\Mongodb\Collection->__call('find', Array)
#5 /home/abdoulaye/Bureau/Lumen/blog/vendor/jenssegers/mongodb/src/Jenssegers/Mongodb/Query/Builder.php(209): Jenssegers\Mongodb\Query\Builder->getFresh(Array)
#6 /home/abdoulaye/Bureau/Lumen/blog/vendor/illuminate/database/Eloquent/Builder.php(521): Jenssegers\Mongodb\Query\Builder->get(Array)
#7 /home/abdoulaye/Bureau/Lumen/blog/vendor/illuminate/database/Eloquent/Builder.php(505): Illuminate\Database\Eloquent\Builder->getModels(Array)
#8 /home/abdoulaye/Bureau/Lumen/blog/vendor/illuminate/database/Concerns/BuildsQueries.php(143): Illuminate\Database\Eloquent\Builder->get(Array)
#9 /home/abdoulaye/Bureau/Lumen/blog/vendor/illuminate/auth/EloquentUserProvider.php(131): Illuminate\Database\Eloquent\Builder->first()
#10 /home/abdoulaye/Bureau/Lumen/blog/vendor/tymon/jwt-auth/src/JWTGuard.php(124): Illuminate\Auth\EloquentUserProvider->retrieveByCredentials(Array)
#11 /home/abdoulaye/Bureau/Lumen/blog/vendor/illuminate/auth/AuthManager.php(307): Tymon\JWTAuth\JWTGuard->attempt(Array)
#12 /home/abdoulaye/Bureau/Lumen/blog/vendor/illuminate/support/Facades/Facade.php(239): Illuminate\Auth\AuthManager->__call('attempt', Array)
#13 /home/abdoulaye/Bureau/Lumen/blog/app/Http/Controllers/AuthController.php(72): Illuminate\Support\Facades\Facade::__callStatic('attempt', Array)
#14 [internal function]: App\Http\Controllers\AuthController->login(Object(Laravel\Lumen\Http\Request))
#15 /home/abdoulaye/Bureau/Lumen/blog/vendor/illuminate/container/BoundMethod.php(32): call_user_func_array(Array, Array)
#16 /home/abdoulaye/Bureau/Lumen/blog/vendor/illuminate/support/helpers.php(520): Illuminate\Container\BoundMethod::Illuminate\Container\{closure}()
#17 /home/abdoulaye/Bureau/Lumen/blog/vendor/illuminate/container/BoundMethod.php(90): value(Object(Closure))
#18 /home/abdoulaye/Bureau/Lumen/blog/vendor/illuminate/container/BoundMethod.php(34): Illuminate\Container\BoundMethod::callBoundMethod(Object(Laravel\Lumen\Application), Array, Object(Closure))
#19 /home/abdoulaye/Bureau/Lumen/blog/vendor/illuminate/container/Container.php(591): Illuminate\Container\BoundMethod::call(Object(Laravel\Lumen\Application), Array, Array, NULL)
#20 /home/abdoulaye/Bureau/Lumen/blog/vendor/laravel/lumen-framework/src/Concerns/RoutesRequests.php(376): Illuminate\Container\Container->call(Array, Array)
#21 /home/abdoulaye/Bureau/Lumen/blog/vendor/laravel/lumen-framework/src/Concerns/RoutesRequests.php(342): Laravel\Lumen\Application->callControllerCallable(Array, Array)
#22 /home/abdoulaye/Bureau/Lumen/blog/vendor/laravel/lumen-framework/src/Concerns/RoutesRequests.php(316): Laravel\Lumen\Application->callLumenController(Object(App\Http\Controllers\AuthController), 'login', Array)
#23 /home/abdoulaye/Bureau/Lumen/blog/vendor/laravel/lumen-framework/src/Concerns/RoutesRequests.php(278): Laravel\Lumen\Application->callControllerAction(Array)
#24 /home/abdoulaye/Bureau/Lumen/blog/vendor/laravel/lumen-framework/src/Concerns/RoutesRequests.php(263): Laravel\Lumen\Application->callActionOnArrayBasedRoute(Array)
#25 /home/abdoulaye/Bureau/Lumen/blog/vendor/laravel/lumen-framework/src/Concerns/RoutesRequests.php(165): Laravel\Lumen\Application->handleFoundRoute(Array)
#26 /home/abdoulaye/Bureau/Lumen/blog/vendor/laravel/lumen-framework/src/Concerns/RoutesRequests.php(416): Laravel\Lumen\Application->Laravel\Lumen\Concerns\{closure}(Object(Laravel\Lumen\Http\Request))
#27 /home/abdoulaye/Bureau/Lumen/blog/vendor/laravel/lumen-framework/src/Concerns/RoutesRequests.php(171): Laravel\Lumen\Application->sendThroughPipeline(Array, Object(Closure))
#28 /home/abdoulaye/Bureau/Lumen/blog/vendor/laravel/lumen-framework/src/Concerns/RoutesRequests.php(108): Laravel\Lumen\Application->dispatch(NULL)
#29 /home/abdoulaye/Bureau/Lumen/blog/public/index.php(28): Laravel\Lumen\Application->run()
#30 {main} {"exception":"[object] (MongoDB\\Driver\\Exception\\ConnectionTimeoutException(code: 13053): No suitable servers found (`serverSelectionTryOnce` set): [connection refused calling ismaster on '127.0.0.1:27017'] at /home/abdoulaye/Bureau/Lumen/blog/vendor/mongodb/mongodb/src/functions.php:431)
[stacktrace]
#0 /home/abdoulaye/Bureau/Lumen/blog/vendor/mongodb/mongodb/src/functions.php(431): MongoDB\\Driver\\Manager->selectServer(Object(MongoDB\\Driver\\ReadPreference))
#1 /home/abdoulaye/Bureau/Lumen/blog/vendor/mongodb/mongodb/src/Collection.php(651): MongoDB\\select_server(Object(MongoDB\\Driver\\Manager), Array)
#2 [internal function]: MongoDB\\Collection->find(Array, Array)
#3 /home/abdoulaye/Bureau/Lumen/blog/vendor/jenssegers/mongodb/src/Jenssegers/Mongodb/Collection.php(42): call_user_func_array(Array, Array)
#4 /home/abdoulaye/Bureau/Lumen/blog/vendor/jenssegers/mongodb/src/Jenssegers/Mongodb/Query/Builder.php(401): Jenssegers\\Mongodb\\Collection->__call('find', Array)
#5 /home/abdoulaye/Bureau/Lumen/blog/vendor/jenssegers/mongodb/src/Jenssegers/Mongodb/Query/Builder.php(209): Jenssegers\\Mongodb\\Query\\Builder->getFresh(Array)
#6 /home/abdoulaye/Bureau/Lumen/blog/vendor/illuminate/database/Eloquent/Builder.php(521): Jenssegers\\Mongodb\\Query\\Builder->get(Array)
#7 /home/abdoulaye/Bureau/Lumen/blog/vendor/illuminate/database/Eloquent/Builder.php(505): Illuminate\\Database\\Eloquent\\Builder->getModels(Array)
#8 /home/abdoulaye/Bureau/Lumen/blog/vendor/illuminate/database/Concerns/BuildsQueries.php(143): Illuminate\\Database\\Eloquent\\Builder->get(Array)
#9 /home/abdoulaye/Bureau/Lumen/blog/vendor/illuminate/auth/EloquentUserProvider.php(131): Illuminate\\Database\\Eloquent\\Builder->first()
#10 /home/abdoulaye/Bureau/Lumen/blog/vendor/tymon/jwt-auth/src/JWTGuard.php(124): Illuminate\\Auth\\EloquentUserProvider->retrieveByCredentials(Array)
#11 /home/abdoulaye/Bureau/Lumen/blog/vendor/illuminate/auth/AuthManager.php(307): Tymon\\JWTAuth\\JWTGuard->attempt(Array)
#12 /home/abdoulaye/Bureau/Lumen/blog/vendor/illuminate/support/Facades/Facade.php(239): Illuminate\\Auth\\AuthManager->__call('attempt', Array)
#13 /home/abdoulaye/Bureau/Lumen/blog/app/Http/Controllers/AuthController.php(72): Illuminate\\Support\\Facades\\Facade::__callStatic('attempt', Array)
#14 [internal function]: App\\Http\\Controllers\\AuthController->login(Object(Laravel\\Lumen\\Http\\Request))
#15 /home/abdoulaye/Bureau/Lumen/blog/vendor/illuminate/container/BoundMethod.php(32): call_user_func_array(Array, Array)
#16 /home/abdoulaye/Bureau/Lumen/blog/vendor/illuminate/support/helpers.php(520): Illuminate\\Container\\BoundMethod::Illuminate\\Container\\{closure}()
#17 /home/abdoulaye/Bureau/Lumen/blog/vendor/illuminate/container/BoundMethod.php(90): value(Object(Closure))
#18 /home/abdoulaye/Bureau/Lumen/blog/vendor/illuminate/container/BoundMethod.php(34): Illuminate\\Container\\BoundMethod::callBoundMethod(Object(Laravel\\Lumen\\Application), Array, Object(Closure))
#19 /home/abdoulaye/Bureau/Lumen/blog/vendor/illuminate/container/Container.php(591): Illuminate\\Container\\BoundMethod::call(Object(Laravel\\Lumen\\Application), Array, Array, NULL)
#20 /home/abdoulaye/Bureau/Lumen/blog/vendor/laravel/lumen-framework/src/Concerns/RoutesRequests.php(376): Illuminate\\Container\\Container->call(Array, Array)
#21 /home/abdoulaye/Bureau/Lumen/blog/vendor/laravel/lumen-framework/src/Concerns/RoutesRequests.php(342): Laravel\\Lumen\\Application->callControllerCallable(Array, Array)
#22 /home/abdoulaye/Bureau/Lumen/blog/vendor/laravel/lumen-framework/src/Concerns/RoutesRequests.php(316): Laravel\\Lumen\\Application->callLumenController(Object(App\\Http\\Controllers\\AuthController), 'login', Array)
#23 /home/abdoulaye/Bureau/Lumen/blog/vendor/laravel/lumen-framework/src/Concerns/RoutesRequests.php(278): Laravel\\Lumen\\Application->callControllerAction(Array)
#24 /home/abdoulaye/Bureau/Lumen/blog/vendor/laravel/lumen-framework/src/Concerns/RoutesRequests.php(263): Laravel\\Lumen\\Application->callActionOnArrayBasedRoute(Array)
#25 /home/abdoulaye/Bureau/Lumen/blog/vendor/laravel/lumen-framework/src/Concerns/RoutesRequests.php(165): Laravel\\Lumen\\Application->handleFoundRoute(Array)
#26 /home/abdoulaye/Bureau/Lumen/blog/vendor/laravel/lumen-framework/src/Concerns/RoutesRequests.php(416): Laravel\\Lumen\\Application->Laravel\\Lumen\\Concerns\\{closure}(Object(Laravel\\Lumen\\Http\\Request))
#27 /home/abdoulaye/Bureau/Lumen/blog/vendor/laravel/lumen-framework/src/Concerns/RoutesRequests.php(171): Laravel\\Lumen\\Application->sendThroughPipeline(Array, Object(Closure))
#28 /home/abdoulaye/Bureau/Lumen/blog/vendor/laravel/lumen-framework/src/Concerns/RoutesRequests.php(108): Laravel\\Lumen\\Application->dispatch(NULL)
#29 /home/abdoulaye/Bureau/Lumen/blog/public/index.php(28): Laravel\\Lumen\\Application->run()
#30 {main}
"} 
[2019-11-12 17:28:58] local.ERROR: Symfony\Component\Debug\Exception\FatalThrowableError: Argument 1 passed to Tymon\JWTAuth\JWTGuard::login() must be an instance of Tymon\JWTAuth\Contracts\JWTSubject, instance of App\User given, called in /home/abdoulaye/Bureau/Lumen/blog/vendor/tymon/jwt-auth/src/JWTGuard.php on line 127 in /home/abdoulaye/Bureau/Lumen/blog/vendor/tymon/jwt-auth/src/JWTGuard.php:140
Stack trace:
#0 /home/abdoulaye/Bureau/Lumen/blog/vendor/tymon/jwt-auth/src/JWTGuard.php(127): Tymon\JWTAuth\JWTGuard->login(Object(App\User))
#1 /home/abdoulaye/Bureau/Lumen/blog/vendor/illuminate/auth/AuthManager.php(307): Tymon\JWTAuth\JWTGuard->attempt(Array)
#2 /home/abdoulaye/Bureau/Lumen/blog/vendor/illuminate/support/Facades/Facade.php(239): Illuminate\Auth\AuthManager->__call('attempt', Array)
#3 /home/abdoulaye/Bureau/Lumen/blog/app/Http/Controllers/AuthController.php(72): Illuminate\Support\Facades\Facade::__callStatic('attempt', Array)
#4 [internal function]: App\Http\Controllers\AuthController->login(Object(Laravel\Lumen\Http\Request))
#5 /home/abdoulaye/Bureau/Lumen/blog/vendor/illuminate/container/BoundMethod.php(32): call_user_func_array(Array, Array)
#6 /home/abdoulaye/Bureau/Lumen/blog/vendor/illuminate/support/helpers.php(520): Illuminate\Container\BoundMethod::Illuminate\Container\{closure}()
#7 /home/abdoulaye/Bureau/Lumen/blog/vendor/illuminate/container/BoundMethod.php(90): value(Object(Closure))
#8 /home/abdoulaye/Bureau/Lumen/blog/vendor/illuminate/container/BoundMethod.php(34): Illuminate\Container\BoundMethod::callBoundMethod(Object(Laravel\Lumen\Application), Array, Object(Closure))
#9 /home/abdoulaye/Bureau/Lumen/blog/vendor/illuminate/container/Container.php(591): Illuminate\Container\BoundMethod::call(Object(Laravel\Lumen\Application), Array, Array, NULL)
#10 /home/abdoulaye/Bureau/Lumen/blog/vendor/laravel/lumen-framework/src/Concerns/RoutesRequests.php(376): Illuminate\Container\Container->call(Array, Array)
#11 /home/abdoulaye/Bureau/Lumen/blog/vendor/laravel/lumen-framework/src/Concerns/RoutesRequests.php(342): Laravel\Lumen\Application->callControllerCallable(Array, Array)
#12 /home/abdoulaye/Bureau/Lumen/blog/vendor/laravel/lumen-framework/src/Concerns/RoutesRequests.php(316): Laravel\Lumen\Application->callLumenController(Object(App\Http\Controllers\AuthController), 'login', Array)
#13 /home/abdoulaye/Bureau/Lumen/blog/vendor/laravel/lumen-framework/src/Concerns/RoutesRequests.php(278): Laravel\Lumen\Application->callControllerAction(Array)
#14 /home/abdoulaye/Bureau/Lumen/blog/vendor/laravel/lumen-framework/src/Concerns/RoutesRequests.php(263): Laravel\Lumen\Application->callActionOnArrayBasedRoute(Array)
#15 /home/abdoulaye/Bureau/Lumen/blog/vendor/laravel/lumen-framework/src/Concerns/RoutesRequests.php(165): Laravel\Lumen\Application->handleFoundRoute(Array)
#16 /home/abdoulaye/Bureau/Lumen/blog/vendor/laravel/lumen-framework/src/Concerns/RoutesRequests.php(416): Laravel\Lumen\Application->Laravel\Lumen\Concerns\{closure}(Object(Laravel\Lumen\Http\Request))
#17 /home/abdoulaye/Bureau/Lumen/blog/vendor/laravel/lumen-framework/src/Concerns/RoutesRequests.php(171): Laravel\Lumen\Application->sendThroughPipeline(Array, Object(Closure))
#18 /home/abdoulaye/Bureau/Lumen/blog/vendor/laravel/lumen-framework/src/Concerns/RoutesRequests.php(108): Laravel\Lumen\Application->dispatch(NULL)
#19 /home/abdoulaye/Bureau/Lumen/blog/public/index.php(28): Laravel\Lumen\Application->run()
#20 {main} {"exception":"[object] (Symfony\\Component\\Debug\\Exception\\FatalThrowableError(code: 0): Argument 1 passed to Tymon\\JWTAuth\\JWTGuard::login() must be an instance of Tymon\\JWTAuth\\Contracts\\JWTSubject, instance of App\\User given, called in /home/abdoulaye/Bureau/Lumen/blog/vendor/tymon/jwt-auth/src/JWTGuard.php on line 127 at /home/abdoulaye/Bureau/Lumen/blog/vendor/tymon/jwt-auth/src/JWTGuard.php:140)
[stacktrace]
#0 /home/abdoulaye/Bureau/Lumen/blog/vendor/tymon/jwt-auth/src/JWTGuard.php(127): Tymon\\JWTAuth\\JWTGuard->login(Object(App\\User))
#1 /home/abdoulaye/Bureau/Lumen/blog/vendor/illuminate/auth/AuthManager.php(307): Tymon\\JWTAuth\\JWTGuard->attempt(Array)
#2 /home/abdoulaye/Bureau/Lumen/blog/vendor/illuminate/support/Facades/Facade.php(239): Illuminate\\Auth\\AuthManager->__call('attempt', Array)
#3 /home/abdoulaye/Bureau/Lumen/blog/app/Http/Controllers/AuthController.php(72): Illuminate\\Support\\Facades\\Facade::__callStatic('attempt', Array)
#4 [internal function]: App\\Http\\Controllers\\AuthController->login(Object(Laravel\\Lumen\\Http\\Request))
#5 /home/abdoulaye/Bureau/Lumen/blog/vendor/illuminate/container/BoundMethod.php(32): call_user_func_array(Array, Array)
#6 /home/abdoulaye/Bureau/Lumen/blog/vendor/illuminate/support/helpers.php(520): Illuminate\\Container\\BoundMethod::Illuminate\\Container\\{closure}()
#7 /home/abdoulaye/Bureau/Lumen/blog/vendor/illuminate/container/BoundMethod.php(90): value(Object(Closure))
#8 /home/abdoulaye/Bureau/Lumen/blog/vendor/illuminate/container/BoundMethod.php(34): Illuminate\\Container\\BoundMethod::callBoundMethod(Object(Laravel\\Lumen\\Application), Array, Object(Closure))
#9 /home/abdoulaye/Bureau/Lumen/blog/vendor/illuminate/container/Container.php(591): Illuminate\\Container\\BoundMethod::call(Object(Laravel\\Lumen\\Application), Array, Array, NULL)
#10 /home/abdoulaye/Bureau/Lumen/blog/vendor/laravel/lumen-framework/src/Concerns/RoutesRequests.php(376): Illuminate\\Container\\Container->call(Array, Array)
#11 /home/abdoulaye/Bureau/Lumen/blog/vendor/laravel/lumen-framework/src/Concerns/RoutesRequests.php(342): Laravel\\Lumen\\Application->callControllerCallable(Array, Array)
#12 /home/abdoulaye/Bureau/Lumen/blog/vendor/laravel/lumen-framework/src/Concerns/RoutesRequests.php(316): Laravel\\Lumen\\Application->callLumenController(Object(App\\Http\\Controllers\\AuthController), 'login', Array)
#13 /home/abdoulaye/Bureau/Lumen/blog/vendor/laravel/lumen-framework/src/Concerns/RoutesRequests.php(278): Laravel\\Lumen\\Application->callControllerAction(Array)
#14 /home/abdoulaye/Bureau/Lumen/blog/vendor/laravel/lumen-framework/src/Concerns/RoutesRequests.php(263): Laravel\\Lumen\\Application->callActionOnArrayBasedRoute(Array)
#15 /home/abdoulaye/Bureau/Lumen/blog/vendor/laravel/lumen-framework/src/Concerns/RoutesRequests.php(165): Laravel\\Lumen\\Application->handleFoundRoute(Array)
#16 /home/abdoulaye/Bureau/Lumen/blog/vendor/laravel/lumen-framework/src/Concerns/RoutesRequests.php(416): Laravel\\Lumen\\Application->Laravel\\Lumen\\Concerns\\{closure}(Object(Laravel\\Lumen\\Http\\Request))
#17 /home/abdoulaye/Bureau/Lumen/blog/vendor/laravel/lumen-framework/src/Concerns/RoutesRequests.php(171): Laravel\\Lumen\\Application->sendThroughPipeline(Array, Object(Closure))
#18 /home/abdoulaye/Bureau/Lumen/blog/vendor/laravel/lumen-framework/src/Concerns/RoutesRequests.php(108): Laravel\\Lumen\\Application->dispatch(NULL)
#19 /home/abdoulaye/Bureau/Lumen/blog/public/index.php(28): Laravel\\Lumen\\Application->run()
#20 {main}
"} 
[2019-11-12 17:36:52] local.ERROR: Symfony\Component\Debug\Exception\FatalThrowableError: Call to a member function prepare() on null in /home/abdoulaye/Bureau/Lumen/blog/vendor/illuminate/database/Connection.php:327
Stack trace:
#0 /home/abdoulaye/Bureau/Lumen/blog/vendor/illuminate/database/Connection.php(658): Illuminate\Database\Connection->Illuminate\Database\{closure}('select * from "...', Array)
#1 /home/abdoulaye/Bureau/Lumen/blog/vendor/illuminate/database/Connection.php(625): Illuminate\Database\Connection->runQueryCallback('select * from "...', Array, Object(Closure))
#2 /home/abdoulaye/Bureau/Lumen/blog/vendor/illuminate/database/Connection.php(334): Illuminate\Database\Connection->run('select * from "...', Array, Object(Closure))
#3 /home/abdoulaye/Bureau/Lumen/blog/vendor/illuminate/database/Query/Builder.php(2130): Illuminate\Database\Connection->select('select * from "...', Array, true)
#4 /home/abdoulaye/Bureau/Lumen/blog/vendor/illuminate/database/Query/Builder.php(2118): Illuminate\Database\Query\Builder->runSelect()
#5 /home/abdoulaye/Bureau/Lumen/blog/vendor/illuminate/database/Query/Builder.php(2584): Illuminate\Database\Query\Builder->Illuminate\Database\Query\{closure}()
#6 /home/abdoulaye/Bureau/Lumen/blog/vendor/illuminate/database/Query/Builder.php(2119): Illuminate\Database\Query\Builder->onceWithColumns(Array, Object(Closure))
#7 /home/abdoulaye/Bureau/Lumen/blog/vendor/illuminate/database/Eloquent/Builder.php(521): Illuminate\Database\Query\Builder->get(Array)
#8 /home/abdoulaye/Bureau/Lumen/blog/vendor/illuminate/database/Eloquent/Builder.php(505): Illuminate\Database\Eloquent\Builder->getModels(Array)
#9 /home/abdoulaye/Bureau/Lumen/blog/vendor/illuminate/database/Concerns/BuildsQueries.php(143): Illuminate\Database\Eloquent\Builder->get(Array)
#10 /home/abdoulaye/Bureau/Lumen/blog/vendor/illuminate/auth/EloquentUserProvider.php(131): Illuminate\Database\Eloquent\Builder->first()
#11 /home/abdoulaye/Bureau/Lumen/blog/vendor/tymon/jwt-auth/src/JWTGuard.php(124): Illuminate\Auth\EloquentUserProvider->retrieveByCredentials(Array)
#12 /home/abdoulaye/Bureau/Lumen/blog/vendor/illuminate/auth/AuthManager.php(307): Tymon\JWTAuth\JWTGuard->attempt(Array)
#13 /home/abdoulaye/Bureau/Lumen/blog/vendor/illuminate/support/Facades/Facade.php(239): Illuminate\Auth\AuthManager->__call('attempt', Array)
#14 /home/abdoulaye/Bureau/Lumen/blog/app/Http/Controllers/AuthController.php(72): Illuminate\Support\Facades\Facade::__callStatic('attempt', Array)
#15 [internal function]: App\Http\Controllers\AuthController->login(Object(Laravel\Lumen\Http\Request))
#16 /home/abdoulaye/Bureau/Lumen/blog/vendor/illuminate/container/BoundMethod.php(32): call_user_func_array(Array, Array)
#17 /home/abdoulaye/Bureau/Lumen/blog/vendor/illuminate/support/helpers.php(520): Illuminate\Container\BoundMethod::Illuminate\Container\{closure}()
#18 /home/abdoulaye/Bureau/Lumen/blog/vendor/illuminate/container/BoundMethod.php(90): value(Object(Closure))
#19 /home/abdoulaye/Bureau/Lumen/blog/vendor/illuminate/container/BoundMethod.php(34): Illuminate\Container\BoundMethod::callBoundMethod(Object(Laravel\Lumen\Application), Array, Object(Closure))
#20 /home/abdoulaye/Bureau/Lumen/blog/vendor/illuminate/container/Container.php(591): Illuminate\Container\BoundMethod::call(Object(Laravel\Lumen\Application), Array, Array, NULL)
#21 /home/abdoulaye/Bureau/Lumen/blog/vendor/laravel/lumen-framework/src/Concerns/RoutesRequests.php(376): Illuminate\Container\Container->call(Array, Array)
#22 /home/abdoulaye/Bureau/Lumen/blog/vendor/laravel/lumen-framework/src/Concerns/RoutesRequests.php(342): Laravel\Lumen\Application->callControllerCallable(Array, Array)
#23 /home/abdoulaye/Bureau/Lumen/blog/vendor/laravel/lumen-framework/src/Concerns/RoutesRequests.php(316): Laravel\Lumen\Application->callLumenController(Object(App\Http\Controllers\AuthController), 'login', Array)
#24 /home/abdoulaye/Bureau/Lumen/blog/vendor/laravel/lumen-framework/src/Concerns/RoutesRequests.php(278): Laravel\Lumen\Application->callControllerAction(Array)
#25 /home/abdoulaye/Bureau/Lumen/blog/vendor/laravel/lumen-framework/src/Concerns/RoutesRequests.php(263): Laravel\Lumen\Application->callActionOnArrayBasedRoute(Array)
#26 /home/abdoulaye/Bureau/Lumen/blog/vendor/laravel/lumen-framework/src/Concerns/RoutesRequests.php(165): Laravel\Lumen\Application->handleFoundRoute(Array)
#27 /home/abdoulaye/Bureau/Lumen/blog/vendor/laravel/lumen-framework/src/Concerns/RoutesRequests.php(416): Laravel\Lumen\Application->Laravel\Lumen\Concerns\{closure}(Object(Laravel\Lumen\Http\Request))
#28 /home/abdoulaye/Bureau/Lumen/blog/vendor/laravel/lumen-framework/src/Concerns/RoutesRequests.php(171): Laravel\Lumen\Application->sendThroughPipeline(Array, Object(Closure))
#29 /home/abdoulaye/Bureau/Lumen/blog/vendor/laravel/lumen-framework/src/Concerns/RoutesRequests.php(108): Laravel\Lumen\Application->dispatch(NULL)
#30 /home/abdoulaye/Bureau/Lumen/blog/public/index.php(28): Laravel\Lumen\Application->run()
#31 {main} {"exception":"[object] (Symfony\\Component\\Debug\\Exception\\FatalThrowableError(code: 0): Call to a member function prepare() on null at /home/abdoulaye/Bureau/Lumen/blog/vendor/illuminate/database/Connection.php:327)
[stacktrace]
#0 /home/abdoulaye/Bureau/Lumen/blog/vendor/illuminate/database/Connection.php(658): Illuminate\\Database\\Connection->Illuminate\\Database\\{closure}('select * from \"...', Array)
#1 /home/abdoulaye/Bureau/Lumen/blog/vendor/illuminate/database/Connection.php(625): Illuminate\\Database\\Connection->runQueryCallback('select * from \"...', Array, Object(Closure))
#2 /home/abdoulaye/Bureau/Lumen/blog/vendor/illuminate/database/Connection.php(334): Illuminate\\Database\\Connection->run('select * from \"...', Array, Object(Closure))
#3 /home/abdoulaye/Bureau/Lumen/blog/vendor/illuminate/database/Query/Builder.php(2130): Illuminate\\Database\\Connection->select('select * from \"...', Array, true)
#4 /home/abdoulaye/Bureau/Lumen/blog/vendor/illuminate/database/Query/Builder.php(2118): Illuminate\\Database\\Query\\Builder->runSelect()
#5 /home/abdoulaye/Bureau/Lumen/blog/vendor/illuminate/database/Query/Builder.php(2584): Illuminate\\Database\\Query\\Builder->Illuminate\\Database\\Query\\{closure}()
#6 /home/abdoulaye/Bureau/Lumen/blog/vendor/illuminate/database/Query/Builder.php(2119): Illuminate\\Database\\Query\\Builder->onceWithColumns(Array, Object(Closure))
#7 /home/abdoulaye/Bureau/Lumen/blog/vendor/illuminate/database/Eloquent/Builder.php(521): Illuminate\\Database\\Query\\Builder->get(Array)
#8 /home/abdoulaye/Bureau/Lumen/blog/vendor/illuminate/database/Eloquent/Builder.php(505): Illuminate\\Database\\Eloquent\\Builder->getModels(Array)
#9 /home/abdoulaye/Bureau/Lumen/blog/vendor/illuminate/database/Concerns/BuildsQueries.php(143): Illuminate\\Database\\Eloquent\\Builder->get(Array)
#10 /home/abdoulaye/Bureau/Lumen/blog/vendor/illuminate/auth/EloquentUserProvider.php(131): Illuminate\\Database\\Eloquent\\Builder->first()
#11 /home/abdoulaye/Bureau/Lumen/blog/vendor/tymon/jwt-auth/src/JWTGuard.php(124): Illuminate\\Auth\\EloquentUserProvider->retrieveByCredentials(Array)
#12 /home/abdoulaye/Bureau/Lumen/blog/vendor/illuminate/auth/AuthManager.php(307): Tymon\\JWTAuth\\JWTGuard->attempt(Array)
#13 /home/abdoulaye/Bureau/Lumen/blog/vendor/illuminate/support/Facades/Facade.php(239): Illuminate\\Auth\\AuthManager->__call('attempt', Array)
#14 /home/abdoulaye/Bureau/Lumen/blog/app/Http/Controllers/AuthController.php(72): Illuminate\\Support\\Facades\\Facade::__callStatic('attempt', Array)
#15 [internal function]: App\\Http\\Controllers\\AuthController->login(Object(Laravel\\Lumen\\Http\\Request))
#16 /home/abdoulaye/Bureau/Lumen/blog/vendor/illuminate/container/BoundMethod.php(32): call_user_func_array(Array, Array)
#17 /home/abdoulaye/Bureau/Lumen/blog/vendor/illuminate/support/helpers.php(520): Illuminate\\Container\\BoundMethod::Illuminate\\Container\\{closure}()
#18 /home/abdoulaye/Bureau/Lumen/blog/vendor/illuminate/container/BoundMethod.php(90): value(Object(Closure))
#19 /home/abdoulaye/Bureau/Lumen/blog/vendor/illuminate/container/BoundMethod.php(34): Illuminate\\Container\\BoundMethod::callBoundMethod(Object(Laravel\\Lumen\\Application), Array, Object(Closure))
#20 /home/abdoulaye/Bureau/Lumen/blog/vendor/illuminate/container/Container.php(591): Illuminate\\Container\\BoundMethod::call(Object(Laravel\\Lumen\\Application), Array, Array, NULL)
#21 /home/abdoulaye/Bureau/Lumen/blog/vendor/laravel/lumen-framework/src/Concerns/RoutesRequests.php(376): Illuminate\\Container\\Container->call(Array, Array)
#22 /home/abdoulaye/Bureau/Lumen/blog/vendor/laravel/lumen-framework/src/Concerns/RoutesRequests.php(342): Laravel\\Lumen\\Application->callControllerCallable(Array, Array)
#23 /home/abdoulaye/Bureau/Lumen/blog/vendor/laravel/lumen-framework/src/Concerns/RoutesRequests.php(316): Laravel\\Lumen\\Application->callLumenController(Object(App\\Http\\Controllers\\AuthController), 'login', Array)
#24 /home/abdoulaye/Bureau/Lumen/blog/vendor/laravel/lumen-framework/src/Concerns/RoutesRequests.php(278): Laravel\\Lumen\\Application->callControllerAction(Array)
#25 /home/abdoulaye/Bureau/Lumen/blog/vendor/laravel/lumen-framework/src/Concerns/RoutesRequests.php(263): Laravel\\Lumen\\Application->callActionOnArrayBasedRoute(Array)
#26 /home/abdoulaye/Bureau/Lumen/blog/vendor/laravel/lumen-framework/src/Concerns/RoutesRequests.php(165): Laravel\\Lumen\\Application->handleFoundRoute(Array)
#27 /home/abdoulaye/Bureau/Lumen/blog/vendor/laravel/lumen-framework/src/Concerns/RoutesRequests.php(416): Laravel\\Lumen\\Application->Laravel\\Lumen\\Concerns\\{closure}(Object(Laravel\\Lumen\\Http\\Request))
#28 /home/abdoulaye/Bureau/Lumen/blog/vendor/laravel/lumen-framework/src/Concerns/RoutesRequests.php(171): Laravel\\Lumen\\Application->sendThroughPipeline(Array, Object(Closure))
#29 /home/abdoulaye/Bureau/Lumen/blog/vendor/laravel/lumen-framework/src/Concerns/RoutesRequests.php(108): Laravel\\Lumen\\Application->dispatch(NULL)
#30 /home/abdoulaye/Bureau/Lumen/blog/public/index.php(28): Laravel\\Lumen\\Application->run()
#31 {main}
"} 
[2019-11-12 17:37:07] local.ERROR: Symfony\Component\Debug\Exception\FatalThrowableError: Call to a member function prepare() on null in /home/abdoulaye/Bureau/Lumen/blog/vendor/illuminate/database/Connection.php:327
Stack trace:
#0 /home/abdoulaye/Bureau/Lumen/blog/vendor/illuminate/database/Connection.php(658): Illuminate\Database\Connection->Illuminate\Database\{closure}('select * from "...', Array)
#1 /home/abdoulaye/Bureau/Lumen/blog/vendor/illuminate/database/Connection.php(625): Illuminate\Database\Connection->runQueryCallback('select * from "...', Array, Object(Closure))
#2 /home/abdoulaye/Bureau/Lumen/blog/vendor/illuminate/database/Connection.php(334): Illuminate\Database\Connection->run('select * from "...', Array, Object(Closure))
#3 /home/abdoulaye/Bureau/Lumen/blog/vendor/illuminate/database/Query/Builder.php(2130): Illuminate\Database\Connection->select('select * from "...', Array, true)
#4 /home/abdoulaye/Bureau/Lumen/blog/vendor/illuminate/database/Query/Builder.php(2118): Illuminate\Database\Query\Builder->runSelect()
#5 /home/abdoulaye/Bureau/Lumen/blog/vendor/illuminate/database/Query/Builder.php(2584): Illuminate\Database\Query\Builder->Illuminate\Database\Query\{closure}()
#6 /home/abdoulaye/Bureau/Lumen/blog/vendor/illuminate/database/Query/Builder.php(2119): Illuminate\Database\Query\Builder->onceWithColumns(Array, Object(Closure))
#7 /home/abdoulaye/Bureau/Lumen/blog/vendor/illuminate/database/Eloquent/Builder.php(521): Illuminate\Database\Query\Builder->get(Array)
#8 /home/abdoulaye/Bureau/Lumen/blog/vendor/illuminate/database/Eloquent/Builder.php(505): Illuminate\Database\Eloquent\Builder->getModels(Array)
#9 /home/abdoulaye/Bureau/Lumen/blog/vendor/illuminate/database/Concerns/BuildsQueries.php(143): Illuminate\Database\Eloquent\Builder->get(Array)
#10 /home/abdoulaye/Bureau/Lumen/blog/vendor/illuminate/auth/EloquentUserProvider.php(131): Illuminate\Database\Eloquent\Builder->first()
#11 /home/abdoulaye/Bureau/Lumen/blog/vendor/tymon/jwt-auth/src/JWTGuard.php(124): Illuminate\Auth\EloquentUserProvider->retrieveByCredentials(Array)
#12 /home/abdoulaye/Bureau/Lumen/blog/vendor/illuminate/auth/AuthManager.php(307): Tymon\JWTAuth\JWTGuard->attempt(Array)
#13 /home/abdoulaye/Bureau/Lumen/blog/vendor/illuminate/support/Facades/Facade.php(239): Illuminate\Auth\AuthManager->__call('attempt', Array)
#14 /home/abdoulaye/Bureau/Lumen/blog/app/Http/Controllers/AuthController.php(72): Illuminate\Support\Facades\Facade::__callStatic('attempt', Array)
#15 [internal function]: App\Http\Controllers\AuthController->login(Object(Laravel\Lumen\Http\Request))
#16 /home/abdoulaye/Bureau/Lumen/blog/vendor/illuminate/container/BoundMethod.php(32): call_user_func_array(Array, Array)
#17 /home/abdoulaye/Bureau/Lumen/blog/vendor/illuminate/support/helpers.php(520): Illuminate\Container\BoundMethod::Illuminate\Container\{closure}()
#18 /home/abdoulaye/Bureau/Lumen/blog/vendor/illuminate/container/BoundMethod.php(90): value(Object(Closure))
#19 /home/abdoulaye/Bureau/Lumen/blog/vendor/illuminate/container/BoundMethod.php(34): Illuminate\Container\BoundMethod::callBoundMethod(Object(Laravel\Lumen\Application), Array, Object(Closure))
#20 /home/abdoulaye/Bureau/Lumen/blog/vendor/illuminate/container/Container.php(591): Illuminate\Container\BoundMethod::call(Object(Laravel\Lumen\Application), Array, Array, NULL)
#21 /home/abdoulaye/Bureau/Lumen/blog/vendor/laravel/lumen-framework/src/Concerns/RoutesRequests.php(376): Illuminate\Container\Container->call(Array, Array)
#22 /home/abdoulaye/Bureau/Lumen/blog/vendor/laravel/lumen-framework/src/Concerns/RoutesRequests.php(342): Laravel\Lumen\Application->callControllerCallable(Array, Array)
#23 /home/abdoulaye/Bureau/Lumen/blog/vendor/laravel/lumen-framework/src/Concerns/RoutesRequests.php(316): Laravel\Lumen\Application->callLumenController(Object(App\Http\Controllers\AuthController), 'login', Array)
#24 /home/abdoulaye/Bureau/Lumen/blog/vendor/laravel/lumen-framework/src/Concerns/RoutesRequests.php(278): Laravel\Lumen\Application->callControllerAction(Array)
#25 /home/abdoulaye/Bureau/Lumen/blog/vendor/laravel/lumen-framework/src/Concerns/RoutesRequests.php(263): Laravel\Lumen\Application->callActionOnArrayBasedRoute(Array)
#26 /home/abdoulaye/Bureau/Lumen/blog/vendor/laravel/lumen-framework/src/Concerns/RoutesRequests.php(165): Laravel\Lumen\Application->handleFoundRoute(Array)
#27 /home/abdoulaye/Bureau/Lumen/blog/vendor/laravel/lumen-framework/src/Concerns/RoutesRequests.php(416): Laravel\Lumen\Application->Laravel\Lumen\Concerns\{closure}(Object(Laravel\Lumen\Http\Request))
#28 /home/abdoulaye/Bureau/Lumen/blog/vendor/laravel/lumen-framework/src/Concerns/RoutesRequests.php(171): Laravel\Lumen\Application->sendThroughPipeline(Array, Object(Closure))
#29 /home/abdoulaye/Bureau/Lumen/blog/vendor/laravel/lumen-framework/src/Concerns/RoutesRequests.php(108): Laravel\Lumen\Application->dispatch(NULL)
#30 /home/abdoulaye/Bureau/Lumen/blog/public/index.php(28): Laravel\Lumen\Application->run()
#31 {main} {"exception":"[object] (Symfony\\Component\\Debug\\Exception\\FatalThrowableError(code: 0): Call to a member function prepare() on null at /home/abdoulaye/Bureau/Lumen/blog/vendor/illuminate/database/Connection.php:327)
[stacktrace]
#0 /home/abdoulaye/Bureau/Lumen/blog/vendor/illuminate/database/Connection.php(658): Illuminate\\Database\\Connection->Illuminate\\Database\\{closure}('select * from \"...', Array)
#1 /home/abdoulaye/Bureau/Lumen/blog/vendor/illuminate/database/Connection.php(625): Illuminate\\Database\\Connection->runQueryCallback('select * from \"...', Array, Object(Closure))
#2 /home/abdoulaye/Bureau/Lumen/blog/vendor/illuminate/database/Connection.php(334): Illuminate\\Database\\Connection->run('select * from \"...', Array, Object(Closure))
#3 /home/abdoulaye/Bureau/Lumen/blog/vendor/illuminate/database/Query/Builder.php(2130): Illuminate\\Database\\Connection->select('select * from \"...', Array, true)
#4 /home/abdoulaye/Bureau/Lumen/blog/vendor/illuminate/database/Query/Builder.php(2118): Illuminate\\Database\\Query\\Builder->runSelect()
#5 /home/abdoulaye/Bureau/Lumen/blog/vendor/illuminate/database/Query/Builder.php(2584): Illuminate\\Database\\Query\\Builder->Illuminate\\Database\\Query\\{closure}()
#6 /home/abdoulaye/Bureau/Lumen/blog/vendor/illuminate/database/Query/Builder.php(2119): Illuminate\\Database\\Query\\Builder->onceWithColumns(Array, Object(Closure))
#7 /home/abdoulaye/Bureau/Lumen/blog/vendor/illuminate/database/Eloquent/Builder.php(521): Illuminate\\Database\\Query\\Builder->get(Array)
#8 /home/abdoulaye/Bureau/Lumen/blog/vendor/illuminate/database/Eloquent/Builder.php(505): Illuminate\\Database\\Eloquent\\Builder->getModels(Array)
#9 /home/abdoulaye/Bureau/Lumen/blog/vendor/illuminate/database/Concerns/BuildsQueries.php(143): Illuminate\\Database\\Eloquent\\Builder->get(Array)
#10 /home/abdoulaye/Bureau/Lumen/blog/vendor/illuminate/auth/EloquentUserProvider.php(131): Illuminate\\Database\\Eloquent\\Builder->first()
#11 /home/abdoulaye/Bureau/Lumen/blog/vendor/tymon/jwt-auth/src/JWTGuard.php(124): Illuminate\\Auth\\EloquentUserProvider->retrieveByCredentials(Array)
#12 /home/abdoulaye/Bureau/Lumen/blog/vendor/illuminate/auth/AuthManager.php(307): Tymon\\JWTAuth\\JWTGuard->attempt(Array)
#13 /home/abdoulaye/Bureau/Lumen/blog/vendor/illuminate/support/Facades/Facade.php(239): Illuminate\\Auth\\AuthManager->__call('attempt', Array)
#14 /home/abdoulaye/Bureau/Lumen/blog/app/Http/Controllers/AuthController.php(72): Illuminate\\Support\\Facades\\Facade::__callStatic('attempt', Array)
#15 [internal function]: App\\Http\\Controllers\\AuthController->login(Object(Laravel\\Lumen\\Http\\Request))
#16 /home/abdoulaye/Bureau/Lumen/blog/vendor/illuminate/container/BoundMethod.php(32): call_user_func_array(Array, Array)
#17 /home/abdoulaye/Bureau/Lumen/blog/vendor/illuminate/support/helpers.php(520): Illuminate\\Container\\BoundMethod::Illuminate\\Container\\{closure}()
#18 /home/abdoulaye/Bureau/Lumen/blog/vendor/illuminate/container/BoundMethod.php(90): value(Object(Closure))
#19 /home/abdoulaye/Bureau/Lumen/blog/vendor/illuminate/container/BoundMethod.php(34): Illuminate\\Container\\BoundMethod::callBoundMethod(Object(Laravel\\Lumen\\Application), Array, Object(Closure))
#20 /home/abdoulaye/Bureau/Lumen/blog/vendor/illuminate/container/Container.php(591): Illuminate\\Container\\BoundMethod::call(Object(Laravel\\Lumen\\Application), Array, Array, NULL)
#21 /home/abdoulaye/Bureau/Lumen/blog/vendor/laravel/lumen-framework/src/Concerns/RoutesRequests.php(376): Illuminate\\Container\\Container->call(Array, Array)
#22 /home/abdoulaye/Bureau/Lumen/blog/vendor/laravel/lumen-framework/src/Concerns/RoutesRequests.php(342): Laravel\\Lumen\\Application->callControllerCallable(Array, Array)
#23 /home/abdoulaye/Bureau/Lumen/blog/vendor/laravel/lumen-framework/src/Concerns/RoutesRequests.php(316): Laravel\\Lumen\\Application->callLumenController(Object(App\\Http\\Controllers\\AuthController), 'login', Array)
#24 /home/abdoulaye/Bureau/Lumen/blog/vendor/laravel/lumen-framework/src/Concerns/RoutesRequests.php(278): Laravel\\Lumen\\Application->callControllerAction(Array)
#25 /home/abdoulaye/Bureau/Lumen/blog/vendor/laravel/lumen-framework/src/Concerns/RoutesRequests.php(263): Laravel\\Lumen\\Application->callActionOnArrayBasedRoute(Array)
#26 /home/abdoulaye/Bureau/Lumen/blog/vendor/laravel/lumen-framework/src/Concerns/RoutesRequests.php(165): Laravel\\Lumen\\Application->handleFoundRoute(Array)
#27 /home/abdoulaye/Bureau/Lumen/blog/vendor/laravel/lumen-framework/src/Concerns/RoutesRequests.php(416): Laravel\\Lumen\\Application->Laravel\\Lumen\\Concerns\\{closure}(Object(Laravel\\Lumen\\Http\\Request))
#28 /home/abdoulaye/Bureau/Lumen/blog/vendor/laravel/lumen-framework/src/Concerns/RoutesRequests.php(171): Laravel\\Lumen\\Application->sendThroughPipeline(Array, Object(Closure))
#29 /home/abdoulaye/Bureau/Lumen/blog/vendor/laravel/lumen-framework/src/Concerns/RoutesRequests.php(108): Laravel\\Lumen\\Application->dispatch(NULL)
#30 /home/abdoulaye/Bureau/Lumen/blog/public/index.php(28): Laravel\\Lumen\\Application->run()
#31 {main}
"} 
