[2019-11-07 09:03:49] local.ERROR: Symfony\Component\Console\Exception\CommandNotFoundException: Command "make:auth" is not defined.

Did you mean one of these?
    make:migration
    make:seeder in /home/abdoulaye/Bureau/Lumen/blog/vendor/symfony/console/Application.php:660
Stack trace:
#0 /home/abdoulaye/Bureau/Lumen/blog/vendor/symfony/console/Application.php(237): Symfony\Component\Console\Application->find('make:auth')
#1 /home/abdoulaye/Bureau/Lumen/blog/vendor/symfony/console/Application.php(149): Symfony\Component\Console\Application->doRun(Object(Symfony\Component\Console\Input\ArgvInput), Object(Symfony\Component\Console\Output\ConsoleOutput))
#2 /home/abdoulaye/Bureau/Lumen/blog/vendor/illuminate/console/Application.php(90): Symfony\Component\Console\Application->run(Object(Symfony\Component\Console\Input\ArgvInput), Object(Symfony\Component\Console\Output\ConsoleOutput))
#3 /home/abdoulaye/Bureau/Lumen/blog/vendor/laravel/lumen-framework/src/Console/Kernel.php(115): Illuminate\Console\Application->run(Object(Symfony\Component\Console\Input\ArgvInput), Object(Symfony\Component\Console\Output\ConsoleOutput))
#4 /home/abdoulaye/Bureau/Lumen/blog/artisan(35): Laravel\Lumen\Console\Kernel->handle(Object(Symfony\Component\Console\Input\ArgvInput), Object(Symfony\Component\Console\Output\ConsoleOutput))
#5 {main} {"exception":"[object] (Symfony\\Component\\Console\\Exception\\CommandNotFoundException(code: 0): Command \"make:auth\" is not defined.

Did you mean one of these?
    make:migration
    make:seeder at /home/abdoulaye/Bureau/Lumen/blog/vendor/symfony/console/Application.php:660)
[stacktrace]
#0 /home/abdoulaye/Bureau/Lumen/blog/vendor/symfony/console/Application.php(237): Symfony\\Component\\Console\\Application->find('make:auth')
#1 /home/abdoulaye/Bureau/Lumen/blog/vendor/symfony/console/Application.php(149): Symfony\\Component\\Console\\Application->doRun(Object(Symfony\\Component\\Console\\Input\\ArgvInput), Object(Symfony\\Component\\Console\\Output\\ConsoleOutput))
#2 /home/abdoulaye/Bureau/Lumen/blog/vendor/illuminate/console/Application.php(90): Symfony\\Component\\Console\\Application->run(Object(Symfony\\Component\\Console\\Input\\ArgvInput), Object(Symfony\\Component\\Console\\Output\\ConsoleOutput))
#3 /home/abdoulaye/Bureau/Lumen/blog/vendor/laravel/lumen-framework/src/Console/Kernel.php(115): Illuminate\\Console\\Application->run(Object(Symfony\\Component\\Console\\Input\\ArgvInput), Object(Symfony\\Component\\Console\\Output\\ConsoleOutput))
#4 /home/abdoulaye/Bureau/Lumen/blog/artisan(35): Laravel\\Lumen\\Console\\Kernel->handle(Object(Symfony\\Component\\Console\\Input\\ArgvInput), Object(Symfony\\Component\\Console\\Output\\ConsoleOutput))
#5 {main}
"} 
[2019-11-07 09:07:39] local.ERROR: Symfony\Component\Console\Exception\RuntimeException: Not enough arguments (missing: "name"). in /home/abdoulaye/Bureau/Lumen/blog/vendor/symfony/console/Input/Input.php:76
Stack trace:
#0 /home/abdoulaye/Bureau/Lumen/blog/vendor/symfony/console/Command/Command.php(250): Symfony\Component\Console\Input\Input->validate()
#1 /home/abdoulaye/Bureau/Lumen/blog/vendor/illuminate/console/Command.php(189): Symfony\Component\Console\Command\Command->run(Object(Symfony\Component\Console\Input\ArgvInput), Object(Illuminate\Console\OutputStyle))
#2 /home/abdoulaye/Bureau/Lumen/blog/vendor/symfony/console/Application.php(934): Illuminate\Console\Command->run(Object(Symfony\Component\Console\Input\ArgvInput), Object(Symfony\Component\Console\Output\ConsoleOutput))
#3 /home/abdoulaye/Bureau/Lumen/blog/vendor/symfony/console/Application.php(273): Symfony\Component\Console\Application->doRunCommand(Object(Illuminate\Database\Console\Migrations\MigrateMakeCommand), Object(Symfony\Component\Console\Input\ArgvInput), Object(Symfony\Component\Console\Output\ConsoleOutput))
#4 /home/abdoulaye/Bureau/Lumen/blog/vendor/symfony/console/Application.php(149): Symfony\Component\Console\Application->doRun(Object(Symfony\Component\Console\Input\ArgvInput), Object(Symfony\Component\Console\Output\ConsoleOutput))
#5 /home/abdoulaye/Bureau/Lumen/blog/vendor/illuminate/console/Application.php(90): Symfony\Component\Console\Application->run(Object(Symfony\Component\Console\Input\ArgvInput), Object(Symfony\Component\Console\Output\ConsoleOutput))
#6 /home/abdoulaye/Bureau/Lumen/blog/vendor/laravel/lumen-framework/src/Console/Kernel.php(115): Illuminate\Console\Application->run(Object(Symfony\Component\Console\Input\ArgvInput), Object(Symfony\Component\Console\Output\ConsoleOutput))
#7 /home/abdoulaye/Bureau/Lumen/blog/artisan(35): Laravel\Lumen\Console\Kernel->handle(Object(Symfony\Component\Console\Input\ArgvInput), Object(Symfony\Component\Console\Output\ConsoleOutput))
#8 {main} {"exception":"[object] (Symfony\\Component\\Console\\Exception\\RuntimeException(code: 0): Not enough arguments (missing: \"name\"). at /home/abdoulaye/Bureau/Lumen/blog/vendor/symfony/console/Input/Input.php:76)
[stacktrace]
#0 /home/abdoulaye/Bureau/Lumen/blog/vendor/symfony/console/Command/Command.php(250): Symfony\\Component\\Console\\Input\\Input->validate()
#1 /home/abdoulaye/Bureau/Lumen/blog/vendor/illuminate/console/Command.php(189): Symfony\\Component\\Console\\Command\\Command->run(Object(Symfony\\Component\\Console\\Input\\ArgvInput), Object(Illuminate\\Console\\OutputStyle))
#2 /home/abdoulaye/Bureau/Lumen/blog/vendor/symfony/console/Application.php(934): Illuminate\\Console\\Command->run(Object(Symfony\\Component\\Console\\Input\\ArgvInput), Object(Symfony\\Component\\Console\\Output\\ConsoleOutput))
#3 /home/abdoulaye/Bureau/Lumen/blog/vendor/symfony/console/Application.php(273): Symfony\\Component\\Console\\Application->doRunCommand(Object(Illuminate\\Database\\Console\\Migrations\\MigrateMakeCommand), Object(Symfony\\Component\\Console\\Input\\ArgvInput), Object(Symfony\\Component\\Console\\Output\\ConsoleOutput))
#4 /home/abdoulaye/Bureau/Lumen/blog/vendor/symfony/console/Application.php(149): Symfony\\Component\\Console\\Application->doRun(Object(Symfony\\Component\\Console\\Input\\ArgvInput), Object(Symfony\\Component\\Console\\Output\\ConsoleOutput))
#5 /home/abdoulaye/Bureau/Lumen/blog/vendor/illuminate/console/Application.php(90): Symfony\\Component\\Console\\Application->run(Object(Symfony\\Component\\Console\\Input\\ArgvInput), Object(Symfony\\Component\\Console\\Output\\ConsoleOutput))
#6 /home/abdoulaye/Bureau/Lumen/blog/vendor/laravel/lumen-framework/src/Console/Kernel.php(115): Illuminate\\Console\\Application->run(Object(Symfony\\Component\\Console\\Input\\ArgvInput), Object(Symfony\\Component\\Console\\Output\\ConsoleOutput))
#7 /home/abdoulaye/Bureau/Lumen/blog/artisan(35): Laravel\\Lumen\\Console\\Kernel->handle(Object(Symfony\\Component\\Console\\Input\\ArgvInput), Object(Symfony\\Component\\Console\\Output\\ConsoleOutput))
#8 {main}
"} 
[2019-11-07 09:08:23] local.ERROR: Symfony\Component\Console\Exception\RuntimeException: Too many arguments, expected arguments "command" "name". in /home/abdoulaye/Bureau/Lumen/blog/vendor/symfony/console/Input/ArgvInput.php:183
Stack trace:
#0 /home/abdoulaye/Bureau/Lumen/blog/vendor/symfony/console/Input/ArgvInput.php(86): Symfony\Component\Console\Input\ArgvInput->parseArgument('\xE2\x80\x94')
#1 /home/abdoulaye/Bureau/Lumen/blog/vendor/symfony/console/Input/Input.php(55): Symfony\Component\Console\Input\ArgvInput->parse()
#2 /home/abdoulaye/Bureau/Lumen/blog/vendor/symfony/console/Command/Command.php(214): Symfony\Component\Console\Input\Input->bind(Object(Symfony\Component\Console\Input\InputDefinition))
#3 /home/abdoulaye/Bureau/Lumen/blog/vendor/illuminate/console/Command.php(189): Symfony\Component\Console\Command\Command->run(Object(Symfony\Component\Console\Input\ArgvInput), Object(Illuminate\Console\OutputStyle))
#4 /home/abdoulaye/Bureau/Lumen/blog/vendor/symfony/console/Application.php(934): Illuminate\Console\Command->run(Object(Symfony\Component\Console\Input\ArgvInput), Object(Symfony\Component\Console\Output\ConsoleOutput))
#5 /home/abdoulaye/Bureau/Lumen/blog/vendor/symfony/console/Application.php(273): Symfony\Component\Console\Application->doRunCommand(Object(Illuminate\Database\Console\Migrations\MigrateMakeCommand), Object(Symfony\Component\Console\Input\ArgvInput), Object(Symfony\Component\Console\Output\ConsoleOutput))
#6 /home/abdoulaye/Bureau/Lumen/blog/vendor/symfony/console/Application.php(149): Symfony\Component\Console\Application->doRun(Object(Symfony\Component\Console\Input\ArgvInput), Object(Symfony\Component\Console\Output\ConsoleOutput))
#7 /home/abdoulaye/Bureau/Lumen/blog/vendor/illuminate/console/Application.php(90): Symfony\Component\Console\Application->run(Object(Symfony\Component\Console\Input\ArgvInput), Object(Symfony\Component\Console\Output\ConsoleOutput))
#8 /home/abdoulaye/Bureau/Lumen/blog/vendor/laravel/lumen-framework/src/Console/Kernel.php(115): Illuminate\Console\Application->run(Object(Symfony\Component\Console\Input\ArgvInput), Object(Symfony\Component\Console\Output\ConsoleOutput))
#9 /home/abdoulaye/Bureau/Lumen/blog/artisan(35): Laravel\Lumen\Console\Kernel->handle(Object(Symfony\Component\Console\Input\ArgvInput), Object(Symfony\Component\Console\Output\ConsoleOutput))
#10 {main} {"exception":"[object] (Symfony\\Component\\Console\\Exception\\RuntimeException(code: 0): Too many arguments, expected arguments \"command\" \"name\". at /home/abdoulaye/Bureau/Lumen/blog/vendor/symfony/console/Input/ArgvInput.php:183)
[stacktrace]
#0 /home/abdoulaye/Bureau/Lumen/blog/vendor/symfony/console/Input/ArgvInput.php(86): Symfony\\Component\\Console\\Input\\ArgvInput->parseArgument('\\xE2\\x80\\x94')
#1 /home/abdoulaye/Bureau/Lumen/blog/vendor/symfony/console/Input/Input.php(55): Symfony\\Component\\Console\\Input\\ArgvInput->parse()
#2 /home/abdoulaye/Bureau/Lumen/blog/vendor/symfony/console/Command/Command.php(214): Symfony\\Component\\Console\\Input\\Input->bind(Object(Symfony\\Component\\Console\\Input\\InputDefinition))
#3 /home/abdoulaye/Bureau/Lumen/blog/vendor/illuminate/console/Command.php(189): Symfony\\Component\\Console\\Command\\Command->run(Object(Symfony\\Component\\Console\\Input\\ArgvInput), Object(Illuminate\\Console\\OutputStyle))
#4 /home/abdoulaye/Bureau/Lumen/blog/vendor/symfony/console/Application.php(934): Illuminate\\Console\\Command->run(Object(Symfony\\Component\\Console\\Input\\ArgvInput), Object(Symfony\\Component\\Console\\Output\\ConsoleOutput))
#5 /home/abdoulaye/Bureau/Lumen/blog/vendor/symfony/console/Application.php(273): Symfony\\Component\\Console\\Application->doRunCommand(Object(Illuminate\\Database\\Console\\Migrations\\MigrateMakeCommand), Object(Symfony\\Component\\Console\\Input\\ArgvInput), Object(Symfony\\Component\\Console\\Output\\ConsoleOutput))
#6 /home/abdoulaye/Bureau/Lumen/blog/vendor/symfony/console/Application.php(149): Symfony\\Component\\Console\\Application->doRun(Object(Symfony\\Component\\Console\\Input\\ArgvInput), Object(Symfony\\Component\\Console\\Output\\ConsoleOutput))
#7 /home/abdoulaye/Bureau/Lumen/blog/vendor/illuminate/console/Application.php(90): Symfony\\Component\\Console\\Application->run(Object(Symfony\\Component\\Console\\Input\\ArgvInput), Object(Symfony\\Component\\Console\\Output\\ConsoleOutput))
#8 /home/abdoulaye/Bureau/Lumen/blog/vendor/laravel/lumen-framework/src/Console/Kernel.php(115): Illuminate\\Console\\Application->run(Object(Symfony\\Component\\Console\\Input\\ArgvInput), Object(Symfony\\Component\\Console\\Output\\ConsoleOutput))
#9 /home/abdoulaye/Bureau/Lumen/blog/artisan(35): Laravel\\Lumen\\Console\\Kernel->handle(Object(Symfony\\Component\\Console\\Input\\ArgvInput), Object(Symfony\\Component\\Console\\Output\\ConsoleOutput))
#10 {main}
"} 
[2019-11-07 09:13:13] local.ERROR: Symfony\Component\Debug\Exception\FatalThrowableError: Class 'MongoDB\Driver\Manager' not found in /home/abdoulaye/Bureau/Lumen/blog/vendor/mongodb/mongodb/src/Client.php:107
Stack trace:
#0 /home/abdoulaye/Bureau/Lumen/blog/vendor/jenssegers/mongodb/src/Jenssegers/Mongodb/Connection.php(141): MongoDB\Client->__construct('mongodb://127.0...', Array, Array)
#1 /home/abdoulaye/Bureau/Lumen/blog/vendor/jenssegers/mongodb/src/Jenssegers/Mongodb/Connection.php(38): Jenssegers\Mongodb\Connection->createConnection('mongodb://127.0...', Array, Array)
#2 /home/abdoulaye/Bureau/Lumen/blog/vendor/jenssegers/mongodb/src/Jenssegers/Mongodb/MongodbServiceProvider.php(30): Jenssegers\Mongodb\Connection->__construct(Array)
#3 [internal function]: Jenssegers\Mongodb\MongodbServiceProvider->Jenssegers\Mongodb\{closure}(Array, 'mongodb')
#4 /home/abdoulaye/Bureau/Lumen/blog/vendor/illuminate/database/DatabaseManager.php(121): call_user_func(Object(Closure), Array, 'mongodb')
#5 /home/abdoulaye/Bureau/Lumen/blog/vendor/illuminate/database/DatabaseManager.php(86): Illuminate\Database\DatabaseManager->makeConnection('mongodb')
#6 /home/abdoulaye/Bureau/Lumen/blog/vendor/illuminate/database/Migrations/DatabaseMigrationRepository.php(199): Illuminate\Database\DatabaseManager->connection('mongodb')
#7 /home/abdoulaye/Bureau/Lumen/blog/vendor/illuminate/database/Migrations/DatabaseMigrationRepository.php(167): Illuminate\Database\Migrations\DatabaseMigrationRepository->getConnection()
#8 /home/abdoulaye/Bureau/Lumen/blog/vendor/illuminate/database/Migrations/Migrator.php(585): Illuminate\Database\Migrations\DatabaseMigrationRepository->repositoryExists()
#9 /home/abdoulaye/Bureau/Lumen/blog/vendor/illuminate/database/Console/Migrations/MigrateCommand.php(91): Illuminate\Database\Migrations\Migrator->repositoryExists()
#10 /home/abdoulaye/Bureau/Lumen/blog/vendor/illuminate/database/Console/Migrations/MigrateCommand.php(63): Illuminate\Database\Console\Migrations\MigrateCommand->prepareDatabase()
#11 [internal function]: Illuminate\Database\Console\Migrations\MigrateCommand->handle()
#12 /home/abdoulaye/Bureau/Lumen/blog/vendor/illuminate/container/BoundMethod.php(32): call_user_func_array(Array, Array)
#13 /home/abdoulaye/Bureau/Lumen/blog/vendor/illuminate/support/helpers.php(520): Illuminate\Container\BoundMethod::Illuminate\Container\{closure}()
#14 /home/abdoulaye/Bureau/Lumen/blog/vendor/illuminate/container/BoundMethod.php(90): value(Object(Closure))
#15 /home/abdoulaye/Bureau/Lumen/blog/vendor/illuminate/container/BoundMethod.php(34): Illuminate\Container\BoundMethod::callBoundMethod(Object(Laravel\Lumen\Application), Array, Object(Closure))
#16 /home/abdoulaye/Bureau/Lumen/blog/vendor/illuminate/container/Container.php(591): Illuminate\Container\BoundMethod::call(Object(Laravel\Lumen\Application), Array, Array, NULL)
#17 /home/abdoulaye/Bureau/Lumen/blog/vendor/illuminate/console/Command.php(202): Illuminate\Container\Container->call(Array)
#18 /home/abdoulaye/Bureau/Lumen/blog/vendor/symfony/console/Command/Command.php(255): Illuminate\Console\Command->execute(Object(Symfony\Component\Console\Input\ArgvInput), Object(Illuminate\Console\OutputStyle))
#19 /home/abdoulaye/Bureau/Lumen/blog/vendor/illuminate/console/Command.php(189): Symfony\Component\Console\Command\Command->run(Object(Symfony\Component\Console\Input\ArgvInput), Object(Illuminate\Console\OutputStyle))
#20 /home/abdoulaye/Bureau/Lumen/blog/vendor/symfony/console/Application.php(934): Illuminate\Console\Command->run(Object(Symfony\Component\Console\Input\ArgvInput), Object(Symfony\Component\Console\Output\ConsoleOutput))
#21 /home/abdoulaye/Bureau/Lumen/blog/vendor/symfony/console/Application.php(273): Symfony\Component\Console\Application->doRunCommand(Object(Illuminate\Database\Console\Migrations\MigrateCommand), Object(Symfony\Component\Console\Input\ArgvInput), Object(Symfony\Component\Console\Output\ConsoleOutput))
#22 /home/abdoulaye/Bureau/Lumen/blog/vendor/symfony/console/Application.php(149): Symfony\Component\Console\Application->doRun(Object(Symfony\Component\Console\Input\ArgvInput), Object(Symfony\Component\Console\Output\ConsoleOutput))
#23 /home/abdoulaye/Bureau/Lumen/blog/vendor/illuminate/console/Application.php(90): Symfony\Component\Console\Application->run(Object(Symfony\Component\Console\Input\ArgvInput), Object(Symfony\Component\Console\Output\ConsoleOutput))
#24 /home/abdoulaye/Bureau/Lumen/blog/vendor/laravel/lumen-framework/src/Console/Kernel.php(115): Illuminate\Console\Application->run(Object(Symfony\Component\Console\Input\ArgvInput), Object(Symfony\Component\Console\Output\ConsoleOutput))
#25 /home/abdoulaye/Bureau/Lumen/blog/artisan(35): Laravel\Lumen\Console\Kernel->handle(Object(Symfony\Component\Console\Input\ArgvInput), Object(Symfony\Component\Console\Output\ConsoleOutput))
#26 {main} {"exception":"[object] (Symfony\\Component\\Debug\\Exception\\FatalThrowableError(code: 0): Class 'MongoDB\\Driver\\Manager' not found at /home/abdoulaye/Bureau/Lumen/blog/vendor/mongodb/mongodb/src/Client.php:107)
[stacktrace]
#0 /home/abdoulaye/Bureau/Lumen/blog/vendor/jenssegers/mongodb/src/Jenssegers/Mongodb/Connection.php(141): MongoDB\\Client->__construct('mongodb://127.0...', Array, Array)
#1 /home/abdoulaye/Bureau/Lumen/blog/vendor/jenssegers/mongodb/src/Jenssegers/Mongodb/Connection.php(38): Jenssegers\\Mongodb\\Connection->createConnection('mongodb://127.0...', Array, Array)
#2 /home/abdoulaye/Bureau/Lumen/blog/vendor/jenssegers/mongodb/src/Jenssegers/Mongodb/MongodbServiceProvider.php(30): Jenssegers\\Mongodb\\Connection->__construct(Array)
#3 [internal function]: Jenssegers\\Mongodb\\MongodbServiceProvider->Jenssegers\\Mongodb\\{closure}(Array, 'mongodb')
#4 /home/abdoulaye/Bureau/Lumen/blog/vendor/illuminate/database/DatabaseManager.php(121): call_user_func(Object(Closure), Array, 'mongodb')
#5 /home/abdoulaye/Bureau/Lumen/blog/vendor/illuminate/database/DatabaseManager.php(86): Illuminate\\Database\\DatabaseManager->makeConnection('mongodb')
#6 /home/abdoulaye/Bureau/Lumen/blog/vendor/illuminate/database/Migrations/DatabaseMigrationRepository.php(199): Illuminate\\Database\\DatabaseManager->connection('mongodb')
#7 /home/abdoulaye/Bureau/Lumen/blog/vendor/illuminate/database/Migrations/DatabaseMigrationRepository.php(167): Illuminate\\Database\\Migrations\\DatabaseMigrationRepository->getConnection()
#8 /home/abdoulaye/Bureau/Lumen/blog/vendor/illuminate/database/Migrations/Migrator.php(585): Illuminate\\Database\\Migrations\\DatabaseMigrationRepository->repositoryExists()
#9 /home/abdoulaye/Bureau/Lumen/blog/vendor/illuminate/database/Console/Migrations/MigrateCommand.php(91): Illuminate\\Database\\Migrations\\Migrator->repositoryExists()
#10 /home/abdoulaye/Bureau/Lumen/blog/vendor/illuminate/database/Console/Migrations/MigrateCommand.php(63): Illuminate\\Database\\Console\\Migrations\\MigrateCommand->prepareDatabase()
#11 [internal function]: Illuminate\\Database\\Console\\Migrations\\MigrateCommand->handle()
#12 /home/abdoulaye/Bureau/Lumen/blog/vendor/illuminate/container/BoundMethod.php(32): call_user_func_array(Array, Array)
#13 /home/abdoulaye/Bureau/Lumen/blog/vendor/illuminate/support/helpers.php(520): Illuminate\\Container\\BoundMethod::Illuminate\\Container\\{closure}()
#14 /home/abdoulaye/Bureau/Lumen/blog/vendor/illuminate/container/BoundMethod.php(90): value(Object(Closure))
#15 /home/abdoulaye/Bureau/Lumen/blog/vendor/illuminate/container/BoundMethod.php(34): Illuminate\\Container\\BoundMethod::callBoundMethod(Object(Laravel\\Lumen\\Application), Array, Object(Closure))
#16 /home/abdoulaye/Bureau/Lumen/blog/vendor/illuminate/container/Container.php(591): Illuminate\\Container\\BoundMethod::call(Object(Laravel\\Lumen\\Application), Array, Array, NULL)
#17 /home/abdoulaye/Bureau/Lumen/blog/vendor/illuminate/console/Command.php(202): Illuminate\\Container\\Container->call(Array)
#18 /home/abdoulaye/Bureau/Lumen/blog/vendor/symfony/console/Command/Command.php(255): Illuminate\\Console\\Command->execute(Object(Symfony\\Component\\Console\\Input\\ArgvInput), Object(Illuminate\\Console\\OutputStyle))
#19 /home/abdoulaye/Bureau/Lumen/blog/vendor/illuminate/console/Command.php(189): Symfony\\Component\\Console\\Command\\Command->run(Object(Symfony\\Component\\Console\\Input\\ArgvInput), Object(Illuminate\\Console\\OutputStyle))
#20 /home/abdoulaye/Bureau/Lumen/blog/vendor/symfony/console/Application.php(934): Illuminate\\Console\\Command->run(Object(Symfony\\Component\\Console\\Input\\ArgvInput), Object(Symfony\\Component\\Console\\Output\\ConsoleOutput))
#21 /home/abdoulaye/Bureau/Lumen/blog/vendor/symfony/console/Application.php(273): Symfony\\Component\\Console\\Application->doRunCommand(Object(Illuminate\\Database\\Console\\Migrations\\MigrateCommand), Object(Symfony\\Component\\Console\\Input\\ArgvInput), Object(Symfony\\Component\\Console\\Output\\ConsoleOutput))
#22 /home/abdoulaye/Bureau/Lumen/blog/vendor/symfony/console/Application.php(149): Symfony\\Component\\Console\\Application->doRun(Object(Symfony\\Component\\Console\\Input\\ArgvInput), Object(Symfony\\Component\\Console\\Output\\ConsoleOutput))
#23 /home/abdoulaye/Bureau/Lumen/blog/vendor/illuminate/console/Application.php(90): Symfony\\Component\\Console\\Application->run(Object(Symfony\\Component\\Console\\Input\\ArgvInput), Object(Symfony\\Component\\Console\\Output\\ConsoleOutput))
#24 /home/abdoulaye/Bureau/Lumen/blog/vendor/laravel/lumen-framework/src/Console/Kernel.php(115): Illuminate\\Console\\Application->run(Object(Symfony\\Component\\Console\\Input\\ArgvInput), Object(Symfony\\Component\\Console\\Output\\ConsoleOutput))
#25 /home/abdoulaye/Bureau/Lumen/blog/artisan(35): Laravel\\Lumen\\Console\\Kernel->handle(Object(Symfony\\Component\\Console\\Input\\ArgvInput), Object(Symfony\\Component\\Console\\Output\\ConsoleOutput))
#26 {main}
"} 
