[2019-11-06 08:01:34] local.ERROR: ReflectionException: Class App\Http\Controllers\ArticleController does not exist in /home/abdoulaye/Bureau/Lumen/blog/vendor/illuminate/container/Container.php:804
Stack trace:
#0 /home/abdoulaye/Bureau/Lumen/blog/vendor/illuminate/container/Container.php(804): ReflectionClass->__construct('App\\Http\\Contro...')
#1 /home/abdoulaye/Bureau/Lumen/blog/vendor/illuminate/container/Container.php(682): Illuminate\Container\Container->build('App\\Http\\Contro...')
#2 /home/abdoulaye/Bureau/Lumen/blog/vendor/illuminate/container/Container.php(630): Illuminate\Container\Container->resolve('App\\Http\\Contro...', Array)
#3 /home/abdoulaye/Bureau/Lumen/blog/vendor/laravel/lumen-framework/src/Application.php(267): Illuminate\Container\Container->make('App\\Http\\Contro...', Array)
#4 /home/abdoulaye/Bureau/Lumen/blog/vendor/laravel/lumen-framework/src/Concerns/RoutesRequests.php(311): Laravel\Lumen\Application->make('App\\Http\\Contro...')
#5 /home/abdoulaye/Bureau/Lumen/blog/vendor/laravel/lumen-framework/src/Concerns/RoutesRequests.php(278): Laravel\Lumen\Application->callControllerAction(Array)
#6 /home/abdoulaye/Bureau/Lumen/blog/vendor/laravel/lumen-framework/src/Concerns/RoutesRequests.php(263): Laravel\Lumen\Application->callActionOnArrayBasedRoute(Array)
#7 /home/abdoulaye/Bureau/Lumen/blog/vendor/laravel/lumen-framework/src/Concerns/RoutesRequests.php(165): Laravel\Lumen\Application->handleFoundRoute(Array)
#8 /home/abdoulaye/Bureau/Lumen/blog/vendor/laravel/lumen-framework/src/Concerns/RoutesRequests.php(416): Laravel\Lumen\Application->Laravel\Lumen\Concerns\{closure}(Object(Laravel\Lumen\Http\Request))
#9 /home/abdoulaye/Bureau/Lumen/blog/vendor/laravel/lumen-framework/src/Concerns/RoutesRequests.php(171): Laravel\Lumen\Application->sendThroughPipeline(Array, Object(Closure))
#10 /home/abdoulaye/Bureau/Lumen/blog/vendor/laravel/lumen-framework/src/Concerns/RoutesRequests.php(108): Laravel\Lumen\Application->dispatch(NULL)
#11 /home/abdoulaye/Bureau/Lumen/blog/public/index.php(28): Laravel\Lumen\Application->run()
#12 {main}

Next Illuminate\Contracts\Container\BindingResolutionException: Target class [App\Http\Controllers\ArticleController] does not exist. in /home/abdoulaye/Bureau/Lumen/blog/vendor/illuminate/container/Container.php:806
Stack trace:
#0 /home/abdoulaye/Bureau/Lumen/blog/vendor/illuminate/container/Container.php(682): Illuminate\Container\Container->build('App\\Http\\Contro...')
#1 /home/abdoulaye/Bureau/Lumen/blog/vendor/illuminate/container/Container.php(630): Illuminate\Container\Container->resolve('App\\Http\\Contro...', Array)
#2 /home/abdoulaye/Bureau/Lumen/blog/vendor/laravel/lumen-framework/src/Application.php(267): Illuminate\Container\Container->make('App\\Http\\Contro...', Array)
#3 /home/abdoulaye/Bureau/Lumen/blog/vendor/laravel/lumen-framework/src/Concerns/RoutesRequests.php(311): Laravel\Lumen\Application->make('App\\Http\\Contro...')
#4 /home/abdoulaye/Bureau/Lumen/blog/vendor/laravel/lumen-framework/src/Concerns/RoutesRequests.php(278): Laravel\Lumen\Application->callControllerAction(Array)
#5 /home/abdoulaye/Bureau/Lumen/blog/vendor/laravel/lumen-framework/src/Concerns/RoutesRequests.php(263): Laravel\Lumen\Application->callActionOnArrayBasedRoute(Array)
#6 /home/abdoulaye/Bureau/Lumen/blog/vendor/laravel/lumen-framework/src/Concerns/RoutesRequests.php(165): Laravel\Lumen\Application->handleFoundRoute(Array)
#7 /home/abdoulaye/Bureau/Lumen/blog/vendor/laravel/lumen-framework/src/Concerns/RoutesRequests.php(416): Laravel\Lumen\Application->Laravel\Lumen\Concerns\{closure}(Object(Laravel\Lumen\Http\Request))
#8 /home/abdoulaye/Bureau/Lumen/blog/vendor/laravel/lumen-framework/src/Concerns/RoutesRequests.php(171): Laravel\Lumen\Application->sendThroughPipeline(Array, Object(Closure))
#9 /home/abdoulaye/Bureau/Lumen/blog/vendor/laravel/lumen-framework/src/Concerns/RoutesRequests.php(108): Laravel\Lumen\Application->dispatch(NULL)
#10 /home/abdoulaye/Bureau/Lumen/blog/public/index.php(28): Laravel\Lumen\Application->run()
#11 {main} {"exception":"[object] (Illuminate\\Contracts\\Container\\BindingResolutionException(code: 0): Target class [App\\Http\\Controllers\\ArticleController] does not exist. at /home/abdoulaye/Bureau/Lumen/blog/vendor/illuminate/container/Container.php:806)
[stacktrace]
#0 /home/abdoulaye/Bureau/Lumen/blog/vendor/illuminate/container/Container.php(682): Illuminate\\Container\\Container->build('App\\\\Http\\\\Contro...')
#1 /home/abdoulaye/Bureau/Lumen/blog/vendor/illuminate/container/Container.php(630): Illuminate\\Container\\Container->resolve('App\\\\Http\\\\Contro...', Array)
#2 /home/abdoulaye/Bureau/Lumen/blog/vendor/laravel/lumen-framework/src/Application.php(267): Illuminate\\Container\\Container->make('App\\\\Http\\\\Contro...', Array)
#3 /home/abdoulaye/Bureau/Lumen/blog/vendor/laravel/lumen-framework/src/Concerns/RoutesRequests.php(311): Laravel\\Lumen\\Application->make('App\\\\Http\\\\Contro...')
#4 /home/abdoulaye/Bureau/Lumen/blog/vendor/laravel/lumen-framework/src/Concerns/RoutesRequests.php(278): Laravel\\Lumen\\Application->callControllerAction(Array)
#5 /home/abdoulaye/Bureau/Lumen/blog/vendor/laravel/lumen-framework/src/Concerns/RoutesRequests.php(263): Laravel\\Lumen\\Application->callActionOnArrayBasedRoute(Array)
#6 /home/abdoulaye/Bureau/Lumen/blog/vendor/laravel/lumen-framework/src/Concerns/RoutesRequests.php(165): Laravel\\Lumen\\Application->handleFoundRoute(Array)
#7 /home/abdoulaye/Bureau/Lumen/blog/vendor/laravel/lumen-framework/src/Concerns/RoutesRequests.php(416): Laravel\\Lumen\\Application->Laravel\\Lumen\\Concerns\\{closure}(Object(Laravel\\Lumen\\Http\\Request))
#8 /home/abdoulaye/Bureau/Lumen/blog/vendor/laravel/lumen-framework/src/Concerns/RoutesRequests.php(171): Laravel\\Lumen\\Application->sendThroughPipeline(Array, Object(Closure))
#9 /home/abdoulaye/Bureau/Lumen/blog/vendor/laravel/lumen-framework/src/Concerns/RoutesRequests.php(108): Laravel\\Lumen\\Application->dispatch(NULL)
#10 /home/abdoulaye/Bureau/Lumen/blog/public/index.php(28): Laravel\\Lumen\\Application->run()
#11 {main}

[previous exception] [object] (ReflectionException(code: -1): Class App\\Http\\Controllers\\ArticleController does not exist at /home/abdoulaye/Bureau/Lumen/blog/vendor/illuminate/container/Container.php:804)
[stacktrace]
#0 /home/abdoulaye/Bureau/Lumen/blog/vendor/illuminate/container/Container.php(804): ReflectionClass->__construct('App\\\\Http\\\\Contro...')
#1 /home/abdoulaye/Bureau/Lumen/blog/vendor/illuminate/container/Container.php(682): Illuminate\\Container\\Container->build('App\\\\Http\\\\Contro...')
#2 /home/abdoulaye/Bureau/Lumen/blog/vendor/illuminate/container/Container.php(630): Illuminate\\Container\\Container->resolve('App\\\\Http\\\\Contro...', Array)
#3 /home/abdoulaye/Bureau/Lumen/blog/vendor/laravel/lumen-framework/src/Application.php(267): Illuminate\\Container\\Container->make('App\\\\Http\\\\Contro...', Array)
#4 /home/abdoulaye/Bureau/Lumen/blog/vendor/laravel/lumen-framework/src/Concerns/RoutesRequests.php(311): Laravel\\Lumen\\Application->make('App\\\\Http\\\\Contro...')
#5 /home/abdoulaye/Bureau/Lumen/blog/vendor/laravel/lumen-framework/src/Concerns/RoutesRequests.php(278): Laravel\\Lumen\\Application->callControllerAction(Array)
#6 /home/abdoulaye/Bureau/Lumen/blog/vendor/laravel/lumen-framework/src/Concerns/RoutesRequests.php(263): Laravel\\Lumen\\Application->callActionOnArrayBasedRoute(Array)
#7 /home/abdoulaye/Bureau/Lumen/blog/vendor/laravel/lumen-framework/src/Concerns/RoutesRequests.php(165): Laravel\\Lumen\\Application->handleFoundRoute(Array)
#8 /home/abdoulaye/Bureau/Lumen/blog/vendor/laravel/lumen-framework/src/Concerns/RoutesRequests.php(416): Laravel\\Lumen\\Application->Laravel\\Lumen\\Concerns\\{closure}(Object(Laravel\\Lumen\\Http\\Request))
#9 /home/abdoulaye/Bureau/Lumen/blog/vendor/laravel/lumen-framework/src/Concerns/RoutesRequests.php(171): Laravel\\Lumen\\Application->sendThroughPipeline(Array, Object(Closure))
#10 /home/abdoulaye/Bureau/Lumen/blog/vendor/laravel/lumen-framework/src/Concerns/RoutesRequests.php(108): Laravel\\Lumen\\Application->dispatch(NULL)
#11 /home/abdoulaye/Bureau/Lumen/blog/public/index.php(28): Laravel\\Lumen\\Application->run()
#12 {main}
"} 
[2019-11-06 09:04:22] local.ERROR: Symfony\Component\Debug\Exception\FatalThrowableError: Call to a member function connection() on null in /home/abdoulaye/Bureau/Lumen/blog/vendor/illuminate/database/Eloquent/Model.php:1253
Stack trace:
#0 /home/abdoulaye/Bureau/Lumen/blog/vendor/illuminate/database/Eloquent/Model.php(1219): Illuminate\Database\Eloquent\Model::resolveConnection(NULL)
#1 /home/abdoulaye/Bureau/Lumen/blog/vendor/illuminate/database/Eloquent/Model.php(1051): Illuminate\Database\Eloquent\Model->getConnection()
#2 /home/abdoulaye/Bureau/Lumen/blog/vendor/illuminate/database/Eloquent/Model.php(968): Illuminate\Database\Eloquent\Model->newBaseQueryBuilder()
#3 /home/abdoulaye/Bureau/Lumen/blog/vendor/illuminate/database/Eloquent/Model.php(1004): Illuminate\Database\Eloquent\Model->newModelQuery()
#4 /home/abdoulaye/Bureau/Lumen/blog/vendor/illuminate/database/Eloquent/Model.php(957): Illuminate\Database\Eloquent\Model->newQueryWithoutScopes()
#5 /home/abdoulaye/Bureau/Lumen/blog/vendor/illuminate/database/Eloquent/Model.php(947): Illuminate\Database\Eloquent\Model->newQuery()
#6 /home/abdoulaye/Bureau/Lumen/blog/vendor/illuminate/database/Eloquent/Model.php(461): Illuminate\Database\Eloquent\Model::query()
#7 /home/abdoulaye/Bureau/Lumen/blog/app/Http/Controllers/ArticleController.php(21): Illuminate\Database\Eloquent\Model::all()
#8 [internal function]: App\Http\Controllers\ArticleController->showAllArticles()
#9 /home/abdoulaye/Bureau/Lumen/blog/vendor/illuminate/container/BoundMethod.php(32): call_user_func_array(Array, Array)
#10 /home/abdoulaye/Bureau/Lumen/blog/vendor/illuminate/support/helpers.php(520): Illuminate\Container\BoundMethod::Illuminate\Container\{closure}()
#11 /home/abdoulaye/Bureau/Lumen/blog/vendor/illuminate/container/BoundMethod.php(90): value(Object(Closure))
#12 /home/abdoulaye/Bureau/Lumen/blog/vendor/illuminate/container/BoundMethod.php(34): Illuminate\Container\BoundMethod::callBoundMethod(Object(Laravel\Lumen\Application), Array, Object(Closure))
#13 /home/abdoulaye/Bureau/Lumen/blog/vendor/illuminate/container/Container.php(591): Illuminate\Container\BoundMethod::call(Object(Laravel\Lumen\Application), Array, Array, NULL)
#14 /home/abdoulaye/Bureau/Lumen/blog/vendor/laravel/lumen-framework/src/Concerns/RoutesRequests.php(376): Illuminate\Container\Container->call(Array, Array)
#15 /home/abdoulaye/Bureau/Lumen/blog/vendor/laravel/lumen-framework/src/Concerns/RoutesRequests.php(342): Laravel\Lumen\Application->callControllerCallable(Array, Array)
#16 /home/abdoulaye/Bureau/Lumen/blog/vendor/laravel/lumen-framework/src/Concerns/RoutesRequests.php(316): Laravel\Lumen\Application->callLumenController(Object(App\Http\Controllers\ArticleController), 'showAllArticles', Array)
#17 /home/abdoulaye/Bureau/Lumen/blog/vendor/laravel/lumen-framework/src/Concerns/RoutesRequests.php(278): Laravel\Lumen\Application->callControllerAction(Array)
#18 /home/abdoulaye/Bureau/Lumen/blog/vendor/laravel/lumen-framework/src/Concerns/RoutesRequests.php(263): Laravel\Lumen\Application->callActionOnArrayBasedRoute(Array)
#19 /home/abdoulaye/Bureau/Lumen/blog/vendor/laravel/lumen-framework/src/Concerns/RoutesRequests.php(165): Laravel\Lumen\Application->handleFoundRoute(Array)
#20 /home/abdoulaye/Bureau/Lumen/blog/vendor/laravel/lumen-framework/src/Concerns/RoutesRequests.php(416): Laravel\Lumen\Application->Laravel\Lumen\Concerns\{closure}(Object(Laravel\Lumen\Http\Request))
#21 /home/abdoulaye/Bureau/Lumen/blog/vendor/laravel/lumen-framework/src/Concerns/RoutesRequests.php(171): Laravel\Lumen\Application->sendThroughPipeline(Array, Object(Closure))
#22 /home/abdoulaye/Bureau/Lumen/blog/vendor/laravel/lumen-framework/src/Concerns/RoutesRequests.php(108): Laravel\Lumen\Application->dispatch(NULL)
#23 /home/abdoulaye/Bureau/Lumen/blog/public/index.php(28): Laravel\Lumen\Application->run()
#24 {main} {"exception":"[object] (Symfony\\Component\\Debug\\Exception\\FatalThrowableError(code: 0): Call to a member function connection() on null at /home/abdoulaye/Bureau/Lumen/blog/vendor/illuminate/database/Eloquent/Model.php:1253)
[stacktrace]
#0 /home/abdoulaye/Bureau/Lumen/blog/vendor/illuminate/database/Eloquent/Model.php(1219): Illuminate\\Database\\Eloquent\\Model::resolveConnection(NULL)
#1 /home/abdoulaye/Bureau/Lumen/blog/vendor/illuminate/database/Eloquent/Model.php(1051): Illuminate\\Database\\Eloquent\\Model->getConnection()
#2 /home/abdoulaye/Bureau/Lumen/blog/vendor/illuminate/database/Eloquent/Model.php(968): Illuminate\\Database\\Eloquent\\Model->newBaseQueryBuilder()
#3 /home/abdoulaye/Bureau/Lumen/blog/vendor/illuminate/database/Eloquent/Model.php(1004): Illuminate\\Database\\Eloquent\\Model->newModelQuery()
#4 /home/abdoulaye/Bureau/Lumen/blog/vendor/illuminate/database/Eloquent/Model.php(957): Illuminate\\Database\\Eloquent\\Model->newQueryWithoutScopes()
#5 /home/abdoulaye/Bureau/Lumen/blog/vendor/illuminate/database/Eloquent/Model.php(947): Illuminate\\Database\\Eloquent\\Model->newQuery()
#6 /home/abdoulaye/Bureau/Lumen/blog/vendor/illuminate/database/Eloquent/Model.php(461): Illuminate\\Database\\Eloquent\\Model::query()
#7 /home/abdoulaye/Bureau/Lumen/blog/app/Http/Controllers/ArticleController.php(21): Illuminate\\Database\\Eloquent\\Model::all()
#8 [internal function]: App\\Http\\Controllers\\ArticleController->showAllArticles()
#9 /home/abdoulaye/Bureau/Lumen/blog/vendor/illuminate/container/BoundMethod.php(32): call_user_func_array(Array, Array)
#10 /home/abdoulaye/Bureau/Lumen/blog/vendor/illuminate/support/helpers.php(520): Illuminate\\Container\\BoundMethod::Illuminate\\Container\\{closure}()
#11 /home/abdoulaye/Bureau/Lumen/blog/vendor/illuminate/container/BoundMethod.php(90): value(Object(Closure))
#12 /home/abdoulaye/Bureau/Lumen/blog/vendor/illuminate/container/BoundMethod.php(34): Illuminate\\Container\\BoundMethod::callBoundMethod(Object(Laravel\\Lumen\\Application), Array, Object(Closure))
#13 /home/abdoulaye/Bureau/Lumen/blog/vendor/illuminate/container/Container.php(591): Illuminate\\Container\\BoundMethod::call(Object(Laravel\\Lumen\\Application), Array, Array, NULL)
#14 /home/abdoulaye/Bureau/Lumen/blog/vendor/laravel/lumen-framework/src/Concerns/RoutesRequests.php(376): Illuminate\\Container\\Container->call(Array, Array)
#15 /home/abdoulaye/Bureau/Lumen/blog/vendor/laravel/lumen-framework/src/Concerns/RoutesRequests.php(342): Laravel\\Lumen\\Application->callControllerCallable(Array, Array)
#16 /home/abdoulaye/Bureau/Lumen/blog/vendor/laravel/lumen-framework/src/Concerns/RoutesRequests.php(316): Laravel\\Lumen\\Application->callLumenController(Object(App\\Http\\Controllers\\ArticleController), 'showAllArticles', Array)
#17 /home/abdoulaye/Bureau/Lumen/blog/vendor/laravel/lumen-framework/src/Concerns/RoutesRequests.php(278): Laravel\\Lumen\\Application->callControllerAction(Array)
#18 /home/abdoulaye/Bureau/Lumen/blog/vendor/laravel/lumen-framework/src/Concerns/RoutesRequests.php(263): Laravel\\Lumen\\Application->callActionOnArrayBasedRoute(Array)
#19 /home/abdoulaye/Bureau/Lumen/blog/vendor/laravel/lumen-framework/src/Concerns/RoutesRequests.php(165): Laravel\\Lumen\\Application->handleFoundRoute(Array)
#20 /home/abdoulaye/Bureau/Lumen/blog/vendor/laravel/lumen-framework/src/Concerns/RoutesRequests.php(416): Laravel\\Lumen\\Application->Laravel\\Lumen\\Concerns\\{closure}(Object(Laravel\\Lumen\\Http\\Request))
#21 /home/abdoulaye/Bureau/Lumen/blog/vendor/laravel/lumen-framework/src/Concerns/RoutesRequests.php(171): Laravel\\Lumen\\Application->sendThroughPipeline(Array, Object(Closure))
#22 /home/abdoulaye/Bureau/Lumen/blog/vendor/laravel/lumen-framework/src/Concerns/RoutesRequests.php(108): Laravel\\Lumen\\Application->dispatch(NULL)
#23 /home/abdoulaye/Bureau/Lumen/blog/public/index.php(28): Laravel\\Lumen\\Application->run()
#24 {main}
"} 
